<<<<<<< HEAD
<testsuites id="" name="" tests="18" failures="18" skipped="0" errors="0" time="572.941779">
<testsuite name="playwright-dre-interface.test.ts" timestamp="2025-08-08T15:36:51.732Z" hostname="DRE-Desktop-Chrome" tests="6" failures="6" skipped="0" time="360.702" errors="0">
<testcase name="ğŸ§ª DRE Tax Deductions Interface Tests â€º ğŸ” Bug 1: Testar tab Mensal - Valor zerado na tabela" classname="playwright-dre-interface.test.ts" time="61.342">
<failure message="playwright-dre-interface.test.ts:192:7 ğŸ” Bug 1: Testar tab Mensal - Valor zerado na tabela" type="FAILURE">
<![CDATA[  [DRE-Desktop-Chrome] â€º playwright-dre-interface.test.ts:192:7 â€º ğŸ§ª DRE Tax Deductions Interface Tests â€º ğŸ” Bug 1: Testar tab Mensal - Valor zerado na tabela 

    TimeoutError: page.waitForSelector: Timeout 15000ms exceeded.
    Call log:
      - waiting for locator('[data-testid="dre-table"], .dre-table, table') to be visible


      48 | const waitForDREDataLoad = async (page: Page) => {
      49 |   // Aguardar elementos do DRE carregar
    > 50 |   await page.waitForSelector('[data-testid="dre-table"], .dre-table, table', { timeout: 15000 });
         |              ^
      51 |   await page.waitForTimeout(2000); // Aguardar estabilizar
      52 |   console.log('âœ… Dados do DRE carregados');
      53 | };
        at waitForDREDataLoad (C:\federal-clone\federal-novo-main\__tests__\playwright-dre-interface.test.ts:50:14)
        at C:\federal-clone\federal-novo-main\__tests__\playwright-dre-interface.test.ts:189:11

    attachment #1: screenshot (image/png) â”€â”€â”€â”€â”€â”€â”€â”€â”€â”€â”€â”€â”€â”€â”€â”€â”€â”€â”€â”€â”€â”€â”€â”€â”€â”€â”€â”€â”€â”€â”€â”€â”€â”€â”€â”€â”€â”€â”€â”€â”€â”€â”€â”€â”€â”€â”€â”€â”€â”€â”€â”€â”€â”€â”€â”€â”€â”€
    test-results\artifacts\playwright-dre-interface-ï¿½-1e805-al---Valor-zerado-na-tabela-DRE-Desktop-Chrome\test-failed-1.png
    â”€â”€â”€â”€â”€â”€â”€â”€â”€â”€â”€â”€â”€â”€â”€â”€â”€â”€â”€â”€â”€â”€â”€â”€â”€â”€â”€â”€â”€â”€â”€â”€â”€â”€â”€â”€â”€â”€â”€â”€â”€â”€â”€â”€â”€â”€â”€â”€â”€â”€â”€â”€â”€â”€â”€â”€â”€â”€â”€â”€â”€â”€â”€â”€â”€â”€â”€â”€â”€â”€â”€â”€â”€â”€â”€â”€â”€â”€â”€â”€â”€â”€â”€â”€â”€â”€â”€â”€â”€â”€â”€â”€â”€â”€â”€â”€

    attachment #2: video (video/webm) â”€â”€â”€â”€â”€â”€â”€â”€â”€â”€â”€â”€â”€â”€â”€â”€â”€â”€â”€â”€â”€â”€â”€â”€â”€â”€â”€â”€â”€â”€â”€â”€â”€â”€â”€â”€â”€â”€â”€â”€â”€â”€â”€â”€â”€â”€â”€â”€â”€â”€â”€â”€â”€â”€â”€â”€â”€â”€â”€â”€â”€â”€
    test-results\artifacts\playwright-dre-interface-ï¿½-1e805-al---Valor-zerado-na-tabela-DRE-Desktop-Chrome\video.webm
    â”€â”€â”€â”€â”€â”€â”€â”€â”€â”€â”€â”€â”€â”€â”€â”€â”€â”€â”€â”€â”€â”€â”€â”€â”€â”€â”€â”€â”€â”€â”€â”€â”€â”€â”€â”€â”€â”€â”€â”€â”€â”€â”€â”€â”€â”€â”€â”€â”€â”€â”€â”€â”€â”€â”€â”€â”€â”€â”€â”€â”€â”€â”€â”€â”€â”€â”€â”€â”€â”€â”€â”€â”€â”€â”€â”€â”€â”€â”€â”€â”€â”€â”€â”€â”€â”€â”€â”€â”€â”€â”€â”€â”€â”€â”€â”€

    Error Context: ..\test-results\artifacts\playwright-dre-interface-ï¿½-1e805-al---Valor-zerado-na-tabela-DRE-Desktop-Chrome\error-context.md

    attachment #4: trace (application/zip) â”€â”€â”€â”€â”€â”€â”€â”€â”€â”€â”€â”€â”€â”€â”€â”€â”€â”€â”€â”€â”€â”€â”€â”€â”€â”€â”€â”€â”€â”€â”€â”€â”€â”€â”€â”€â”€â”€â”€â”€â”€â”€â”€â”€â”€â”€â”€â”€â”€â”€â”€â”€â”€â”€â”€â”€â”€
=======
<testsuites id="" name="" tests="18" failures="18" skipped="0" errors="0" time="26.045065">
<testsuite name="playwright-dre-interface.test.ts" timestamp="2025-08-08T16:01:17.476Z" hostname="DRE-Desktop-Chrome" tests="6" failures="6" skipped="0" time="0.03" errors="0">
<testcase name="ğŸ§ª DRE Tax Deductions Interface Tests â€º ğŸ” Bug 1: Testar tab Mensal - Valor zerado na tabela" classname="playwright-dre-interface.test.ts" time="0.005">
<failure message="playwright-dre-interface.test.ts:208:7 ğŸ” Bug 1: Testar tab Mensal - Valor zerado na tabela" type="FAILURE">
<![CDATA[  [DRE-Desktop-Chrome] â€º playwright-dre-interface.test.ts:208:7 â€º ğŸ§ª DRE Tax Deductions Interface Tests â€º ğŸ” Bug 1: Testar tab Mensal - Valor zerado na tabela 

    Error: browserType.launch: Executable doesn't exist at C:\Users\rafaf\AppData\Local\ms-playwright\chromium_headless_shell-1178\chrome-win\headless_shell.exe
    â•”â•â•â•â•â•â•â•â•â•â•â•â•â•â•â•â•â•â•â•â•â•â•â•â•â•â•â•â•â•â•â•â•â•â•â•â•â•â•â•â•â•â•â•â•â•â•â•â•â•â•â•â•â•â•â•â•â•â•â•â•â•â•â•â•â•â•â•â•â•â•â•â•â•â•—
    â•‘ Looks like Playwright Test or Playwright was just installed or updated. â•‘
    â•‘ Please run the following command to download new browsers:              â•‘
    â•‘                                                                         â•‘
    â•‘     npx playwright install                                              â•‘
    â•‘                                                                         â•‘
    â•‘ <3 Playwright Team                                                      â•‘
    â•šâ•â•â•â•â•â•â•â•â•â•â•â•â•â•â•â•â•â•â•â•â•â•â•â•â•â•â•â•â•â•â•â•â•â•â•â•â•â•â•â•â•â•â•â•â•â•â•â•â•â•â•â•â•â•â•â•â•â•â•â•â•â•â•â•â•â•â•â•â•â•â•â•â•â•

    attachment #1: trace (application/zip) â”€â”€â”€â”€â”€â”€â”€â”€â”€â”€â”€â”€â”€â”€â”€â”€â”€â”€â”€â”€â”€â”€â”€â”€â”€â”€â”€â”€â”€â”€â”€â”€â”€â”€â”€â”€â”€â”€â”€â”€â”€â”€â”€â”€â”€â”€â”€â”€â”€â”€â”€â”€â”€â”€â”€â”€â”€
>>>>>>> c10fed3e5432c01cfc3035d31d7049d1407e7bed
    test-results\artifacts\playwright-dre-interface-ï¿½-1e805-al---Valor-zerado-na-tabela-DRE-Desktop-Chrome\trace.zip
    Usage:

        npx playwright show-trace test-results\artifacts\playwright-dre-interface-ï¿½-1e805-al---Valor-zerado-na-tabela-DRE-Desktop-Chrome\trace.zip

    â”€â”€â”€â”€â”€â”€â”€â”€â”€â”€â”€â”€â”€â”€â”€â”€â”€â”€â”€â”€â”€â”€â”€â”€â”€â”€â”€â”€â”€â”€â”€â”€â”€â”€â”€â”€â”€â”€â”€â”€â”€â”€â”€â”€â”€â”€â”€â”€â”€â”€â”€â”€â”€â”€â”€â”€â”€â”€â”€â”€â”€â”€â”€â”€â”€â”€â”€â”€â”€â”€â”€â”€â”€â”€â”€â”€â”€â”€â”€â”€â”€â”€â”€â”€â”€â”€â”€â”€â”€â”€â”€â”€â”€â”€â”€â”€

    Retry #1 â”€â”€â”€â”€â”€â”€â”€â”€â”€â”€â”€â”€â”€â”€â”€â”€â”€â”€â”€â”€â”€â”€â”€â”€â”€â”€â”€â”€â”€â”€â”€â”€â”€â”€â”€â”€â”€â”€â”€â”€â”€â”€â”€â”€â”€â”€â”€â”€â”€â”€â”€â”€â”€â”€â”€â”€â”€â”€â”€â”€â”€â”€â”€â”€â”€â”€â”€â”€â”€â”€â”€â”€â”€â”€â”€â”€â”€â”€â”€â”€â”€â”€â”€â”€â”€â”€â”€

<<<<<<< HEAD
    TimeoutError: page.waitForURL: Timeout 15000ms exceeded.
    =========================== logs ===========================
    waiting for navigation to "**/dre" until "load"
    ============================================================

      34 |       
      35 |       // Aguardar redirecionamento
    > 36 |       await page.waitForURL('**/dre', { timeout: 15000 });
         |                  ^
      37 |     }
      38 |     
      39 |     // Verificar se estÃ¡ na pÃ¡gina DRE
        at loginIfNeeded (C:\federal-clone\federal-novo-main\__tests__\playwright-dre-interface.test.ts:36:18)
        at C:\federal-clone\federal-novo-main\__tests__\playwright-dre-interface.test.ts:188:5

    attachment #1: screenshot (image/png) â”€â”€â”€â”€â”€â”€â”€â”€â”€â”€â”€â”€â”€â”€â”€â”€â”€â”€â”€â”€â”€â”€â”€â”€â”€â”€â”€â”€â”€â”€â”€â”€â”€â”€â”€â”€â”€â”€â”€â”€â”€â”€â”€â”€â”€â”€â”€â”€â”€â”€â”€â”€â”€â”€â”€â”€â”€â”€
    test-results\artifacts\playwright-dre-interface-ï¿½-1e805-al---Valor-zerado-na-tabela-DRE-Desktop-Chrome-retry1\test-failed-1.png
    â”€â”€â”€â”€â”€â”€â”€â”€â”€â”€â”€â”€â”€â”€â”€â”€â”€â”€â”€â”€â”€â”€â”€â”€â”€â”€â”€â”€â”€â”€â”€â”€â”€â”€â”€â”€â”€â”€â”€â”€â”€â”€â”€â”€â”€â”€â”€â”€â”€â”€â”€â”€â”€â”€â”€â”€â”€â”€â”€â”€â”€â”€â”€â”€â”€â”€â”€â”€â”€â”€â”€â”€â”€â”€â”€â”€â”€â”€â”€â”€â”€â”€â”€â”€â”€â”€â”€â”€â”€â”€â”€â”€â”€â”€â”€â”€

    attachment #2: video (video/webm) â”€â”€â”€â”€â”€â”€â”€â”€â”€â”€â”€â”€â”€â”€â”€â”€â”€â”€â”€â”€â”€â”€â”€â”€â”€â”€â”€â”€â”€â”€â”€â”€â”€â”€â”€â”€â”€â”€â”€â”€â”€â”€â”€â”€â”€â”€â”€â”€â”€â”€â”€â”€â”€â”€â”€â”€â”€â”€â”€â”€â”€â”€
    test-results\artifacts\playwright-dre-interface-ï¿½-1e805-al---Valor-zerado-na-tabela-DRE-Desktop-Chrome-retry1\video.webm
    â”€â”€â”€â”€â”€â”€â”€â”€â”€â”€â”€â”€â”€â”€â”€â”€â”€â”€â”€â”€â”€â”€â”€â”€â”€â”€â”€â”€â”€â”€â”€â”€â”€â”€â”€â”€â”€â”€â”€â”€â”€â”€â”€â”€â”€â”€â”€â”€â”€â”€â”€â”€â”€â”€â”€â”€â”€â”€â”€â”€â”€â”€â”€â”€â”€â”€â”€â”€â”€â”€â”€â”€â”€â”€â”€â”€â”€â”€â”€â”€â”€â”€â”€â”€â”€â”€â”€â”€â”€â”€â”€â”€â”€â”€â”€â”€

    Error Context: ..\test-results\artifacts\playwright-dre-interface-ï¿½-1e805-al---Valor-zerado-na-tabela-DRE-Desktop-Chrome-retry1\error-context.md

    attachment #4: trace (application/zip) â”€â”€â”€â”€â”€â”€â”€â”€â”€â”€â”€â”€â”€â”€â”€â”€â”€â”€â”€â”€â”€â”€â”€â”€â”€â”€â”€â”€â”€â”€â”€â”€â”€â”€â”€â”€â”€â”€â”€â”€â”€â”€â”€â”€â”€â”€â”€â”€â”€â”€â”€â”€â”€â”€â”€â”€â”€
=======
    Error: browserType.launch: Executable doesn't exist at C:\Users\rafaf\AppData\Local\ms-playwright\chromium_headless_shell-1178\chrome-win\headless_shell.exe
    â•”â•â•â•â•â•â•â•â•â•â•â•â•â•â•â•â•â•â•â•â•â•â•â•â•â•â•â•â•â•â•â•â•â•â•â•â•â•â•â•â•â•â•â•â•â•â•â•â•â•â•â•â•â•â•â•â•â•â•â•â•â•â•â•â•â•â•â•â•â•â•â•â•â•â•—
    â•‘ Looks like Playwright Test or Playwright was just installed or updated. â•‘
    â•‘ Please run the following command to download new browsers:              â•‘
    â•‘                                                                         â•‘
    â•‘     npx playwright install                                              â•‘
    â•‘                                                                         â•‘
    â•‘ <3 Playwright Team                                                      â•‘
    â•šâ•â•â•â•â•â•â•â•â•â•â•â•â•â•â•â•â•â•â•â•â•â•â•â•â•â•â•â•â•â•â•â•â•â•â•â•â•â•â•â•â•â•â•â•â•â•â•â•â•â•â•â•â•â•â•â•â•â•â•â•â•â•â•â•â•â•â•â•â•â•â•â•â•â•

    attachment #1: trace (application/zip) â”€â”€â”€â”€â”€â”€â”€â”€â”€â”€â”€â”€â”€â”€â”€â”€â”€â”€â”€â”€â”€â”€â”€â”€â”€â”€â”€â”€â”€â”€â”€â”€â”€â”€â”€â”€â”€â”€â”€â”€â”€â”€â”€â”€â”€â”€â”€â”€â”€â”€â”€â”€â”€â”€â”€â”€â”€
>>>>>>> c10fed3e5432c01cfc3035d31d7049d1407e7bed
    test-results\artifacts\playwright-dre-interface-ï¿½-1e805-al---Valor-zerado-na-tabela-DRE-Desktop-Chrome-retry1\trace.zip
    Usage:

        npx playwright show-trace test-results\artifacts\playwright-dre-interface-ï¿½-1e805-al---Valor-zerado-na-tabela-DRE-Desktop-Chrome-retry1\trace.zip

    â”€â”€â”€â”€â”€â”€â”€â”€â”€â”€â”€â”€â”€â”€â”€â”€â”€â”€â”€â”€â”€â”€â”€â”€â”€â”€â”€â”€â”€â”€â”€â”€â”€â”€â”€â”€â”€â”€â”€â”€â”€â”€â”€â”€â”€â”€â”€â”€â”€â”€â”€â”€â”€â”€â”€â”€â”€â”€â”€â”€â”€â”€â”€â”€â”€â”€â”€â”€â”€â”€â”€â”€â”€â”€â”€â”€â”€â”€â”€â”€â”€â”€â”€â”€â”€â”€â”€â”€â”€â”€â”€â”€â”€â”€â”€â”€
]]>
</failure>
<system-out>
<<<<<<< HEAD
<![CDATA[âœ… Autenticado e na pÃ¡gina DRE

[[ATTACHMENT|artifacts\playwright-dre-interface-ï¿½-1e805-al---Valor-zerado-na-tabela-DRE-Desktop-Chrome\test-failed-1.png]]

[[ATTACHMENT|artifacts\playwright-dre-interface-ï¿½-1e805-al---Valor-zerado-na-tabela-DRE-Desktop-Chrome\video.webm]]

[[ATTACHMENT|artifacts\playwright-dre-interface-ï¿½-1e805-al---Valor-zerado-na-tabela-DRE-Desktop-Chrome\error-context.md]]

[[ATTACHMENT|artifacts\playwright-dre-interface-ï¿½-1e805-al---Valor-zerado-na-tabela-DRE-Desktop-Chrome\trace.zip]]
ğŸ” Login necessÃ¡rio, fazendo autenticaÃ§Ã£o...

[[ATTACHMENT|artifacts\playwright-dre-interface-ï¿½-1e805-al---Valor-zerado-na-tabela-DRE-Desktop-Chrome-retry1\test-failed-1.png]]

[[ATTACHMENT|artifacts\playwright-dre-interface-ï¿½-1e805-al---Valor-zerado-na-tabela-DRE-Desktop-Chrome-retry1\video.webm]]

[[ATTACHMENT|artifacts\playwright-dre-interface-ï¿½-1e805-al---Valor-zerado-na-tabela-DRE-Desktop-Chrome-retry1\error-context.md]]
=======
<![CDATA[
[[ATTACHMENT|artifacts\playwright-dre-interface-ï¿½-1e805-al---Valor-zerado-na-tabela-DRE-Desktop-Chrome\trace.zip]]
>>>>>>> c10fed3e5432c01cfc3035d31d7049d1407e7bed

[[ATTACHMENT|artifacts\playwright-dre-interface-ï¿½-1e805-al---Valor-zerado-na-tabela-DRE-Desktop-Chrome-retry1\trace.zip]]
]]>
</system-out>
<<<<<<< HEAD
<system-err>
<![CDATA[âŒ Erro na autenticaÃ§Ã£o: page.waitForURL: Timeout 15000ms exceeded.
=========================== logs ===========================
waiting for navigation to "**/dre" until "load"
============================================================
    at loginIfNeeded [90m(C:\federal-clone\federal-novo-main\[39m__tests__\playwright-dre-interface.test.ts:36:18[90m)[39m
    at [90mC:\federal-clone\federal-novo-main\[39m__tests__\playwright-dre-interface.test.ts:188:5 {
  name: [32m'TimeoutError'[39m,
  [[32mSymbol(step)[39m]: {
    stepId: [32m'pw:api@14'[39m,
    location: {
      file: [32m'C:\\federal-clone\\federal-novo-main\\__tests__\\playwright-dre-interface.test.ts'[39m,
      line: [33m36[39m,
      column: [33m18[39m,
      function: [32m'loginIfNeeded'[39m
    },
    category: [32m'pw:api'[39m,
    title: [32m'Wait for navigation'[39m,
    apiName: [32m'page.waitForURL'[39m,
    params: { info: [36m[Object][39m },
    boxedStack: [90mundefined[39m,
    steps: [],
    attachmentIndices: [],
    info: TestStepInfoImpl {
      annotations: [],
      _testInfo: [36m[TestInfoImpl][39m,
      _stepId: [32m'pw:api@14'[39m
    },
    complete: [36m[Function: complete][39m,
    endWallTime: [33m1754667479989[39m,
    error: {
      message: [32m'TimeoutError: page.waitForURL: Timeout 15000ms exceeded.\n'[39m +
        [32m'=========================== logs ===========================\n'[39m +
        [32m'waiting for navigation to "**/dre" until "load"\n'[39m +
        [32m'============================================================'[39m,
      stack: [32m'TimeoutError: page.waitForURL: Timeout 15000ms exceeded.\n'[39m +
        [32m'=========================== logs ===========================\n'[39m +
        [32m'waiting for navigation to "**/dre" until "load"\n'[39m +
        [32m'============================================================\n'[39m +
        [32m'    at loginIfNeeded (C:\\federal-clone\\federal-novo-main\\__tests__\\playwright-dre-interface.test.ts:36:18)\n'[39m +
        [32m'    at C:\\federal-clone\\federal-novo-main\\__tests__\\playwright-dre-interface.test.ts:188:5'[39m,
      cause: [90mundefined[39m
    }
  }
}
]]>
</system-err>
</testcase>
<testcase name="ğŸ§ª DRE Tax Deductions Interface Tests â€º ğŸ” Bug 2: Testar tab Trimestral - Valor incorreto (23.333.333)" classname="playwright-dre-interface.test.ts" time="61.776">
<failure message="playwright-dre-interface.test.ts:241:7 ğŸ” Bug 2: Testar tab Trimestral - Valor incorreto (23.333.333)" type="FAILURE">
<![CDATA[  [DRE-Desktop-Chrome] â€º playwright-dre-interface.test.ts:241:7 â€º ğŸ§ª DRE Tax Deductions Interface Tests â€º ğŸ” Bug 2: Testar tab Trimestral - Valor incorreto (23.333.333) 

    TimeoutError: page.waitForURL: Timeout 15000ms exceeded.
    =========================== logs ===========================
    waiting for navigation to "**/dre" until "load"
    ============================================================

      34 |       
      35 |       // Aguardar redirecionamento
    > 36 |       await page.waitForURL('**/dre', { timeout: 15000 });
         |                  ^
      37 |     }
      38 |     
      39 |     // Verificar se estÃ¡ na pÃ¡gina DRE
        at loginIfNeeded (C:\federal-clone\federal-novo-main\__tests__\playwright-dre-interface.test.ts:36:18)
        at C:\federal-clone\federal-novo-main\__tests__\playwright-dre-interface.test.ts:188:5

    attachment #1: screenshot (image/png) â”€â”€â”€â”€â”€â”€â”€â”€â”€â”€â”€â”€â”€â”€â”€â”€â”€â”€â”€â”€â”€â”€â”€â”€â”€â”€â”€â”€â”€â”€â”€â”€â”€â”€â”€â”€â”€â”€â”€â”€â”€â”€â”€â”€â”€â”€â”€â”€â”€â”€â”€â”€â”€â”€â”€â”€â”€â”€
    test-results\artifacts\playwright-dre-interface-ï¿½-fdd79-Valor-incorreto-23-333-333--DRE-Desktop-Chrome\test-failed-1.png
    â”€â”€â”€â”€â”€â”€â”€â”€â”€â”€â”€â”€â”€â”€â”€â”€â”€â”€â”€â”€â”€â”€â”€â”€â”€â”€â”€â”€â”€â”€â”€â”€â”€â”€â”€â”€â”€â”€â”€â”€â”€â”€â”€â”€â”€â”€â”€â”€â”€â”€â”€â”€â”€â”€â”€â”€â”€â”€â”€â”€â”€â”€â”€â”€â”€â”€â”€â”€â”€â”€â”€â”€â”€â”€â”€â”€â”€â”€â”€â”€â”€â”€â”€â”€â”€â”€â”€â”€â”€â”€â”€â”€â”€â”€â”€â”€

    attachment #2: video (video/webm) â”€â”€â”€â”€â”€â”€â”€â”€â”€â”€â”€â”€â”€â”€â”€â”€â”€â”€â”€â”€â”€â”€â”€â”€â”€â”€â”€â”€â”€â”€â”€â”€â”€â”€â”€â”€â”€â”€â”€â”€â”€â”€â”€â”€â”€â”€â”€â”€â”€â”€â”€â”€â”€â”€â”€â”€â”€â”€â”€â”€â”€â”€
    test-results\artifacts\playwright-dre-interface-ï¿½-fdd79-Valor-incorreto-23-333-333--DRE-Desktop-Chrome\video.webm
    â”€â”€â”€â”€â”€â”€â”€â”€â”€â”€â”€â”€â”€â”€â”€â”€â”€â”€â”€â”€â”€â”€â”€â”€â”€â”€â”€â”€â”€â”€â”€â”€â”€â”€â”€â”€â”€â”€â”€â”€â”€â”€â”€â”€â”€â”€â”€â”€â”€â”€â”€â”€â”€â”€â”€â”€â”€â”€â”€â”€â”€â”€â”€â”€â”€â”€â”€â”€â”€â”€â”€â”€â”€â”€â”€â”€â”€â”€â”€â”€â”€â”€â”€â”€â”€â”€â”€â”€â”€â”€â”€â”€â”€â”€â”€â”€

    Error Context: ..\test-results\artifacts\playwright-dre-interface-ï¿½-fdd79-Valor-incorreto-23-333-333--DRE-Desktop-Chrome\error-context.md

    attachment #4: trace (application/zip) â”€â”€â”€â”€â”€â”€â”€â”€â”€â”€â”€â”€â”€â”€â”€â”€â”€â”€â”€â”€â”€â”€â”€â”€â”€â”€â”€â”€â”€â”€â”€â”€â”€â”€â”€â”€â”€â”€â”€â”€â”€â”€â”€â”€â”€â”€â”€â”€â”€â”€â”€â”€â”€â”€â”€â”€â”€
=======
</testcase>
<testcase name="ğŸ§ª DRE Tax Deductions Interface Tests â€º ğŸ” Bug 2: Testar tab Trimestral - Valor incorreto (23.333.333)" classname="playwright-dre-interface.test.ts" time="0.005">
<failure message="playwright-dre-interface.test.ts:257:7 ğŸ” Bug 2: Testar tab Trimestral - Valor incorreto (23.333.333)" type="FAILURE">
<![CDATA[  [DRE-Desktop-Chrome] â€º playwright-dre-interface.test.ts:257:7 â€º ğŸ§ª DRE Tax Deductions Interface Tests â€º ğŸ” Bug 2: Testar tab Trimestral - Valor incorreto (23.333.333) 

    Error: browserType.launch: Executable doesn't exist at C:\Users\rafaf\AppData\Local\ms-playwright\chromium_headless_shell-1178\chrome-win\headless_shell.exe
    â•”â•â•â•â•â•â•â•â•â•â•â•â•â•â•â•â•â•â•â•â•â•â•â•â•â•â•â•â•â•â•â•â•â•â•â•â•â•â•â•â•â•â•â•â•â•â•â•â•â•â•â•â•â•â•â•â•â•â•â•â•â•â•â•â•â•â•â•â•â•â•â•â•â•â•—
    â•‘ Looks like Playwright Test or Playwright was just installed or updated. â•‘
    â•‘ Please run the following command to download new browsers:              â•‘
    â•‘                                                                         â•‘
    â•‘     npx playwright install                                              â•‘
    â•‘                                                                         â•‘
    â•‘ <3 Playwright Team                                                      â•‘
    â•šâ•â•â•â•â•â•â•â•â•â•â•â•â•â•â•â•â•â•â•â•â•â•â•â•â•â•â•â•â•â•â•â•â•â•â•â•â•â•â•â•â•â•â•â•â•â•â•â•â•â•â•â•â•â•â•â•â•â•â•â•â•â•â•â•â•â•â•â•â•â•â•â•â•â•

    attachment #1: trace (application/zip) â”€â”€â”€â”€â”€â”€â”€â”€â”€â”€â”€â”€â”€â”€â”€â”€â”€â”€â”€â”€â”€â”€â”€â”€â”€â”€â”€â”€â”€â”€â”€â”€â”€â”€â”€â”€â”€â”€â”€â”€â”€â”€â”€â”€â”€â”€â”€â”€â”€â”€â”€â”€â”€â”€â”€â”€â”€
>>>>>>> c10fed3e5432c01cfc3035d31d7049d1407e7bed
    test-results\artifacts\playwright-dre-interface-ï¿½-fdd79-Valor-incorreto-23-333-333--DRE-Desktop-Chrome\trace.zip
    Usage:

        npx playwright show-trace test-results\artifacts\playwright-dre-interface-ï¿½-fdd79-Valor-incorreto-23-333-333--DRE-Desktop-Chrome\trace.zip

    â”€â”€â”€â”€â”€â”€â”€â”€â”€â”€â”€â”€â”€â”€â”€â”€â”€â”€â”€â”€â”€â”€â”€â”€â”€â”€â”€â”€â”€â”€â”€â”€â”€â”€â”€â”€â”€â”€â”€â”€â”€â”€â”€â”€â”€â”€â”€â”€â”€â”€â”€â”€â”€â”€â”€â”€â”€â”€â”€â”€â”€â”€â”€â”€â”€â”€â”€â”€â”€â”€â”€â”€â”€â”€â”€â”€â”€â”€â”€â”€â”€â”€â”€â”€â”€â”€â”€â”€â”€â”€â”€â”€â”€â”€â”€â”€

    Retry #1 â”€â”€â”€â”€â”€â”€â”€â”€â”€â”€â”€â”€â”€â”€â”€â”€â”€â”€â”€â”€â”€â”€â”€â”€â”€â”€â”€â”€â”€â”€â”€â”€â”€â”€â”€â”€â”€â”€â”€â”€â”€â”€â”€â”€â”€â”€â”€â”€â”€â”€â”€â”€â”€â”€â”€â”€â”€â”€â”€â”€â”€â”€â”€â”€â”€â”€â”€â”€â”€â”€â”€â”€â”€â”€â”€â”€â”€â”€â”€â”€â”€â”€â”€â”€â”€â”€â”€

<<<<<<< HEAD
    TimeoutError: page.waitForURL: Timeout 15000ms exceeded.
    =========================== logs ===========================
    waiting for navigation to "**/dre" until "load"
    ============================================================

      34 |       
      35 |       // Aguardar redirecionamento
    > 36 |       await page.waitForURL('**/dre', { timeout: 15000 });
         |                  ^
      37 |     }
      38 |     
      39 |     // Verificar se estÃ¡ na pÃ¡gina DRE
        at loginIfNeeded (C:\federal-clone\federal-novo-main\__tests__\playwright-dre-interface.test.ts:36:18)
        at C:\federal-clone\federal-novo-main\__tests__\playwright-dre-interface.test.ts:188:5

    attachment #1: screenshot (image/png) â”€â”€â”€â”€â”€â”€â”€â”€â”€â”€â”€â”€â”€â”€â”€â”€â”€â”€â”€â”€â”€â”€â”€â”€â”€â”€â”€â”€â”€â”€â”€â”€â”€â”€â”€â”€â”€â”€â”€â”€â”€â”€â”€â”€â”€â”€â”€â”€â”€â”€â”€â”€â”€â”€â”€â”€â”€â”€
    test-results\artifacts\playwright-dre-interface-ï¿½-fdd79-Valor-incorreto-23-333-333--DRE-Desktop-Chrome-retry1\test-failed-1.png
    â”€â”€â”€â”€â”€â”€â”€â”€â”€â”€â”€â”€â”€â”€â”€â”€â”€â”€â”€â”€â”€â”€â”€â”€â”€â”€â”€â”€â”€â”€â”€â”€â”€â”€â”€â”€â”€â”€â”€â”€â”€â”€â”€â”€â”€â”€â”€â”€â”€â”€â”€â”€â”€â”€â”€â”€â”€â”€â”€â”€â”€â”€â”€â”€â”€â”€â”€â”€â”€â”€â”€â”€â”€â”€â”€â”€â”€â”€â”€â”€â”€â”€â”€â”€â”€â”€â”€â”€â”€â”€â”€â”€â”€â”€â”€â”€

    attachment #2: video (video/webm) â”€â”€â”€â”€â”€â”€â”€â”€â”€â”€â”€â”€â”€â”€â”€â”€â”€â”€â”€â”€â”€â”€â”€â”€â”€â”€â”€â”€â”€â”€â”€â”€â”€â”€â”€â”€â”€â”€â”€â”€â”€â”€â”€â”€â”€â”€â”€â”€â”€â”€â”€â”€â”€â”€â”€â”€â”€â”€â”€â”€â”€â”€
    test-results\artifacts\playwright-dre-interface-ï¿½-fdd79-Valor-incorreto-23-333-333--DRE-Desktop-Chrome-retry1\video.webm
    â”€â”€â”€â”€â”€â”€â”€â”€â”€â”€â”€â”€â”€â”€â”€â”€â”€â”€â”€â”€â”€â”€â”€â”€â”€â”€â”€â”€â”€â”€â”€â”€â”€â”€â”€â”€â”€â”€â”€â”€â”€â”€â”€â”€â”€â”€â”€â”€â”€â”€â”€â”€â”€â”€â”€â”€â”€â”€â”€â”€â”€â”€â”€â”€â”€â”€â”€â”€â”€â”€â”€â”€â”€â”€â”€â”€â”€â”€â”€â”€â”€â”€â”€â”€â”€â”€â”€â”€â”€â”€â”€â”€â”€â”€â”€â”€

    Error Context: ..\test-results\artifacts\playwright-dre-interface-ï¿½-fdd79-Valor-incorreto-23-333-333--DRE-Desktop-Chrome-retry1\error-context.md

    attachment #4: trace (application/zip) â”€â”€â”€â”€â”€â”€â”€â”€â”€â”€â”€â”€â”€â”€â”€â”€â”€â”€â”€â”€â”€â”€â”€â”€â”€â”€â”€â”€â”€â”€â”€â”€â”€â”€â”€â”€â”€â”€â”€â”€â”€â”€â”€â”€â”€â”€â”€â”€â”€â”€â”€â”€â”€â”€â”€â”€â”€
=======
    Error: browserType.launch: Executable doesn't exist at C:\Users\rafaf\AppData\Local\ms-playwright\chromium_headless_shell-1178\chrome-win\headless_shell.exe
    â•”â•â•â•â•â•â•â•â•â•â•â•â•â•â•â•â•â•â•â•â•â•â•â•â•â•â•â•â•â•â•â•â•â•â•â•â•â•â•â•â•â•â•â•â•â•â•â•â•â•â•â•â•â•â•â•â•â•â•â•â•â•â•â•â•â•â•â•â•â•â•â•â•â•â•—
    â•‘ Looks like Playwright Test or Playwright was just installed or updated. â•‘
    â•‘ Please run the following command to download new browsers:              â•‘
    â•‘                                                                         â•‘
    â•‘     npx playwright install                                              â•‘
    â•‘                                                                         â•‘
    â•‘ <3 Playwright Team                                                      â•‘
    â•šâ•â•â•â•â•â•â•â•â•â•â•â•â•â•â•â•â•â•â•â•â•â•â•â•â•â•â•â•â•â•â•â•â•â•â•â•â•â•â•â•â•â•â•â•â•â•â•â•â•â•â•â•â•â•â•â•â•â•â•â•â•â•â•â•â•â•â•â•â•â•â•â•â•â•

    attachment #1: trace (application/zip) â”€â”€â”€â”€â”€â”€â”€â”€â”€â”€â”€â”€â”€â”€â”€â”€â”€â”€â”€â”€â”€â”€â”€â”€â”€â”€â”€â”€â”€â”€â”€â”€â”€â”€â”€â”€â”€â”€â”€â”€â”€â”€â”€â”€â”€â”€â”€â”€â”€â”€â”€â”€â”€â”€â”€â”€â”€
>>>>>>> c10fed3e5432c01cfc3035d31d7049d1407e7bed
    test-results\artifacts\playwright-dre-interface-ï¿½-fdd79-Valor-incorreto-23-333-333--DRE-Desktop-Chrome-retry1\trace.zip
    Usage:

        npx playwright show-trace test-results\artifacts\playwright-dre-interface-ï¿½-fdd79-Valor-incorreto-23-333-333--DRE-Desktop-Chrome-retry1\trace.zip

    â”€â”€â”€â”€â”€â”€â”€â”€â”€â”€â”€â”€â”€â”€â”€â”€â”€â”€â”€â”€â”€â”€â”€â”€â”€â”€â”€â”€â”€â”€â”€â”€â”€â”€â”€â”€â”€â”€â”€â”€â”€â”€â”€â”€â”€â”€â”€â”€â”€â”€â”€â”€â”€â”€â”€â”€â”€â”€â”€â”€â”€â”€â”€â”€â”€â”€â”€â”€â”€â”€â”€â”€â”€â”€â”€â”€â”€â”€â”€â”€â”€â”€â”€â”€â”€â”€â”€â”€â”€â”€â”€â”€â”€â”€â”€â”€
]]>
</failure>
<system-out>
<<<<<<< HEAD
<![CDATA[ğŸ” Login necessÃ¡rio, fazendo autenticaÃ§Ã£o...

[[ATTACHMENT|artifacts\playwright-dre-interface-ï¿½-fdd79-Valor-incorreto-23-333-333--DRE-Desktop-Chrome\test-failed-1.png]]

[[ATTACHMENT|artifacts\playwright-dre-interface-ï¿½-fdd79-Valor-incorreto-23-333-333--DRE-Desktop-Chrome\video.webm]]

[[ATTACHMENT|artifacts\playwright-dre-interface-ï¿½-fdd79-Valor-incorreto-23-333-333--DRE-Desktop-Chrome\error-context.md]]

[[ATTACHMENT|artifacts\playwright-dre-interface-ï¿½-fdd79-Valor-incorreto-23-333-333--DRE-Desktop-Chrome\trace.zip]]
ğŸ” Login necessÃ¡rio, fazendo autenticaÃ§Ã£o...

[[ATTACHMENT|artifacts\playwright-dre-interface-ï¿½-fdd79-Valor-incorreto-23-333-333--DRE-Desktop-Chrome-retry1\test-failed-1.png]]

[[ATTACHMENT|artifacts\playwright-dre-interface-ï¿½-fdd79-Valor-incorreto-23-333-333--DRE-Desktop-Chrome-retry1\video.webm]]

[[ATTACHMENT|artifacts\playwright-dre-interface-ï¿½-fdd79-Valor-incorreto-23-333-333--DRE-Desktop-Chrome-retry1\error-context.md]]
=======
<![CDATA[
[[ATTACHMENT|artifacts\playwright-dre-interface-ï¿½-fdd79-Valor-incorreto-23-333-333--DRE-Desktop-Chrome\trace.zip]]
>>>>>>> c10fed3e5432c01cfc3035d31d7049d1407e7bed

[[ATTACHMENT|artifacts\playwright-dre-interface-ï¿½-fdd79-Valor-incorreto-23-333-333--DRE-Desktop-Chrome-retry1\trace.zip]]
]]>
</system-out>
<<<<<<< HEAD
<system-err>
<![CDATA[âŒ Erro na autenticaÃ§Ã£o: page.waitForURL: Timeout 15000ms exceeded.
=========================== logs ===========================
waiting for navigation to "**/dre" until "load"
============================================================
    at loginIfNeeded [90m(C:\federal-clone\federal-novo-main\[39m__tests__\playwright-dre-interface.test.ts:36:18[90m)[39m
    at [90mC:\federal-clone\federal-novo-main\[39m__tests__\playwright-dre-interface.test.ts:188:5 {
  name: [32m'TimeoutError'[39m,
  [[32mSymbol(step)[39m]: {
    stepId: [32m'pw:api@14'[39m,
    location: {
      file: [32m'C:\\federal-clone\\federal-novo-main\\__tests__\\playwright-dre-interface.test.ts'[39m,
      line: [33m36[39m,
      column: [33m18[39m,
      function: [32m'loginIfNeeded'[39m
    },
    category: [32m'pw:api'[39m,
    title: [32m'Wait for navigation'[39m,
    apiName: [32m'page.waitForURL'[39m,
    params: { info: [36m[Object][39m },
    boxedStack: [90mundefined[39m,
    steps: [],
    attachmentIndices: [],
    info: TestStepInfoImpl {
      annotations: [],
      _testInfo: [36m[TestInfoImpl][39m,
      _stepId: [32m'pw:api@14'[39m
    },
    complete: [36m[Function: complete][39m,
    endWallTime: [33m1754667512674[39m,
    error: {
      message: [32m'TimeoutError: page.waitForURL: Timeout 15000ms exceeded.\n'[39m +
        [32m'=========================== logs ===========================\n'[39m +
        [32m'waiting for navigation to "**/dre" until "load"\n'[39m +
        [32m'============================================================'[39m,
      stack: [32m'TimeoutError: page.waitForURL: Timeout 15000ms exceeded.\n'[39m +
        [32m'=========================== logs ===========================\n'[39m +
        [32m'waiting for navigation to "**/dre" until "load"\n'[39m +
        [32m'============================================================\n'[39m +
        [32m'    at loginIfNeeded (C:\\federal-clone\\federal-novo-main\\__tests__\\playwright-dre-interface.test.ts:36:18)\n'[39m +
        [32m'    at C:\\federal-clone\\federal-novo-main\\__tests__\\playwright-dre-interface.test.ts:188:5'[39m,
      cause: [90mundefined[39m
    }
  }
}
âŒ Erro na autenticaÃ§Ã£o: page.waitForURL: Timeout 15000ms exceeded.
=========================== logs ===========================
waiting for navigation to "**/dre" until "load"
============================================================
    at loginIfNeeded [90m(C:\federal-clone\federal-novo-main\[39m__tests__\playwright-dre-interface.test.ts:36:18[90m)[39m
    at [90mC:\federal-clone\federal-novo-main\[39m__tests__\playwright-dre-interface.test.ts:188:5 {
  name: [32m'TimeoutError'[39m,
  [[32mSymbol(step)[39m]: {
    stepId: [32m'pw:api@14'[39m,
    location: {
      file: [32m'C:\\federal-clone\\federal-novo-main\\__tests__\\playwright-dre-interface.test.ts'[39m,
      line: [33m36[39m,
      column: [33m18[39m,
      function: [32m'loginIfNeeded'[39m
    },
    category: [32m'pw:api'[39m,
    title: [32m'Wait for navigation'[39m,
    apiName: [32m'page.waitForURL'[39m,
    params: { info: [36m[Object][39m },
    boxedStack: [90mundefined[39m,
    steps: [],
    attachmentIndices: [],
    info: TestStepInfoImpl {
      annotations: [],
      _testInfo: [36m[TestInfoImpl][39m,
      _stepId: [32m'pw:api@14'[39m
    },
    complete: [36m[Function: complete][39m,
    endWallTime: [33m1754667547691[39m,
    error: {
      message: [32m'TimeoutError: page.waitForURL: Timeout 15000ms exceeded.\n'[39m +
        [32m'=========================== logs ===========================\n'[39m +
        [32m'waiting for navigation to "**/dre" until "load"\n'[39m +
        [32m'============================================================'[39m,
      stack: [32m'TimeoutError: page.waitForURL: Timeout 15000ms exceeded.\n'[39m +
        [32m'=========================== logs ===========================\n'[39m +
        [32m'waiting for navigation to "**/dre" until "load"\n'[39m +
        [32m'============================================================\n'[39m +
        [32m'    at loginIfNeeded (C:\\federal-clone\\federal-novo-main\\__tests__\\playwright-dre-interface.test.ts:36:18)\n'[39m +
        [32m'    at C:\\federal-clone\\federal-novo-main\\__tests__\\playwright-dre-interface.test.ts:188:5'[39m,
      cause: [90mundefined[39m
    }
  }
}
]]>
</system-err>
</testcase>
<testcase name="ğŸ§ª DRE Tax Deductions Interface Tests â€º ğŸ“Š Testar navegaÃ§Ã£o entre tabs e persistÃªncia de dados" classname="playwright-dre-interface.test.ts" time="60.213">
<failure message="playwright-dre-interface.test.ts:298:7 ğŸ“Š Testar navegaÃ§Ã£o entre tabs e persistÃªncia de dados" type="FAILURE">
<![CDATA[  [DRE-Desktop-Chrome] â€º playwright-dre-interface.test.ts:298:7 â€º ğŸ§ª DRE Tax Deductions Interface Tests â€º ğŸ“Š Testar navegaÃ§Ã£o entre tabs e persistÃªncia de dados 

    TimeoutError: page.waitForURL: Timeout 15000ms exceeded.
    =========================== logs ===========================
    waiting for navigation to "**/dre" until "load"
    ============================================================

      34 |       
      35 |       // Aguardar redirecionamento
    > 36 |       await page.waitForURL('**/dre', { timeout: 15000 });
         |                  ^
      37 |     }
      38 |     
      39 |     // Verificar se estÃ¡ na pÃ¡gina DRE
        at loginIfNeeded (C:\federal-clone\federal-novo-main\__tests__\playwright-dre-interface.test.ts:36:18)
        at C:\federal-clone\federal-novo-main\__tests__\playwright-dre-interface.test.ts:188:5

    attachment #1: screenshot (image/png) â”€â”€â”€â”€â”€â”€â”€â”€â”€â”€â”€â”€â”€â”€â”€â”€â”€â”€â”€â”€â”€â”€â”€â”€â”€â”€â”€â”€â”€â”€â”€â”€â”€â”€â”€â”€â”€â”€â”€â”€â”€â”€â”€â”€â”€â”€â”€â”€â”€â”€â”€â”€â”€â”€â”€â”€â”€â”€
    test-results\artifacts\playwright-dre-interface-ï¿½-fa4c8-abs-e-persistÃªncia-de-dados-DRE-Desktop-Chrome\test-failed-1.png
    â”€â”€â”€â”€â”€â”€â”€â”€â”€â”€â”€â”€â”€â”€â”€â”€â”€â”€â”€â”€â”€â”€â”€â”€â”€â”€â”€â”€â”€â”€â”€â”€â”€â”€â”€â”€â”€â”€â”€â”€â”€â”€â”€â”€â”€â”€â”€â”€â”€â”€â”€â”€â”€â”€â”€â”€â”€â”€â”€â”€â”€â”€â”€â”€â”€â”€â”€â”€â”€â”€â”€â”€â”€â”€â”€â”€â”€â”€â”€â”€â”€â”€â”€â”€â”€â”€â”€â”€â”€â”€â”€â”€â”€â”€â”€â”€

    attachment #2: video (video/webm) â”€â”€â”€â”€â”€â”€â”€â”€â”€â”€â”€â”€â”€â”€â”€â”€â”€â”€â”€â”€â”€â”€â”€â”€â”€â”€â”€â”€â”€â”€â”€â”€â”€â”€â”€â”€â”€â”€â”€â”€â”€â”€â”€â”€â”€â”€â”€â”€â”€â”€â”€â”€â”€â”€â”€â”€â”€â”€â”€â”€â”€â”€
    test-results\artifacts\playwright-dre-interface-ï¿½-fa4c8-abs-e-persistÃªncia-de-dados-DRE-Desktop-Chrome\video.webm
    â”€â”€â”€â”€â”€â”€â”€â”€â”€â”€â”€â”€â”€â”€â”€â”€â”€â”€â”€â”€â”€â”€â”€â”€â”€â”€â”€â”€â”€â”€â”€â”€â”€â”€â”€â”€â”€â”€â”€â”€â”€â”€â”€â”€â”€â”€â”€â”€â”€â”€â”€â”€â”€â”€â”€â”€â”€â”€â”€â”€â”€â”€â”€â”€â”€â”€â”€â”€â”€â”€â”€â”€â”€â”€â”€â”€â”€â”€â”€â”€â”€â”€â”€â”€â”€â”€â”€â”€â”€â”€â”€â”€â”€â”€â”€â”€

    Error Context: ..\test-results\artifacts\playwright-dre-interface-ï¿½-fa4c8-abs-e-persistÃªncia-de-dados-DRE-Desktop-Chrome\error-context.md

    attachment #4: trace (application/zip) â”€â”€â”€â”€â”€â”€â”€â”€â”€â”€â”€â”€â”€â”€â”€â”€â”€â”€â”€â”€â”€â”€â”€â”€â”€â”€â”€â”€â”€â”€â”€â”€â”€â”€â”€â”€â”€â”€â”€â”€â”€â”€â”€â”€â”€â”€â”€â”€â”€â”€â”€â”€â”€â”€â”€â”€â”€
=======
</testcase>
<testcase name="ğŸ§ª DRE Tax Deductions Interface Tests â€º ğŸ“Š Testar navegaÃ§Ã£o entre tabs e persistÃªncia de dados" classname="playwright-dre-interface.test.ts" time="0.005">
<failure message="playwright-dre-interface.test.ts:314:7 ğŸ“Š Testar navegaÃ§Ã£o entre tabs e persistÃªncia de dados" type="FAILURE">
<![CDATA[  [DRE-Desktop-Chrome] â€º playwright-dre-interface.test.ts:314:7 â€º ğŸ§ª DRE Tax Deductions Interface Tests â€º ğŸ“Š Testar navegaÃ§Ã£o entre tabs e persistÃªncia de dados 

    Error: browserType.launch: Executable doesn't exist at C:\Users\rafaf\AppData\Local\ms-playwright\chromium_headless_shell-1178\chrome-win\headless_shell.exe
    â•”â•â•â•â•â•â•â•â•â•â•â•â•â•â•â•â•â•â•â•â•â•â•â•â•â•â•â•â•â•â•â•â•â•â•â•â•â•â•â•â•â•â•â•â•â•â•â•â•â•â•â•â•â•â•â•â•â•â•â•â•â•â•â•â•â•â•â•â•â•â•â•â•â•â•—
    â•‘ Looks like Playwright Test or Playwright was just installed or updated. â•‘
    â•‘ Please run the following command to download new browsers:              â•‘
    â•‘                                                                         â•‘
    â•‘     npx playwright install                                              â•‘
    â•‘                                                                         â•‘
    â•‘ <3 Playwright Team                                                      â•‘
    â•šâ•â•â•â•â•â•â•â•â•â•â•â•â•â•â•â•â•â•â•â•â•â•â•â•â•â•â•â•â•â•â•â•â•â•â•â•â•â•â•â•â•â•â•â•â•â•â•â•â•â•â•â•â•â•â•â•â•â•â•â•â•â•â•â•â•â•â•â•â•â•â•â•â•â•

    attachment #1: trace (application/zip) â”€â”€â”€â”€â”€â”€â”€â”€â”€â”€â”€â”€â”€â”€â”€â”€â”€â”€â”€â”€â”€â”€â”€â”€â”€â”€â”€â”€â”€â”€â”€â”€â”€â”€â”€â”€â”€â”€â”€â”€â”€â”€â”€â”€â”€â”€â”€â”€â”€â”€â”€â”€â”€â”€â”€â”€â”€
>>>>>>> c10fed3e5432c01cfc3035d31d7049d1407e7bed
    test-results\artifacts\playwright-dre-interface-ï¿½-fa4c8-abs-e-persistÃªncia-de-dados-DRE-Desktop-Chrome\trace.zip
    Usage:

        npx playwright show-trace test-results\artifacts\playwright-dre-interface-ï¿½-fa4c8-abs-e-persistÃªncia-de-dados-DRE-Desktop-Chrome\trace.zip

    â”€â”€â”€â”€â”€â”€â”€â”€â”€â”€â”€â”€â”€â”€â”€â”€â”€â”€â”€â”€â”€â”€â”€â”€â”€â”€â”€â”€â”€â”€â”€â”€â”€â”€â”€â”€â”€â”€â”€â”€â”€â”€â”€â”€â”€â”€â”€â”€â”€â”€â”€â”€â”€â”€â”€â”€â”€â”€â”€â”€â”€â”€â”€â”€â”€â”€â”€â”€â”€â”€â”€â”€â”€â”€â”€â”€â”€â”€â”€â”€â”€â”€â”€â”€â”€â”€â”€â”€â”€â”€â”€â”€â”€â”€â”€â”€

    Retry #1 â”€â”€â”€â”€â”€â”€â”€â”€â”€â”€â”€â”€â”€â”€â”€â”€â”€â”€â”€â”€â”€â”€â”€â”€â”€â”€â”€â”€â”€â”€â”€â”€â”€â”€â”€â”€â”€â”€â”€â”€â”€â”€â”€â”€â”€â”€â”€â”€â”€â”€â”€â”€â”€â”€â”€â”€â”€â”€â”€â”€â”€â”€â”€â”€â”€â”€â”€â”€â”€â”€â”€â”€â”€â”€â”€â”€â”€â”€â”€â”€â”€â”€â”€â”€â”€â”€â”€

<<<<<<< HEAD
    TimeoutError: page.waitForURL: Timeout 15000ms exceeded.
    =========================== logs ===========================
    waiting for navigation to "**/dre" until "load"
    ============================================================

      34 |       
      35 |       // Aguardar redirecionamento
    > 36 |       await page.waitForURL('**/dre', { timeout: 15000 });
         |                  ^
      37 |     }
      38 |     
      39 |     // Verificar se estÃ¡ na pÃ¡gina DRE
        at loginIfNeeded (C:\federal-clone\federal-novo-main\__tests__\playwright-dre-interface.test.ts:36:18)
        at C:\federal-clone\federal-novo-main\__tests__\playwright-dre-interface.test.ts:188:5

    attachment #1: screenshot (image/png) â”€â”€â”€â”€â”€â”€â”€â”€â”€â”€â”€â”€â”€â”€â”€â”€â”€â”€â”€â”€â”€â”€â”€â”€â”€â”€â”€â”€â”€â”€â”€â”€â”€â”€â”€â”€â”€â”€â”€â”€â”€â”€â”€â”€â”€â”€â”€â”€â”€â”€â”€â”€â”€â”€â”€â”€â”€â”€
    test-results\artifacts\playwright-dre-interface-ï¿½-fa4c8-abs-e-persistÃªncia-de-dados-DRE-Desktop-Chrome-retry1\test-failed-1.png
    â”€â”€â”€â”€â”€â”€â”€â”€â”€â”€â”€â”€â”€â”€â”€â”€â”€â”€â”€â”€â”€â”€â”€â”€â”€â”€â”€â”€â”€â”€â”€â”€â”€â”€â”€â”€â”€â”€â”€â”€â”€â”€â”€â”€â”€â”€â”€â”€â”€â”€â”€â”€â”€â”€â”€â”€â”€â”€â”€â”€â”€â”€â”€â”€â”€â”€â”€â”€â”€â”€â”€â”€â”€â”€â”€â”€â”€â”€â”€â”€â”€â”€â”€â”€â”€â”€â”€â”€â”€â”€â”€â”€â”€â”€â”€â”€

    attachment #2: video (video/webm) â”€â”€â”€â”€â”€â”€â”€â”€â”€â”€â”€â”€â”€â”€â”€â”€â”€â”€â”€â”€â”€â”€â”€â”€â”€â”€â”€â”€â”€â”€â”€â”€â”€â”€â”€â”€â”€â”€â”€â”€â”€â”€â”€â”€â”€â”€â”€â”€â”€â”€â”€â”€â”€â”€â”€â”€â”€â”€â”€â”€â”€â”€
    test-results\artifacts\playwright-dre-interface-ï¿½-fa4c8-abs-e-persistÃªncia-de-dados-DRE-Desktop-Chrome-retry1\video.webm
    â”€â”€â”€â”€â”€â”€â”€â”€â”€â”€â”€â”€â”€â”€â”€â”€â”€â”€â”€â”€â”€â”€â”€â”€â”€â”€â”€â”€â”€â”€â”€â”€â”€â”€â”€â”€â”€â”€â”€â”€â”€â”€â”€â”€â”€â”€â”€â”€â”€â”€â”€â”€â”€â”€â”€â”€â”€â”€â”€â”€â”€â”€â”€â”€â”€â”€â”€â”€â”€â”€â”€â”€â”€â”€â”€â”€â”€â”€â”€â”€â”€â”€â”€â”€â”€â”€â”€â”€â”€â”€â”€â”€â”€â”€â”€â”€

    Error Context: ..\test-results\artifacts\playwright-dre-interface-ï¿½-fa4c8-abs-e-persistÃªncia-de-dados-DRE-Desktop-Chrome-retry1\error-context.md

    attachment #4: trace (application/zip) â”€â”€â”€â”€â”€â”€â”€â”€â”€â”€â”€â”€â”€â”€â”€â”€â”€â”€â”€â”€â”€â”€â”€â”€â”€â”€â”€â”€â”€â”€â”€â”€â”€â”€â”€â”€â”€â”€â”€â”€â”€â”€â”€â”€â”€â”€â”€â”€â”€â”€â”€â”€â”€â”€â”€â”€â”€
=======
    Error: browserType.launch: Executable doesn't exist at C:\Users\rafaf\AppData\Local\ms-playwright\chromium_headless_shell-1178\chrome-win\headless_shell.exe
    â•”â•â•â•â•â•â•â•â•â•â•â•â•â•â•â•â•â•â•â•â•â•â•â•â•â•â•â•â•â•â•â•â•â•â•â•â•â•â•â•â•â•â•â•â•â•â•â•â•â•â•â•â•â•â•â•â•â•â•â•â•â•â•â•â•â•â•â•â•â•â•â•â•â•â•—
    â•‘ Looks like Playwright Test or Playwright was just installed or updated. â•‘
    â•‘ Please run the following command to download new browsers:              â•‘
    â•‘                                                                         â•‘
    â•‘     npx playwright install                                              â•‘
    â•‘                                                                         â•‘
    â•‘ <3 Playwright Team                                                      â•‘
    â•šâ•â•â•â•â•â•â•â•â•â•â•â•â•â•â•â•â•â•â•â•â•â•â•â•â•â•â•â•â•â•â•â•â•â•â•â•â•â•â•â•â•â•â•â•â•â•â•â•â•â•â•â•â•â•â•â•â•â•â•â•â•â•â•â•â•â•â•â•â•â•â•â•â•â•

    attachment #1: trace (application/zip) â”€â”€â”€â”€â”€â”€â”€â”€â”€â”€â”€â”€â”€â”€â”€â”€â”€â”€â”€â”€â”€â”€â”€â”€â”€â”€â”€â”€â”€â”€â”€â”€â”€â”€â”€â”€â”€â”€â”€â”€â”€â”€â”€â”€â”€â”€â”€â”€â”€â”€â”€â”€â”€â”€â”€â”€â”€
>>>>>>> c10fed3e5432c01cfc3035d31d7049d1407e7bed
    test-results\artifacts\playwright-dre-interface-ï¿½-fa4c8-abs-e-persistÃªncia-de-dados-DRE-Desktop-Chrome-retry1\trace.zip
    Usage:

        npx playwright show-trace test-results\artifacts\playwright-dre-interface-ï¿½-fa4c8-abs-e-persistÃªncia-de-dados-DRE-Desktop-Chrome-retry1\trace.zip

    â”€â”€â”€â”€â”€â”€â”€â”€â”€â”€â”€â”€â”€â”€â”€â”€â”€â”€â”€â”€â”€â”€â”€â”€â”€â”€â”€â”€â”€â”€â”€â”€â”€â”€â”€â”€â”€â”€â”€â”€â”€â”€â”€â”€â”€â”€â”€â”€â”€â”€â”€â”€â”€â”€â”€â”€â”€â”€â”€â”€â”€â”€â”€â”€â”€â”€â”€â”€â”€â”€â”€â”€â”€â”€â”€â”€â”€â”€â”€â”€â”€â”€â”€â”€â”€â”€â”€â”€â”€â”€â”€â”€â”€â”€â”€â”€
]]>
</failure>
<system-out>
<<<<<<< HEAD
<![CDATA[ğŸ” Login necessÃ¡rio, fazendo autenticaÃ§Ã£o...

[[ATTACHMENT|artifacts\playwright-dre-interface-ï¿½-fa4c8-abs-e-persistÃªncia-de-dados-DRE-Desktop-Chrome\test-failed-1.png]]

[[ATTACHMENT|artifacts\playwright-dre-interface-ï¿½-fa4c8-abs-e-persistÃªncia-de-dados-DRE-Desktop-Chrome\video.webm]]

[[ATTACHMENT|artifacts\playwright-dre-interface-ï¿½-fa4c8-abs-e-persistÃªncia-de-dados-DRE-Desktop-Chrome\error-context.md]]

[[ATTACHMENT|artifacts\playwright-dre-interface-ï¿½-fa4c8-abs-e-persistÃªncia-de-dados-DRE-Desktop-Chrome\trace.zip]]
ğŸ” Login necessÃ¡rio, fazendo autenticaÃ§Ã£o...

[[ATTACHMENT|artifacts\playwright-dre-interface-ï¿½-fa4c8-abs-e-persistÃªncia-de-dados-DRE-Desktop-Chrome-retry1\test-failed-1.png]]

[[ATTACHMENT|artifacts\playwright-dre-interface-ï¿½-fa4c8-abs-e-persistÃªncia-de-dados-DRE-Desktop-Chrome-retry1\video.webm]]

[[ATTACHMENT|artifacts\playwright-dre-interface-ï¿½-fa4c8-abs-e-persistÃªncia-de-dados-DRE-Desktop-Chrome-retry1\error-context.md]]
=======
<![CDATA[
[[ATTACHMENT|artifacts\playwright-dre-interface-ï¿½-fa4c8-abs-e-persistÃªncia-de-dados-DRE-Desktop-Chrome\trace.zip]]
>>>>>>> c10fed3e5432c01cfc3035d31d7049d1407e7bed

[[ATTACHMENT|artifacts\playwright-dre-interface-ï¿½-fa4c8-abs-e-persistÃªncia-de-dados-DRE-Desktop-Chrome-retry1\trace.zip]]
]]>
</system-out>
<<<<<<< HEAD
<system-err>
<![CDATA[âŒ Erro na autenticaÃ§Ã£o: page.waitForURL: Timeout 15000ms exceeded.
=========================== logs ===========================
waiting for navigation to "**/dre" until "load"
============================================================
    at loginIfNeeded [90m(C:\federal-clone\federal-novo-main\[39m__tests__\playwright-dre-interface.test.ts:36:18[90m)[39m
    at [90mC:\federal-clone\federal-novo-main\[39m__tests__\playwright-dre-interface.test.ts:188:5 {
  name: [32m'TimeoutError'[39m,
  [[32mSymbol(step)[39m]: {
    stepId: [32m'pw:api@14'[39m,
    location: {
      file: [32m'C:\\federal-clone\\federal-novo-main\\__tests__\\playwright-dre-interface.test.ts'[39m,
      line: [33m36[39m,
      column: [33m18[39m,
      function: [32m'loginIfNeeded'[39m
    },
    category: [32m'pw:api'[39m,
    title: [32m'Wait for navigation'[39m,
    apiName: [32m'page.waitForURL'[39m,
    params: { info: [36m[Object][39m },
    boxedStack: [90mundefined[39m,
    steps: [],
    attachmentIndices: [],
    info: TestStepInfoImpl {
      annotations: [],
      _testInfo: [36m[TestInfoImpl][39m,
      _stepId: [32m'pw:api@14'[39m
    },
    complete: [36m[Function: complete][39m,
    endWallTime: [33m1754667585839[39m,
    error: {
      message: [32m'TimeoutError: page.waitForURL: Timeout 15000ms exceeded.\n'[39m +
        [32m'=========================== logs ===========================\n'[39m +
        [32m'waiting for navigation to "**/dre" until "load"\n'[39m +
        [32m'============================================================'[39m,
      stack: [32m'TimeoutError: page.waitForURL: Timeout 15000ms exceeded.\n'[39m +
        [32m'=========================== logs ===========================\n'[39m +
        [32m'waiting for navigation to "**/dre" until "load"\n'[39m +
        [32m'============================================================\n'[39m +
        [32m'    at loginIfNeeded (C:\\federal-clone\\federal-novo-main\\__tests__\\playwright-dre-interface.test.ts:36:18)\n'[39m +
        [32m'    at C:\\federal-clone\\federal-novo-main\\__tests__\\playwright-dre-interface.test.ts:188:5'[39m,
      cause: [90mundefined[39m
    }
  }
}
âŒ Erro na autenticaÃ§Ã£o: page.waitForURL: Timeout 15000ms exceeded.
=========================== logs ===========================
waiting for navigation to "**/dre" until "load"
============================================================
    at loginIfNeeded [90m(C:\federal-clone\federal-novo-main\[39m__tests__\playwright-dre-interface.test.ts:36:18[90m)[39m
    at [90mC:\federal-clone\federal-novo-main\[39m__tests__\playwright-dre-interface.test.ts:188:5 {
  name: [32m'TimeoutError'[39m,
  [[32mSymbol(step)[39m]: {
    stepId: [32m'pw:api@14'[39m,
    location: {
      file: [32m'C:\\federal-clone\\federal-novo-main\\__tests__\\playwright-dre-interface.test.ts'[39m,
      line: [33m36[39m,
      column: [33m18[39m,
      function: [32m'loginIfNeeded'[39m
    },
    category: [32m'pw:api'[39m,
    title: [32m'Wait for navigation'[39m,
    apiName: [32m'page.waitForURL'[39m,
    params: { info: [36m[Object][39m },
    boxedStack: [90mundefined[39m,
    steps: [],
    attachmentIndices: [],
    info: TestStepInfoImpl {
      annotations: [],
      _testInfo: [36m[TestInfoImpl][39m,
      _stepId: [32m'pw:api@14'[39m
    },
    complete: [36m[Function: complete][39m,
    endWallTime: [33m1754667619474[39m,
    error: {
      message: [32m'TimeoutError: page.waitForURL: Timeout 15000ms exceeded.\n'[39m +
        [32m'=========================== logs ===========================\n'[39m +
        [32m'waiting for navigation to "**/dre" until "load"\n'[39m +
        [32m'============================================================'[39m,
      stack: [32m'TimeoutError: page.waitForURL: Timeout 15000ms exceeded.\n'[39m +
        [32m'=========================== logs ===========================\n'[39m +
        [32m'waiting for navigation to "**/dre" until "load"\n'[39m +
        [32m'============================================================\n'[39m +
        [32m'    at loginIfNeeded (C:\\federal-clone\\federal-novo-main\\__tests__\\playwright-dre-interface.test.ts:36:18)\n'[39m +
        [32m'    at C:\\federal-clone\\federal-novo-main\\__tests__\\playwright-dre-interface.test.ts:188:5'[39m,
      cause: [90mundefined[39m
    }
  }
}
]]>
</system-err>
</testcase>
<testcase name="ğŸ§ª DRE Tax Deductions Interface Tests â€º ğŸ•µï¸ Debug: Capturar logs do console durante operaÃ§Ãµes" classname="playwright-dre-interface.test.ts" time="59.951">
<failure message="playwright-dre-interface.test.ts:340:7 ğŸ•µï¸ Debug: Capturar logs do console durante operaÃ§Ãµes" type="FAILURE">
<![CDATA[  [DRE-Desktop-Chrome] â€º playwright-dre-interface.test.ts:340:7 â€º ğŸ§ª DRE Tax Deductions Interface Tests â€º ğŸ•µï¸ Debug: Capturar logs do console durante operaÃ§Ãµes 

    TimeoutError: page.waitForURL: Timeout 15000ms exceeded.
    =========================== logs ===========================
    waiting for navigation to "**/dre" until "load"
    ============================================================

      34 |       
      35 |       // Aguardar redirecionamento
    > 36 |       await page.waitForURL('**/dre', { timeout: 15000 });
         |                  ^
      37 |     }
      38 |     
      39 |     // Verificar se estÃ¡ na pÃ¡gina DRE
        at loginIfNeeded (C:\federal-clone\federal-novo-main\__tests__\playwright-dre-interface.test.ts:36:18)
        at C:\federal-clone\federal-novo-main\__tests__\playwright-dre-interface.test.ts:188:5

    attachment #1: screenshot (image/png) â”€â”€â”€â”€â”€â”€â”€â”€â”€â”€â”€â”€â”€â”€â”€â”€â”€â”€â”€â”€â”€â”€â”€â”€â”€â”€â”€â”€â”€â”€â”€â”€â”€â”€â”€â”€â”€â”€â”€â”€â”€â”€â”€â”€â”€â”€â”€â”€â”€â”€â”€â”€â”€â”€â”€â”€â”€â”€
    test-results\artifacts\playwright-dre-interface-ï¿½-7e730-o-console-durante-operaÃ§Ãµes-DRE-Desktop-Chrome\test-failed-1.png
    â”€â”€â”€â”€â”€â”€â”€â”€â”€â”€â”€â”€â”€â”€â”€â”€â”€â”€â”€â”€â”€â”€â”€â”€â”€â”€â”€â”€â”€â”€â”€â”€â”€â”€â”€â”€â”€â”€â”€â”€â”€â”€â”€â”€â”€â”€â”€â”€â”€â”€â”€â”€â”€â”€â”€â”€â”€â”€â”€â”€â”€â”€â”€â”€â”€â”€â”€â”€â”€â”€â”€â”€â”€â”€â”€â”€â”€â”€â”€â”€â”€â”€â”€â”€â”€â”€â”€â”€â”€â”€â”€â”€â”€â”€â”€â”€

    attachment #2: video (video/webm) â”€â”€â”€â”€â”€â”€â”€â”€â”€â”€â”€â”€â”€â”€â”€â”€â”€â”€â”€â”€â”€â”€â”€â”€â”€â”€â”€â”€â”€â”€â”€â”€â”€â”€â”€â”€â”€â”€â”€â”€â”€â”€â”€â”€â”€â”€â”€â”€â”€â”€â”€â”€â”€â”€â”€â”€â”€â”€â”€â”€â”€â”€
    test-results\artifacts\playwright-dre-interface-ï¿½-7e730-o-console-durante-operaÃ§Ãµes-DRE-Desktop-Chrome\video.webm
    â”€â”€â”€â”€â”€â”€â”€â”€â”€â”€â”€â”€â”€â”€â”€â”€â”€â”€â”€â”€â”€â”€â”€â”€â”€â”€â”€â”€â”€â”€â”€â”€â”€â”€â”€â”€â”€â”€â”€â”€â”€â”€â”€â”€â”€â”€â”€â”€â”€â”€â”€â”€â”€â”€â”€â”€â”€â”€â”€â”€â”€â”€â”€â”€â”€â”€â”€â”€â”€â”€â”€â”€â”€â”€â”€â”€â”€â”€â”€â”€â”€â”€â”€â”€â”€â”€â”€â”€â”€â”€â”€â”€â”€â”€â”€â”€

    Error Context: ..\test-results\artifacts\playwright-dre-interface-ï¿½-7e730-o-console-durante-operaÃ§Ãµes-DRE-Desktop-Chrome\error-context.md

    attachment #4: trace (application/zip) â”€â”€â”€â”€â”€â”€â”€â”€â”€â”€â”€â”€â”€â”€â”€â”€â”€â”€â”€â”€â”€â”€â”€â”€â”€â”€â”€â”€â”€â”€â”€â”€â”€â”€â”€â”€â”€â”€â”€â”€â”€â”€â”€â”€â”€â”€â”€â”€â”€â”€â”€â”€â”€â”€â”€â”€â”€
=======
</testcase>
<testcase name="ğŸ§ª DRE Tax Deductions Interface Tests â€º ğŸ•µï¸ Debug: Capturar logs do console durante operaÃ§Ãµes" classname="playwright-dre-interface.test.ts" time="0.005">
<failure message="playwright-dre-interface.test.ts:356:7 ğŸ•µï¸ Debug: Capturar logs do console durante operaÃ§Ãµes" type="FAILURE">
<![CDATA[  [DRE-Desktop-Chrome] â€º playwright-dre-interface.test.ts:356:7 â€º ğŸ§ª DRE Tax Deductions Interface Tests â€º ğŸ•µï¸ Debug: Capturar logs do console durante operaÃ§Ãµes 

    Error: browserType.launch: Executable doesn't exist at C:\Users\rafaf\AppData\Local\ms-playwright\chromium_headless_shell-1178\chrome-win\headless_shell.exe
    â•”â•â•â•â•â•â•â•â•â•â•â•â•â•â•â•â•â•â•â•â•â•â•â•â•â•â•â•â•â•â•â•â•â•â•â•â•â•â•â•â•â•â•â•â•â•â•â•â•â•â•â•â•â•â•â•â•â•â•â•â•â•â•â•â•â•â•â•â•â•â•â•â•â•â•—
    â•‘ Looks like Playwright Test or Playwright was just installed or updated. â•‘
    â•‘ Please run the following command to download new browsers:              â•‘
    â•‘                                                                         â•‘
    â•‘     npx playwright install                                              â•‘
    â•‘                                                                         â•‘
    â•‘ <3 Playwright Team                                                      â•‘
    â•šâ•â•â•â•â•â•â•â•â•â•â•â•â•â•â•â•â•â•â•â•â•â•â•â•â•â•â•â•â•â•â•â•â•â•â•â•â•â•â•â•â•â•â•â•â•â•â•â•â•â•â•â•â•â•â•â•â•â•â•â•â•â•â•â•â•â•â•â•â•â•â•â•â•â•

    attachment #1: trace (application/zip) â”€â”€â”€â”€â”€â”€â”€â”€â”€â”€â”€â”€â”€â”€â”€â”€â”€â”€â”€â”€â”€â”€â”€â”€â”€â”€â”€â”€â”€â”€â”€â”€â”€â”€â”€â”€â”€â”€â”€â”€â”€â”€â”€â”€â”€â”€â”€â”€â”€â”€â”€â”€â”€â”€â”€â”€â”€
>>>>>>> c10fed3e5432c01cfc3035d31d7049d1407e7bed
    test-results\artifacts\playwright-dre-interface-ï¿½-7e730-o-console-durante-operaÃ§Ãµes-DRE-Desktop-Chrome\trace.zip
    Usage:

        npx playwright show-trace test-results\artifacts\playwright-dre-interface-ï¿½-7e730-o-console-durante-operaÃ§Ãµes-DRE-Desktop-Chrome\trace.zip

    â”€â”€â”€â”€â”€â”€â”€â”€â”€â”€â”€â”€â”€â”€â”€â”€â”€â”€â”€â”€â”€â”€â”€â”€â”€â”€â”€â”€â”€â”€â”€â”€â”€â”€â”€â”€â”€â”€â”€â”€â”€â”€â”€â”€â”€â”€â”€â”€â”€â”€â”€â”€â”€â”€â”€â”€â”€â”€â”€â”€â”€â”€â”€â”€â”€â”€â”€â”€â”€â”€â”€â”€â”€â”€â”€â”€â”€â”€â”€â”€â”€â”€â”€â”€â”€â”€â”€â”€â”€â”€â”€â”€â”€â”€â”€â”€

    Retry #1 â”€â”€â”€â”€â”€â”€â”€â”€â”€â”€â”€â”€â”€â”€â”€â”€â”€â”€â”€â”€â”€â”€â”€â”€â”€â”€â”€â”€â”€â”€â”€â”€â”€â”€â”€â”€â”€â”€â”€â”€â”€â”€â”€â”€â”€â”€â”€â”€â”€â”€â”€â”€â”€â”€â”€â”€â”€â”€â”€â”€â”€â”€â”€â”€â”€â”€â”€â”€â”€â”€â”€â”€â”€â”€â”€â”€â”€â”€â”€â”€â”€â”€â”€â”€â”€â”€â”€

<<<<<<< HEAD
    TimeoutError: page.waitForURL: Timeout 15000ms exceeded.
    =========================== logs ===========================
    waiting for navigation to "**/dre" until "load"
    ============================================================

      34 |       
      35 |       // Aguardar redirecionamento
    > 36 |       await page.waitForURL('**/dre', { timeout: 15000 });
         |                  ^
      37 |     }
      38 |     
      39 |     // Verificar se estÃ¡ na pÃ¡gina DRE
        at loginIfNeeded (C:\federal-clone\federal-novo-main\__tests__\playwright-dre-interface.test.ts:36:18)
        at C:\federal-clone\federal-novo-main\__tests__\playwright-dre-interface.test.ts:188:5

    attachment #1: screenshot (image/png) â”€â”€â”€â”€â”€â”€â”€â”€â”€â”€â”€â”€â”€â”€â”€â”€â”€â”€â”€â”€â”€â”€â”€â”€â”€â”€â”€â”€â”€â”€â”€â”€â”€â”€â”€â”€â”€â”€â”€â”€â”€â”€â”€â”€â”€â”€â”€â”€â”€â”€â”€â”€â”€â”€â”€â”€â”€â”€
    test-results\artifacts\playwright-dre-interface-ï¿½-7e730-o-console-durante-operaÃ§Ãµes-DRE-Desktop-Chrome-retry1\test-failed-1.png
    â”€â”€â”€â”€â”€â”€â”€â”€â”€â”€â”€â”€â”€â”€â”€â”€â”€â”€â”€â”€â”€â”€â”€â”€â”€â”€â”€â”€â”€â”€â”€â”€â”€â”€â”€â”€â”€â”€â”€â”€â”€â”€â”€â”€â”€â”€â”€â”€â”€â”€â”€â”€â”€â”€â”€â”€â”€â”€â”€â”€â”€â”€â”€â”€â”€â”€â”€â”€â”€â”€â”€â”€â”€â”€â”€â”€â”€â”€â”€â”€â”€â”€â”€â”€â”€â”€â”€â”€â”€â”€â”€â”€â”€â”€â”€â”€

    attachment #2: video (video/webm) â”€â”€â”€â”€â”€â”€â”€â”€â”€â”€â”€â”€â”€â”€â”€â”€â”€â”€â”€â”€â”€â”€â”€â”€â”€â”€â”€â”€â”€â”€â”€â”€â”€â”€â”€â”€â”€â”€â”€â”€â”€â”€â”€â”€â”€â”€â”€â”€â”€â”€â”€â”€â”€â”€â”€â”€â”€â”€â”€â”€â”€â”€
    test-results\artifacts\playwright-dre-interface-ï¿½-7e730-o-console-durante-operaÃ§Ãµes-DRE-Desktop-Chrome-retry1\video.webm
    â”€â”€â”€â”€â”€â”€â”€â”€â”€â”€â”€â”€â”€â”€â”€â”€â”€â”€â”€â”€â”€â”€â”€â”€â”€â”€â”€â”€â”€â”€â”€â”€â”€â”€â”€â”€â”€â”€â”€â”€â”€â”€â”€â”€â”€â”€â”€â”€â”€â”€â”€â”€â”€â”€â”€â”€â”€â”€â”€â”€â”€â”€â”€â”€â”€â”€â”€â”€â”€â”€â”€â”€â”€â”€â”€â”€â”€â”€â”€â”€â”€â”€â”€â”€â”€â”€â”€â”€â”€â”€â”€â”€â”€â”€â”€â”€

    Error Context: ..\test-results\artifacts\playwright-dre-interface-ï¿½-7e730-o-console-durante-operaÃ§Ãµes-DRE-Desktop-Chrome-retry1\error-context.md

    attachment #4: trace (application/zip) â”€â”€â”€â”€â”€â”€â”€â”€â”€â”€â”€â”€â”€â”€â”€â”€â”€â”€â”€â”€â”€â”€â”€â”€â”€â”€â”€â”€â”€â”€â”€â”€â”€â”€â”€â”€â”€â”€â”€â”€â”€â”€â”€â”€â”€â”€â”€â”€â”€â”€â”€â”€â”€â”€â”€â”€â”€
=======
    Error: browserType.launch: Executable doesn't exist at C:\Users\rafaf\AppData\Local\ms-playwright\chromium_headless_shell-1178\chrome-win\headless_shell.exe
    â•”â•â•â•â•â•â•â•â•â•â•â•â•â•â•â•â•â•â•â•â•â•â•â•â•â•â•â•â•â•â•â•â•â•â•â•â•â•â•â•â•â•â•â•â•â•â•â•â•â•â•â•â•â•â•â•â•â•â•â•â•â•â•â•â•â•â•â•â•â•â•â•â•â•â•—
    â•‘ Looks like Playwright Test or Playwright was just installed or updated. â•‘
    â•‘ Please run the following command to download new browsers:              â•‘
    â•‘                                                                         â•‘
    â•‘     npx playwright install                                              â•‘
    â•‘                                                                         â•‘
    â•‘ <3 Playwright Team                                                      â•‘
    â•šâ•â•â•â•â•â•â•â•â•â•â•â•â•â•â•â•â•â•â•â•â•â•â•â•â•â•â•â•â•â•â•â•â•â•â•â•â•â•â•â•â•â•â•â•â•â•â•â•â•â•â•â•â•â•â•â•â•â•â•â•â•â•â•â•â•â•â•â•â•â•â•â•â•â•

    attachment #1: trace (application/zip) â”€â”€â”€â”€â”€â”€â”€â”€â”€â”€â”€â”€â”€â”€â”€â”€â”€â”€â”€â”€â”€â”€â”€â”€â”€â”€â”€â”€â”€â”€â”€â”€â”€â”€â”€â”€â”€â”€â”€â”€â”€â”€â”€â”€â”€â”€â”€â”€â”€â”€â”€â”€â”€â”€â”€â”€â”€
>>>>>>> c10fed3e5432c01cfc3035d31d7049d1407e7bed
    test-results\artifacts\playwright-dre-interface-ï¿½-7e730-o-console-durante-operaÃ§Ãµes-DRE-Desktop-Chrome-retry1\trace.zip
    Usage:

        npx playwright show-trace test-results\artifacts\playwright-dre-interface-ï¿½-7e730-o-console-durante-operaÃ§Ãµes-DRE-Desktop-Chrome-retry1\trace.zip

    â”€â”€â”€â”€â”€â”€â”€â”€â”€â”€â”€â”€â”€â”€â”€â”€â”€â”€â”€â”€â”€â”€â”€â”€â”€â”€â”€â”€â”€â”€â”€â”€â”€â”€â”€â”€â”€â”€â”€â”€â”€â”€â”€â”€â”€â”€â”€â”€â”€â”€â”€â”€â”€â”€â”€â”€â”€â”€â”€â”€â”€â”€â”€â”€â”€â”€â”€â”€â”€â”€â”€â”€â”€â”€â”€â”€â”€â”€â”€â”€â”€â”€â”€â”€â”€â”€â”€â”€â”€â”€â”€â”€â”€â”€â”€â”€
]]>
</failure>
<system-out>
<<<<<<< HEAD
<![CDATA[ğŸ” Login necessÃ¡rio, fazendo autenticaÃ§Ã£o...

[[ATTACHMENT|artifacts\playwright-dre-interface-ï¿½-7e730-o-console-durante-operaÃ§Ãµes-DRE-Desktop-Chrome\test-failed-1.png]]

[[ATTACHMENT|artifacts\playwright-dre-interface-ï¿½-7e730-o-console-durante-operaÃ§Ãµes-DRE-Desktop-Chrome\video.webm]]

[[ATTACHMENT|artifacts\playwright-dre-interface-ï¿½-7e730-o-console-durante-operaÃ§Ãµes-DRE-Desktop-Chrome\error-context.md]]

[[ATTACHMENT|artifacts\playwright-dre-interface-ï¿½-7e730-o-console-durante-operaÃ§Ãµes-DRE-Desktop-Chrome\trace.zip]]
ğŸ” Login necessÃ¡rio, fazendo autenticaÃ§Ã£o...

[[ATTACHMENT|artifacts\playwright-dre-interface-ï¿½-7e730-o-console-durante-operaÃ§Ãµes-DRE-Desktop-Chrome-retry1\test-failed-1.png]]

[[ATTACHMENT|artifacts\playwright-dre-interface-ï¿½-7e730-o-console-durante-operaÃ§Ãµes-DRE-Desktop-Chrome-retry1\video.webm]]

[[ATTACHMENT|artifacts\playwright-dre-interface-ï¿½-7e730-o-console-durante-operaÃ§Ãµes-DRE-Desktop-Chrome-retry1\error-context.md]]
=======
<![CDATA[
[[ATTACHMENT|artifacts\playwright-dre-interface-ï¿½-7e730-o-console-durante-operaÃ§Ãµes-DRE-Desktop-Chrome\trace.zip]]
>>>>>>> c10fed3e5432c01cfc3035d31d7049d1407e7bed

[[ATTACHMENT|artifacts\playwright-dre-interface-ï¿½-7e730-o-console-durante-operaÃ§Ãµes-DRE-Desktop-Chrome-retry1\trace.zip]]
]]>
</system-out>
<<<<<<< HEAD
<system-err>
<![CDATA[âŒ Erro na autenticaÃ§Ã£o: page.waitForURL: Timeout 15000ms exceeded.
=========================== logs ===========================
waiting for navigation to "**/dre" until "load"
============================================================
    at loginIfNeeded [90m(C:\federal-clone\federal-novo-main\[39m__tests__\playwright-dre-interface.test.ts:36:18[90m)[39m
    at [90mC:\federal-clone\federal-novo-main\[39m__tests__\playwright-dre-interface.test.ts:188:5 {
  name: [32m'TimeoutError'[39m,
  [[32mSymbol(step)[39m]: {
    stepId: [32m'pw:api@14'[39m,
    location: {
      file: [32m'C:\\federal-clone\\federal-novo-main\\__tests__\\playwright-dre-interface.test.ts'[39m,
      line: [33m36[39m,
      column: [33m18[39m,
      function: [32m'loginIfNeeded'[39m
    },
    category: [32m'pw:api'[39m,
    title: [32m'Wait for navigation'[39m,
    apiName: [32m'page.waitForURL'[39m,
    params: { info: [36m[Object][39m },
    boxedStack: [90mundefined[39m,
    steps: [],
    attachmentIndices: [],
    info: TestStepInfoImpl {
      annotations: [],
      _testInfo: [36m[TestInfoImpl][39m,
      _stepId: [32m'pw:api@14'[39m
    },
    complete: [36m[Function: complete][39m,
    endWallTime: [33m1754667653890[39m,
    error: {
      message: [32m'TimeoutError: page.waitForURL: Timeout 15000ms exceeded.\n'[39m +
        [32m'=========================== logs ===========================\n'[39m +
        [32m'waiting for navigation to "**/dre" until "load"\n'[39m +
        [32m'============================================================'[39m,
      stack: [32m'TimeoutError: page.waitForURL: Timeout 15000ms exceeded.\n'[39m +
        [32m'=========================== logs ===========================\n'[39m +
        [32m'waiting for navigation to "**/dre" until "load"\n'[39m +
        [32m'============================================================\n'[39m +
        [32m'    at loginIfNeeded (C:\\federal-clone\\federal-novo-main\\__tests__\\playwright-dre-interface.test.ts:36:18)\n'[39m +
        [32m'    at C:\\federal-clone\\federal-novo-main\\__tests__\\playwright-dre-interface.test.ts:188:5'[39m,
      cause: [90mundefined[39m
    }
  }
}
âŒ Erro na autenticaÃ§Ã£o: page.waitForURL: Timeout 15000ms exceeded.
=========================== logs ===========================
waiting for navigation to "**/dre" until "load"
============================================================
    at loginIfNeeded [90m(C:\federal-clone\federal-novo-main\[39m__tests__\playwright-dre-interface.test.ts:36:18[90m)[39m
    at [90mC:\federal-clone\federal-novo-main\[39m__tests__\playwright-dre-interface.test.ts:188:5 {
  name: [32m'TimeoutError'[39m,
  [[32mSymbol(step)[39m]: {
    stepId: [32m'pw:api@14'[39m,
    location: {
      file: [32m'C:\\federal-clone\\federal-novo-main\\__tests__\\playwright-dre-interface.test.ts'[39m,
      line: [33m36[39m,
      column: [33m18[39m,
      function: [32m'loginIfNeeded'[39m
    },
    category: [32m'pw:api'[39m,
    title: [32m'Wait for navigation'[39m,
    apiName: [32m'page.waitForURL'[39m,
    params: { info: [36m[Object][39m },
    boxedStack: [90mundefined[39m,
    steps: [],
    attachmentIndices: [],
    info: TestStepInfoImpl {
      annotations: [],
      _testInfo: [36m[TestInfoImpl][39m,
      _stepId: [32m'pw:api@14'[39m
    },
    complete: [36m[Function: complete][39m,
    endWallTime: [33m1754667690207[39m,
    error: {
      message: [32m'TimeoutError: page.waitForURL: Timeout 15000ms exceeded.\n'[39m +
        [32m'=========================== logs ===========================\n'[39m +
        [32m'waiting for navigation to "**/dre" until "load"\n'[39m +
        [32m'============================================================'[39m,
      stack: [32m'TimeoutError: page.waitForURL: Timeout 15000ms exceeded.\n'[39m +
        [32m'=========================== logs ===========================\n'[39m +
        [32m'waiting for navigation to "**/dre" until "load"\n'[39m +
        [32m'============================================================\n'[39m +
        [32m'    at loginIfNeeded (C:\\federal-clone\\federal-novo-main\\__tests__\\playwright-dre-interface.test.ts:36:18)\n'[39m +
        [32m'    at C:\\federal-clone\\federal-novo-main\\__tests__\\playwright-dre-interface.test.ts:188:5'[39m,
      cause: [90mundefined[39m
    }
  }
}
]]>
</system-err>
</testcase>
<testcase name="ğŸ§ª DRE Tax Deductions Interface Tests â€º ğŸ“¸ Capturar screenshots de diferentes estados" classname="playwright-dre-interface.test.ts" time="59.562">
<failure message="playwright-dre-interface.test.ts:388:7 ğŸ“¸ Capturar screenshots de diferentes estados" type="FAILURE">
<![CDATA[  [DRE-Desktop-Chrome] â€º playwright-dre-interface.test.ts:388:7 â€º ğŸ§ª DRE Tax Deductions Interface Tests â€º ğŸ“¸ Capturar screenshots de diferentes estados 

    TimeoutError: page.waitForURL: Timeout 15000ms exceeded.
    =========================== logs ===========================
    waiting for navigation to "**/dre" until "load"
    ============================================================

      34 |       
      35 |       // Aguardar redirecionamento
    > 36 |       await page.waitForURL('**/dre', { timeout: 15000 });
         |                  ^
      37 |     }
      38 |     
      39 |     // Verificar se estÃ¡ na pÃ¡gina DRE
        at loginIfNeeded (C:\federal-clone\federal-novo-main\__tests__\playwright-dre-interface.test.ts:36:18)
        at C:\federal-clone\federal-novo-main\__tests__\playwright-dre-interface.test.ts:188:5

    attachment #1: screenshot (image/png) â”€â”€â”€â”€â”€â”€â”€â”€â”€â”€â”€â”€â”€â”€â”€â”€â”€â”€â”€â”€â”€â”€â”€â”€â”€â”€â”€â”€â”€â”€â”€â”€â”€â”€â”€â”€â”€â”€â”€â”€â”€â”€â”€â”€â”€â”€â”€â”€â”€â”€â”€â”€â”€â”€â”€â”€â”€â”€
    test-results\artifacts\playwright-dre-interface-ï¿½-dd5d0-shots-de-diferentes-estados-DRE-Desktop-Chrome\test-failed-1.png
    â”€â”€â”€â”€â”€â”€â”€â”€â”€â”€â”€â”€â”€â”€â”€â”€â”€â”€â”€â”€â”€â”€â”€â”€â”€â”€â”€â”€â”€â”€â”€â”€â”€â”€â”€â”€â”€â”€â”€â”€â”€â”€â”€â”€â”€â”€â”€â”€â”€â”€â”€â”€â”€â”€â”€â”€â”€â”€â”€â”€â”€â”€â”€â”€â”€â”€â”€â”€â”€â”€â”€â”€â”€â”€â”€â”€â”€â”€â”€â”€â”€â”€â”€â”€â”€â”€â”€â”€â”€â”€â”€â”€â”€â”€â”€â”€

    attachment #2: video (video/webm) â”€â”€â”€â”€â”€â”€â”€â”€â”€â”€â”€â”€â”€â”€â”€â”€â”€â”€â”€â”€â”€â”€â”€â”€â”€â”€â”€â”€â”€â”€â”€â”€â”€â”€â”€â”€â”€â”€â”€â”€â”€â”€â”€â”€â”€â”€â”€â”€â”€â”€â”€â”€â”€â”€â”€â”€â”€â”€â”€â”€â”€â”€
    test-results\artifacts\playwright-dre-interface-ï¿½-dd5d0-shots-de-diferentes-estados-DRE-Desktop-Chrome\video.webm
    â”€â”€â”€â”€â”€â”€â”€â”€â”€â”€â”€â”€â”€â”€â”€â”€â”€â”€â”€â”€â”€â”€â”€â”€â”€â”€â”€â”€â”€â”€â”€â”€â”€â”€â”€â”€â”€â”€â”€â”€â”€â”€â”€â”€â”€â”€â”€â”€â”€â”€â”€â”€â”€â”€â”€â”€â”€â”€â”€â”€â”€â”€â”€â”€â”€â”€â”€â”€â”€â”€â”€â”€â”€â”€â”€â”€â”€â”€â”€â”€â”€â”€â”€â”€â”€â”€â”€â”€â”€â”€â”€â”€â”€â”€â”€â”€

    Error Context: ..\test-results\artifacts\playwright-dre-interface-ï¿½-dd5d0-shots-de-diferentes-estados-DRE-Desktop-Chrome\error-context.md

    attachment #4: trace (application/zip) â”€â”€â”€â”€â”€â”€â”€â”€â”€â”€â”€â”€â”€â”€â”€â”€â”€â”€â”€â”€â”€â”€â”€â”€â”€â”€â”€â”€â”€â”€â”€â”€â”€â”€â”€â”€â”€â”€â”€â”€â”€â”€â”€â”€â”€â”€â”€â”€â”€â”€â”€â”€â”€â”€â”€â”€â”€
=======
</testcase>
<testcase name="ğŸ§ª DRE Tax Deductions Interface Tests â€º ğŸ“¸ Capturar screenshots de diferentes estados" classname="playwright-dre-interface.test.ts" time="0.005">
<failure message="playwright-dre-interface.test.ts:404:7 ğŸ“¸ Capturar screenshots de diferentes estados" type="FAILURE">
<![CDATA[  [DRE-Desktop-Chrome] â€º playwright-dre-interface.test.ts:404:7 â€º ğŸ§ª DRE Tax Deductions Interface Tests â€º ğŸ“¸ Capturar screenshots de diferentes estados 

    Error: browserType.launch: Executable doesn't exist at C:\Users\rafaf\AppData\Local\ms-playwright\chromium_headless_shell-1178\chrome-win\headless_shell.exe
    â•”â•â•â•â•â•â•â•â•â•â•â•â•â•â•â•â•â•â•â•â•â•â•â•â•â•â•â•â•â•â•â•â•â•â•â•â•â•â•â•â•â•â•â•â•â•â•â•â•â•â•â•â•â•â•â•â•â•â•â•â•â•â•â•â•â•â•â•â•â•â•â•â•â•â•—
    â•‘ Looks like Playwright Test or Playwright was just installed or updated. â•‘
    â•‘ Please run the following command to download new browsers:              â•‘
    â•‘                                                                         â•‘
    â•‘     npx playwright install                                              â•‘
    â•‘                                                                         â•‘
    â•‘ <3 Playwright Team                                                      â•‘
    â•šâ•â•â•â•â•â•â•â•â•â•â•â•â•â•â•â•â•â•â•â•â•â•â•â•â•â•â•â•â•â•â•â•â•â•â•â•â•â•â•â•â•â•â•â•â•â•â•â•â•â•â•â•â•â•â•â•â•â•â•â•â•â•â•â•â•â•â•â•â•â•â•â•â•â•

    attachment #1: trace (application/zip) â”€â”€â”€â”€â”€â”€â”€â”€â”€â”€â”€â”€â”€â”€â”€â”€â”€â”€â”€â”€â”€â”€â”€â”€â”€â”€â”€â”€â”€â”€â”€â”€â”€â”€â”€â”€â”€â”€â”€â”€â”€â”€â”€â”€â”€â”€â”€â”€â”€â”€â”€â”€â”€â”€â”€â”€â”€
>>>>>>> c10fed3e5432c01cfc3035d31d7049d1407e7bed
    test-results\artifacts\playwright-dre-interface-ï¿½-dd5d0-shots-de-diferentes-estados-DRE-Desktop-Chrome\trace.zip
    Usage:

        npx playwright show-trace test-results\artifacts\playwright-dre-interface-ï¿½-dd5d0-shots-de-diferentes-estados-DRE-Desktop-Chrome\trace.zip

    â”€â”€â”€â”€â”€â”€â”€â”€â”€â”€â”€â”€â”€â”€â”€â”€â”€â”€â”€â”€â”€â”€â”€â”€â”€â”€â”€â”€â”€â”€â”€â”€â”€â”€â”€â”€â”€â”€â”€â”€â”€â”€â”€â”€â”€â”€â”€â”€â”€â”€â”€â”€â”€â”€â”€â”€â”€â”€â”€â”€â”€â”€â”€â”€â”€â”€â”€â”€â”€â”€â”€â”€â”€â”€â”€â”€â”€â”€â”€â”€â”€â”€â”€â”€â”€â”€â”€â”€â”€â”€â”€â”€â”€â”€â”€â”€

    Retry #1 â”€â”€â”€â”€â”€â”€â”€â”€â”€â”€â”€â”€â”€â”€â”€â”€â”€â”€â”€â”€â”€â”€â”€â”€â”€â”€â”€â”€â”€â”€â”€â”€â”€â”€â”€â”€â”€â”€â”€â”€â”€â”€â”€â”€â”€â”€â”€â”€â”€â”€â”€â”€â”€â”€â”€â”€â”€â”€â”€â”€â”€â”€â”€â”€â”€â”€â”€â”€â”€â”€â”€â”€â”€â”€â”€â”€â”€â”€â”€â”€â”€â”€â”€â”€â”€â”€â”€

<<<<<<< HEAD
    TimeoutError: page.waitForURL: Timeout 15000ms exceeded.
    =========================== logs ===========================
    waiting for navigation to "**/dre" until "load"
    ============================================================

      34 |       
      35 |       // Aguardar redirecionamento
    > 36 |       await page.waitForURL('**/dre', { timeout: 15000 });
         |                  ^
      37 |     }
      38 |     
      39 |     // Verificar se estÃ¡ na pÃ¡gina DRE
        at loginIfNeeded (C:\federal-clone\federal-novo-main\__tests__\playwright-dre-interface.test.ts:36:18)
        at C:\federal-clone\federal-novo-main\__tests__\playwright-dre-interface.test.ts:188:5

    attachment #1: screenshot (image/png) â”€â”€â”€â”€â”€â”€â”€â”€â”€â”€â”€â”€â”€â”€â”€â”€â”€â”€â”€â”€â”€â”€â”€â”€â”€â”€â”€â”€â”€â”€â”€â”€â”€â”€â”€â”€â”€â”€â”€â”€â”€â”€â”€â”€â”€â”€â”€â”€â”€â”€â”€â”€â”€â”€â”€â”€â”€â”€
    test-results\artifacts\playwright-dre-interface-ï¿½-dd5d0-shots-de-diferentes-estados-DRE-Desktop-Chrome-retry1\test-failed-1.png
    â”€â”€â”€â”€â”€â”€â”€â”€â”€â”€â”€â”€â”€â”€â”€â”€â”€â”€â”€â”€â”€â”€â”€â”€â”€â”€â”€â”€â”€â”€â”€â”€â”€â”€â”€â”€â”€â”€â”€â”€â”€â”€â”€â”€â”€â”€â”€â”€â”€â”€â”€â”€â”€â”€â”€â”€â”€â”€â”€â”€â”€â”€â”€â”€â”€â”€â”€â”€â”€â”€â”€â”€â”€â”€â”€â”€â”€â”€â”€â”€â”€â”€â”€â”€â”€â”€â”€â”€â”€â”€â”€â”€â”€â”€â”€â”€

    attachment #2: video (video/webm) â”€â”€â”€â”€â”€â”€â”€â”€â”€â”€â”€â”€â”€â”€â”€â”€â”€â”€â”€â”€â”€â”€â”€â”€â”€â”€â”€â”€â”€â”€â”€â”€â”€â”€â”€â”€â”€â”€â”€â”€â”€â”€â”€â”€â”€â”€â”€â”€â”€â”€â”€â”€â”€â”€â”€â”€â”€â”€â”€â”€â”€â”€
    test-results\artifacts\playwright-dre-interface-ï¿½-dd5d0-shots-de-diferentes-estados-DRE-Desktop-Chrome-retry1\video.webm
    â”€â”€â”€â”€â”€â”€â”€â”€â”€â”€â”€â”€â”€â”€â”€â”€â”€â”€â”€â”€â”€â”€â”€â”€â”€â”€â”€â”€â”€â”€â”€â”€â”€â”€â”€â”€â”€â”€â”€â”€â”€â”€â”€â”€â”€â”€â”€â”€â”€â”€â”€â”€â”€â”€â”€â”€â”€â”€â”€â”€â”€â”€â”€â”€â”€â”€â”€â”€â”€â”€â”€â”€â”€â”€â”€â”€â”€â”€â”€â”€â”€â”€â”€â”€â”€â”€â”€â”€â”€â”€â”€â”€â”€â”€â”€â”€

    Error Context: ..\test-results\artifacts\playwright-dre-interface-ï¿½-dd5d0-shots-de-diferentes-estados-DRE-Desktop-Chrome-retry1\error-context.md

    attachment #4: trace (application/zip) â”€â”€â”€â”€â”€â”€â”€â”€â”€â”€â”€â”€â”€â”€â”€â”€â”€â”€â”€â”€â”€â”€â”€â”€â”€â”€â”€â”€â”€â”€â”€â”€â”€â”€â”€â”€â”€â”€â”€â”€â”€â”€â”€â”€â”€â”€â”€â”€â”€â”€â”€â”€â”€â”€â”€â”€â”€
=======
    Error: browserType.launch: Executable doesn't exist at C:\Users\rafaf\AppData\Local\ms-playwright\chromium_headless_shell-1178\chrome-win\headless_shell.exe
    â•”â•â•â•â•â•â•â•â•â•â•â•â•â•â•â•â•â•â•â•â•â•â•â•â•â•â•â•â•â•â•â•â•â•â•â•â•â•â•â•â•â•â•â•â•â•â•â•â•â•â•â•â•â•â•â•â•â•â•â•â•â•â•â•â•â•â•â•â•â•â•â•â•â•â•—
    â•‘ Looks like Playwright Test or Playwright was just installed or updated. â•‘
    â•‘ Please run the following command to download new browsers:              â•‘
    â•‘                                                                         â•‘
    â•‘     npx playwright install                                              â•‘
    â•‘                                                                         â•‘
    â•‘ <3 Playwright Team                                                      â•‘
    â•šâ•â•â•â•â•â•â•â•â•â•â•â•â•â•â•â•â•â•â•â•â•â•â•â•â•â•â•â•â•â•â•â•â•â•â•â•â•â•â•â•â•â•â•â•â•â•â•â•â•â•â•â•â•â•â•â•â•â•â•â•â•â•â•â•â•â•â•â•â•â•â•â•â•â•

    attachment #1: trace (application/zip) â”€â”€â”€â”€â”€â”€â”€â”€â”€â”€â”€â”€â”€â”€â”€â”€â”€â”€â”€â”€â”€â”€â”€â”€â”€â”€â”€â”€â”€â”€â”€â”€â”€â”€â”€â”€â”€â”€â”€â”€â”€â”€â”€â”€â”€â”€â”€â”€â”€â”€â”€â”€â”€â”€â”€â”€â”€
>>>>>>> c10fed3e5432c01cfc3035d31d7049d1407e7bed
    test-results\artifacts\playwright-dre-interface-ï¿½-dd5d0-shots-de-diferentes-estados-DRE-Desktop-Chrome-retry1\trace.zip
    Usage:

        npx playwright show-trace test-results\artifacts\playwright-dre-interface-ï¿½-dd5d0-shots-de-diferentes-estados-DRE-Desktop-Chrome-retry1\trace.zip

    â”€â”€â”€â”€â”€â”€â”€â”€â”€â”€â”€â”€â”€â”€â”€â”€â”€â”€â”€â”€â”€â”€â”€â”€â”€â”€â”€â”€â”€â”€â”€â”€â”€â”€â”€â”€â”€â”€â”€â”€â”€â”€â”€â”€â”€â”€â”€â”€â”€â”€â”€â”€â”€â”€â”€â”€â”€â”€â”€â”€â”€â”€â”€â”€â”€â”€â”€â”€â”€â”€â”€â”€â”€â”€â”€â”€â”€â”€â”€â”€â”€â”€â”€â”€â”€â”€â”€â”€â”€â”€â”€â”€â”€â”€â”€â”€
]]>
</failure>
<system-out>
<<<<<<< HEAD
<![CDATA[ğŸ” Login necessÃ¡rio, fazendo autenticaÃ§Ã£o...

[[ATTACHMENT|artifacts\playwright-dre-interface-ï¿½-dd5d0-shots-de-diferentes-estados-DRE-Desktop-Chrome\test-failed-1.png]]

[[ATTACHMENT|artifacts\playwright-dre-interface-ï¿½-dd5d0-shots-de-diferentes-estados-DRE-Desktop-Chrome\video.webm]]

[[ATTACHMENT|artifacts\playwright-dre-interface-ï¿½-dd5d0-shots-de-diferentes-estados-DRE-Desktop-Chrome\error-context.md]]

[[ATTACHMENT|artifacts\playwright-dre-interface-ï¿½-dd5d0-shots-de-diferentes-estados-DRE-Desktop-Chrome\trace.zip]]
ğŸ” Login necessÃ¡rio, fazendo autenticaÃ§Ã£o...

[[ATTACHMENT|artifacts\playwright-dre-interface-ï¿½-dd5d0-shots-de-diferentes-estados-DRE-Desktop-Chrome-retry1\test-failed-1.png]]

[[ATTACHMENT|artifacts\playwright-dre-interface-ï¿½-dd5d0-shots-de-diferentes-estados-DRE-Desktop-Chrome-retry1\video.webm]]

[[ATTACHMENT|artifacts\playwright-dre-interface-ï¿½-dd5d0-shots-de-diferentes-estados-DRE-Desktop-Chrome-retry1\error-context.md]]
=======
<![CDATA[
[[ATTACHMENT|artifacts\playwright-dre-interface-ï¿½-dd5d0-shots-de-diferentes-estados-DRE-Desktop-Chrome\trace.zip]]
>>>>>>> c10fed3e5432c01cfc3035d31d7049d1407e7bed

[[ATTACHMENT|artifacts\playwright-dre-interface-ï¿½-dd5d0-shots-de-diferentes-estados-DRE-Desktop-Chrome-retry1\trace.zip]]
]]>
</system-out>
<<<<<<< HEAD
<system-err>
<![CDATA[âŒ Erro na autenticaÃ§Ã£o: page.waitForURL: Timeout 15000ms exceeded.
=========================== logs ===========================
waiting for navigation to "**/dre" until "load"
============================================================
    at loginIfNeeded [90m(C:\federal-clone\federal-novo-main\[39m__tests__\playwright-dre-interface.test.ts:36:18[90m)[39m
    at [90mC:\federal-clone\federal-novo-main\[39m__tests__\playwright-dre-interface.test.ts:188:5 {
  name: [32m'TimeoutError'[39m,
  [[32mSymbol(step)[39m]: {
    stepId: [32m'pw:api@14'[39m,
    location: {
      file: [32m'C:\\federal-clone\\federal-novo-main\\__tests__\\playwright-dre-interface.test.ts'[39m,
      line: [33m36[39m,
      column: [33m18[39m,
      function: [32m'loginIfNeeded'[39m
    },
    category: [32m'pw:api'[39m,
    title: [32m'Wait for navigation'[39m,
    apiName: [32m'page.waitForURL'[39m,
    params: { info: [36m[Object][39m },
    boxedStack: [90mundefined[39m,
    steps: [],
    attachmentIndices: [],
    info: TestStepInfoImpl {
      annotations: [],
      _testInfo: [36m[TestInfoImpl][39m,
      _stepId: [32m'pw:api@14'[39m
    },
    complete: [36m[Function: complete][39m,
    endWallTime: [33m1754667723637[39m,
    error: {
      message: [32m'TimeoutError: page.waitForURL: Timeout 15000ms exceeded.\n'[39m +
        [32m'=========================== logs ===========================\n'[39m +
        [32m'waiting for navigation to "**/dre" until "load"\n'[39m +
        [32m'============================================================'[39m,
      stack: [32m'TimeoutError: page.waitForURL: Timeout 15000ms exceeded.\n'[39m +
        [32m'=========================== logs ===========================\n'[39m +
        [32m'waiting for navigation to "**/dre" until "load"\n'[39m +
        [32m'============================================================\n'[39m +
        [32m'    at loginIfNeeded (C:\\federal-clone\\federal-novo-main\\__tests__\\playwright-dre-interface.test.ts:36:18)\n'[39m +
        [32m'    at C:\\federal-clone\\federal-novo-main\\__tests__\\playwright-dre-interface.test.ts:188:5'[39m,
      cause: [90mundefined[39m
    }
  }
}
âŒ Erro na autenticaÃ§Ã£o: page.waitForURL: Timeout 15000ms exceeded.
=========================== logs ===========================
waiting for navigation to "**/dre" until "load"
============================================================
    at loginIfNeeded [90m(C:\federal-clone\federal-novo-main\[39m__tests__\playwright-dre-interface.test.ts:36:18[90m)[39m
    at [90mC:\federal-clone\federal-novo-main\[39m__tests__\playwright-dre-interface.test.ts:188:5 {
  name: [32m'TimeoutError'[39m,
  [[32mSymbol(step)[39m]: {
    stepId: [32m'pw:api@14'[39m,
    location: {
      file: [32m'C:\\federal-clone\\federal-novo-main\\__tests__\\playwright-dre-interface.test.ts'[39m,
      line: [33m36[39m,
      column: [33m18[39m,
      function: [32m'loginIfNeeded'[39m
    },
    category: [32m'pw:api'[39m,
    title: [32m'Wait for navigation'[39m,
    apiName: [32m'page.waitForURL'[39m,
    params: { info: [36m[Object][39m },
    boxedStack: [90mundefined[39m,
    steps: [],
    attachmentIndices: [],
    info: TestStepInfoImpl {
      annotations: [],
      _testInfo: [36m[TestInfoImpl][39m,
      _stepId: [32m'pw:api@14'[39m
    },
    complete: [36m[Function: complete][39m,
    endWallTime: [33m1754667758449[39m,
    error: {
      message: [32m'TimeoutError: page.waitForURL: Timeout 15000ms exceeded.\n'[39m +
        [32m'=========================== logs ===========================\n'[39m +
        [32m'waiting for navigation to "**/dre" until "load"\n'[39m +
        [32m'============================================================'[39m,
      stack: [32m'TimeoutError: page.waitForURL: Timeout 15000ms exceeded.\n'[39m +
        [32m'=========================== logs ===========================\n'[39m +
        [32m'waiting for navigation to "**/dre" until "load"\n'[39m +
        [32m'============================================================\n'[39m +
        [32m'    at loginIfNeeded (C:\\federal-clone\\federal-novo-main\\__tests__\\playwright-dre-interface.test.ts:36:18)\n'[39m +
        [32m'    at C:\\federal-clone\\federal-novo-main\\__tests__\\playwright-dre-interface.test.ts:188:5'[39m,
      cause: [90mundefined[39m
    }
  }
}
]]>
</system-err>
</testcase>
<testcase name="âš¡ Performance Tests â€º ğŸ“Š Medir tempo de carregamento do DRE" classname="playwright-dre-interface.test.ts" time="57.858">
<failure message="playwright-dre-interface.test.ts:418:7 ğŸ“Š Medir tempo de carregamento do DRE" type="FAILURE">
<![CDATA[  [DRE-Desktop-Chrome] â€º playwright-dre-interface.test.ts:418:7 â€º âš¡ Performance Tests â€º ğŸ“Š Medir tempo de carregamento do DRE 

    TimeoutError: page.waitForURL: Timeout 15000ms exceeded.
    =========================== logs ===========================
    waiting for navigation to "**/dre" until "load"
    ============================================================

      34 |       
      35 |       // Aguardar redirecionamento
    > 36 |       await page.waitForURL('**/dre', { timeout: 15000 });
         |                  ^
      37 |     }
      38 |     
      39 |     // Verificar se estÃ¡ na pÃ¡gina DRE
        at loginIfNeeded (C:\federal-clone\federal-novo-main\__tests__\playwright-dre-interface.test.ts:36:18)
        at C:\federal-clone\federal-novo-main\__tests__\playwright-dre-interface.test.ts:421:5

    attachment #1: screenshot (image/png) â”€â”€â”€â”€â”€â”€â”€â”€â”€â”€â”€â”€â”€â”€â”€â”€â”€â”€â”€â”€â”€â”€â”€â”€â”€â”€â”€â”€â”€â”€â”€â”€â”€â”€â”€â”€â”€â”€â”€â”€â”€â”€â”€â”€â”€â”€â”€â”€â”€â”€â”€â”€â”€â”€â”€â”€â”€â”€
    test-results\artifacts\playwright-dre-interface-âš¡-841a8-empo-de-carregamento-do-DRE-DRE-Desktop-Chrome\test-failed-1.png
    â”€â”€â”€â”€â”€â”€â”€â”€â”€â”€â”€â”€â”€â”€â”€â”€â”€â”€â”€â”€â”€â”€â”€â”€â”€â”€â”€â”€â”€â”€â”€â”€â”€â”€â”€â”€â”€â”€â”€â”€â”€â”€â”€â”€â”€â”€â”€â”€â”€â”€â”€â”€â”€â”€â”€â”€â”€â”€â”€â”€â”€â”€â”€â”€â”€â”€â”€â”€â”€â”€â”€â”€â”€â”€â”€â”€â”€â”€â”€â”€â”€â”€â”€â”€â”€â”€â”€â”€â”€â”€â”€â”€â”€â”€â”€â”€

    attachment #2: video (video/webm) â”€â”€â”€â”€â”€â”€â”€â”€â”€â”€â”€â”€â”€â”€â”€â”€â”€â”€â”€â”€â”€â”€â”€â”€â”€â”€â”€â”€â”€â”€â”€â”€â”€â”€â”€â”€â”€â”€â”€â”€â”€â”€â”€â”€â”€â”€â”€â”€â”€â”€â”€â”€â”€â”€â”€â”€â”€â”€â”€â”€â”€â”€
    test-results\artifacts\playwright-dre-interface-âš¡-841a8-empo-de-carregamento-do-DRE-DRE-Desktop-Chrome\video.webm
    â”€â”€â”€â”€â”€â”€â”€â”€â”€â”€â”€â”€â”€â”€â”€â”€â”€â”€â”€â”€â”€â”€â”€â”€â”€â”€â”€â”€â”€â”€â”€â”€â”€â”€â”€â”€â”€â”€â”€â”€â”€â”€â”€â”€â”€â”€â”€â”€â”€â”€â”€â”€â”€â”€â”€â”€â”€â”€â”€â”€â”€â”€â”€â”€â”€â”€â”€â”€â”€â”€â”€â”€â”€â”€â”€â”€â”€â”€â”€â”€â”€â”€â”€â”€â”€â”€â”€â”€â”€â”€â”€â”€â”€â”€â”€â”€

    Error Context: ..\test-results\artifacts\playwright-dre-interface-âš¡-841a8-empo-de-carregamento-do-DRE-DRE-Desktop-Chrome\error-context.md

    attachment #4: trace (application/zip) â”€â”€â”€â”€â”€â”€â”€â”€â”€â”€â”€â”€â”€â”€â”€â”€â”€â”€â”€â”€â”€â”€â”€â”€â”€â”€â”€â”€â”€â”€â”€â”€â”€â”€â”€â”€â”€â”€â”€â”€â”€â”€â”€â”€â”€â”€â”€â”€â”€â”€â”€â”€â”€â”€â”€â”€â”€
=======
</testcase>
<testcase name="âš¡ Performance Tests â€º ğŸ“Š Medir tempo de carregamento do DRE" classname="playwright-dre-interface.test.ts" time="0.005">
<failure message="playwright-dre-interface.test.ts:434:7 ğŸ“Š Medir tempo de carregamento do DRE" type="FAILURE">
<![CDATA[  [DRE-Desktop-Chrome] â€º playwright-dre-interface.test.ts:434:7 â€º âš¡ Performance Tests â€º ğŸ“Š Medir tempo de carregamento do DRE 

    Error: browserType.launch: Executable doesn't exist at C:\Users\rafaf\AppData\Local\ms-playwright\chromium_headless_shell-1178\chrome-win\headless_shell.exe
    â•”â•â•â•â•â•â•â•â•â•â•â•â•â•â•â•â•â•â•â•â•â•â•â•â•â•â•â•â•â•â•â•â•â•â•â•â•â•â•â•â•â•â•â•â•â•â•â•â•â•â•â•â•â•â•â•â•â•â•â•â•â•â•â•â•â•â•â•â•â•â•â•â•â•â•—
    â•‘ Looks like Playwright Test or Playwright was just installed or updated. â•‘
    â•‘ Please run the following command to download new browsers:              â•‘
    â•‘                                                                         â•‘
    â•‘     npx playwright install                                              â•‘
    â•‘                                                                         â•‘
    â•‘ <3 Playwright Team                                                      â•‘
    â•šâ•â•â•â•â•â•â•â•â•â•â•â•â•â•â•â•â•â•â•â•â•â•â•â•â•â•â•â•â•â•â•â•â•â•â•â•â•â•â•â•â•â•â•â•â•â•â•â•â•â•â•â•â•â•â•â•â•â•â•â•â•â•â•â•â•â•â•â•â•â•â•â•â•â•

    attachment #1: trace (application/zip) â”€â”€â”€â”€â”€â”€â”€â”€â”€â”€â”€â”€â”€â”€â”€â”€â”€â”€â”€â”€â”€â”€â”€â”€â”€â”€â”€â”€â”€â”€â”€â”€â”€â”€â”€â”€â”€â”€â”€â”€â”€â”€â”€â”€â”€â”€â”€â”€â”€â”€â”€â”€â”€â”€â”€â”€â”€
>>>>>>> c10fed3e5432c01cfc3035d31d7049d1407e7bed
    test-results\artifacts\playwright-dre-interface-âš¡-841a8-empo-de-carregamento-do-DRE-DRE-Desktop-Chrome\trace.zip
    Usage:

        npx playwright show-trace test-results\artifacts\playwright-dre-interface-âš¡-841a8-empo-de-carregamento-do-DRE-DRE-Desktop-Chrome\trace.zip

    â”€â”€â”€â”€â”€â”€â”€â”€â”€â”€â”€â”€â”€â”€â”€â”€â”€â”€â”€â”€â”€â”€â”€â”€â”€â”€â”€â”€â”€â”€â”€â”€â”€â”€â”€â”€â”€â”€â”€â”€â”€â”€â”€â”€â”€â”€â”€â”€â”€â”€â”€â”€â”€â”€â”€â”€â”€â”€â”€â”€â”€â”€â”€â”€â”€â”€â”€â”€â”€â”€â”€â”€â”€â”€â”€â”€â”€â”€â”€â”€â”€â”€â”€â”€â”€â”€â”€â”€â”€â”€â”€â”€â”€â”€â”€â”€

    Retry #1 â”€â”€â”€â”€â”€â”€â”€â”€â”€â”€â”€â”€â”€â”€â”€â”€â”€â”€â”€â”€â”€â”€â”€â”€â”€â”€â”€â”€â”€â”€â”€â”€â”€â”€â”€â”€â”€â”€â”€â”€â”€â”€â”€â”€â”€â”€â”€â”€â”€â”€â”€â”€â”€â”€â”€â”€â”€â”€â”€â”€â”€â”€â”€â”€â”€â”€â”€â”€â”€â”€â”€â”€â”€â”€â”€â”€â”€â”€â”€â”€â”€â”€â”€â”€â”€â”€â”€

<<<<<<< HEAD
    TimeoutError: page.waitForURL: Timeout 15000ms exceeded.
    =========================== logs ===========================
    waiting for navigation to "**/dre" until "load"
    ============================================================

      34 |       
      35 |       // Aguardar redirecionamento
    > 36 |       await page.waitForURL('**/dre', { timeout: 15000 });
         |                  ^
      37 |     }
      38 |     
      39 |     // Verificar se estÃ¡ na pÃ¡gina DRE
        at loginIfNeeded (C:\federal-clone\federal-novo-main\__tests__\playwright-dre-interface.test.ts:36:18)
        at C:\federal-clone\federal-novo-main\__tests__\playwright-dre-interface.test.ts:421:5

    attachment #1: screenshot (image/png) â”€â”€â”€â”€â”€â”€â”€â”€â”€â”€â”€â”€â”€â”€â”€â”€â”€â”€â”€â”€â”€â”€â”€â”€â”€â”€â”€â”€â”€â”€â”€â”€â”€â”€â”€â”€â”€â”€â”€â”€â”€â”€â”€â”€â”€â”€â”€â”€â”€â”€â”€â”€â”€â”€â”€â”€â”€â”€
    test-results\artifacts\playwright-dre-interface-âš¡-841a8-empo-de-carregamento-do-DRE-DRE-Desktop-Chrome-retry1\test-failed-1.png
    â”€â”€â”€â”€â”€â”€â”€â”€â”€â”€â”€â”€â”€â”€â”€â”€â”€â”€â”€â”€â”€â”€â”€â”€â”€â”€â”€â”€â”€â”€â”€â”€â”€â”€â”€â”€â”€â”€â”€â”€â”€â”€â”€â”€â”€â”€â”€â”€â”€â”€â”€â”€â”€â”€â”€â”€â”€â”€â”€â”€â”€â”€â”€â”€â”€â”€â”€â”€â”€â”€â”€â”€â”€â”€â”€â”€â”€â”€â”€â”€â”€â”€â”€â”€â”€â”€â”€â”€â”€â”€â”€â”€â”€â”€â”€â”€

    attachment #2: video (video/webm) â”€â”€â”€â”€â”€â”€â”€â”€â”€â”€â”€â”€â”€â”€â”€â”€â”€â”€â”€â”€â”€â”€â”€â”€â”€â”€â”€â”€â”€â”€â”€â”€â”€â”€â”€â”€â”€â”€â”€â”€â”€â”€â”€â”€â”€â”€â”€â”€â”€â”€â”€â”€â”€â”€â”€â”€â”€â”€â”€â”€â”€â”€
    test-results\artifacts\playwright-dre-interface-âš¡-841a8-empo-de-carregamento-do-DRE-DRE-Desktop-Chrome-retry1\video.webm
    â”€â”€â”€â”€â”€â”€â”€â”€â”€â”€â”€â”€â”€â”€â”€â”€â”€â”€â”€â”€â”€â”€â”€â”€â”€â”€â”€â”€â”€â”€â”€â”€â”€â”€â”€â”€â”€â”€â”€â”€â”€â”€â”€â”€â”€â”€â”€â”€â”€â”€â”€â”€â”€â”€â”€â”€â”€â”€â”€â”€â”€â”€â”€â”€â”€â”€â”€â”€â”€â”€â”€â”€â”€â”€â”€â”€â”€â”€â”€â”€â”€â”€â”€â”€â”€â”€â”€â”€â”€â”€â”€â”€â”€â”€â”€â”€

    Error Context: ..\test-results\artifacts\playwright-dre-interface-âš¡-841a8-empo-de-carregamento-do-DRE-DRE-Desktop-Chrome-retry1\error-context.md

    attachment #4: trace (application/zip) â”€â”€â”€â”€â”€â”€â”€â”€â”€â”€â”€â”€â”€â”€â”€â”€â”€â”€â”€â”€â”€â”€â”€â”€â”€â”€â”€â”€â”€â”€â”€â”€â”€â”€â”€â”€â”€â”€â”€â”€â”€â”€â”€â”€â”€â”€â”€â”€â”€â”€â”€â”€â”€â”€â”€â”€â”€
=======
    Error: browserType.launch: Executable doesn't exist at C:\Users\rafaf\AppData\Local\ms-playwright\chromium_headless_shell-1178\chrome-win\headless_shell.exe
    â•”â•â•â•â•â•â•â•â•â•â•â•â•â•â•â•â•â•â•â•â•â•â•â•â•â•â•â•â•â•â•â•â•â•â•â•â•â•â•â•â•â•â•â•â•â•â•â•â•â•â•â•â•â•â•â•â•â•â•â•â•â•â•â•â•â•â•â•â•â•â•â•â•â•â•—
    â•‘ Looks like Playwright Test or Playwright was just installed or updated. â•‘
    â•‘ Please run the following command to download new browsers:              â•‘
    â•‘                                                                         â•‘
    â•‘     npx playwright install                                              â•‘
    â•‘                                                                         â•‘
    â•‘ <3 Playwright Team                                                      â•‘
    â•šâ•â•â•â•â•â•â•â•â•â•â•â•â•â•â•â•â•â•â•â•â•â•â•â•â•â•â•â•â•â•â•â•â•â•â•â•â•â•â•â•â•â•â•â•â•â•â•â•â•â•â•â•â•â•â•â•â•â•â•â•â•â•â•â•â•â•â•â•â•â•â•â•â•â•

    attachment #1: trace (application/zip) â”€â”€â”€â”€â”€â”€â”€â”€â”€â”€â”€â”€â”€â”€â”€â”€â”€â”€â”€â”€â”€â”€â”€â”€â”€â”€â”€â”€â”€â”€â”€â”€â”€â”€â”€â”€â”€â”€â”€â”€â”€â”€â”€â”€â”€â”€â”€â”€â”€â”€â”€â”€â”€â”€â”€â”€â”€
>>>>>>> c10fed3e5432c01cfc3035d31d7049d1407e7bed
    test-results\artifacts\playwright-dre-interface-âš¡-841a8-empo-de-carregamento-do-DRE-DRE-Desktop-Chrome-retry1\trace.zip
    Usage:

        npx playwright show-trace test-results\artifacts\playwright-dre-interface-âš¡-841a8-empo-de-carregamento-do-DRE-DRE-Desktop-Chrome-retry1\trace.zip

    â”€â”€â”€â”€â”€â”€â”€â”€â”€â”€â”€â”€â”€â”€â”€â”€â”€â”€â”€â”€â”€â”€â”€â”€â”€â”€â”€â”€â”€â”€â”€â”€â”€â”€â”€â”€â”€â”€â”€â”€â”€â”€â”€â”€â”€â”€â”€â”€â”€â”€â”€â”€â”€â”€â”€â”€â”€â”€â”€â”€â”€â”€â”€â”€â”€â”€â”€â”€â”€â”€â”€â”€â”€â”€â”€â”€â”€â”€â”€â”€â”€â”€â”€â”€â”€â”€â”€â”€â”€â”€â”€â”€â”€â”€â”€â”€
]]>
</failure>
<system-out>
<<<<<<< HEAD
<![CDATA[ğŸ” Login necessÃ¡rio, fazendo autenticaÃ§Ã£o...

[[ATTACHMENT|artifacts\playwright-dre-interface-âš¡-841a8-empo-de-carregamento-do-DRE-DRE-Desktop-Chrome\test-failed-1.png]]

[[ATTACHMENT|artifacts\playwright-dre-interface-âš¡-841a8-empo-de-carregamento-do-DRE-DRE-Desktop-Chrome\video.webm]]

[[ATTACHMENT|artifacts\playwright-dre-interface-âš¡-841a8-empo-de-carregamento-do-DRE-DRE-Desktop-Chrome\error-context.md]]

[[ATTACHMENT|artifacts\playwright-dre-interface-âš¡-841a8-empo-de-carregamento-do-DRE-DRE-Desktop-Chrome\trace.zip]]
ğŸ” Login necessÃ¡rio, fazendo autenticaÃ§Ã£o...

[[ATTACHMENT|artifacts\playwright-dre-interface-âš¡-841a8-empo-de-carregamento-do-DRE-DRE-Desktop-Chrome-retry1\test-failed-1.png]]

[[ATTACHMENT|artifacts\playwright-dre-interface-âš¡-841a8-empo-de-carregamento-do-DRE-DRE-Desktop-Chrome-retry1\video.webm]]

[[ATTACHMENT|artifacts\playwright-dre-interface-âš¡-841a8-empo-de-carregamento-do-DRE-DRE-Desktop-Chrome-retry1\error-context.md]]
=======
<![CDATA[
[[ATTACHMENT|artifacts\playwright-dre-interface-âš¡-841a8-empo-de-carregamento-do-DRE-DRE-Desktop-Chrome\trace.zip]]
>>>>>>> c10fed3e5432c01cfc3035d31d7049d1407e7bed

[[ATTACHMENT|artifacts\playwright-dre-interface-âš¡-841a8-empo-de-carregamento-do-DRE-DRE-Desktop-Chrome-retry1\trace.zip]]
]]>
</system-out>
<<<<<<< HEAD
<system-err>
<![CDATA[âŒ Erro na autenticaÃ§Ã£o: page.waitForURL: Timeout 15000ms exceeded.
=========================== logs ===========================
waiting for navigation to "**/dre" until "load"
============================================================
    at loginIfNeeded [90m(C:\federal-clone\federal-novo-main\[39m__tests__\playwright-dre-interface.test.ts:36:18[90m)[39m
    at [90mC:\federal-clone\federal-novo-main\[39m__tests__\playwright-dre-interface.test.ts:421:5 {
  name: [32m'TimeoutError'[39m,
  [[32mSymbol(step)[39m]: {
    stepId: [32m'pw:api@13'[39m,
    location: {
      file: [32m'C:\\federal-clone\\federal-novo-main\\__tests__\\playwright-dre-interface.test.ts'[39m,
      line: [33m36[39m,
      column: [33m18[39m,
      function: [32m'loginIfNeeded'[39m
    },
    category: [32m'pw:api'[39m,
    title: [32m'Wait for navigation'[39m,
    apiName: [32m'page.waitForURL'[39m,
    params: { info: [36m[Object][39m },
    boxedStack: [90mundefined[39m,
    steps: [],
    attachmentIndices: [],
    info: TestStepInfoImpl {
      annotations: [],
      _testInfo: [36m[TestInfoImpl][39m,
      _stepId: [32m'pw:api@13'[39m
    },
    complete: [36m[Function: complete][39m,
    endWallTime: [33m1754667791858[39m,
    error: {
      message: [32m'TimeoutError: page.waitForURL: Timeout 15000ms exceeded.\n'[39m +
        [32m'=========================== logs ===========================\n'[39m +
        [32m'waiting for navigation to "**/dre" until "load"\n'[39m +
        [32m'============================================================'[39m,
      stack: [32m'TimeoutError: page.waitForURL: Timeout 15000ms exceeded.\n'[39m +
        [32m'=========================== logs ===========================\n'[39m +
        [32m'waiting for navigation to "**/dre" until "load"\n'[39m +
        [32m'============================================================\n'[39m +
        [32m'    at loginIfNeeded (C:\\federal-clone\\federal-novo-main\\__tests__\\playwright-dre-interface.test.ts:36:18)\n'[39m +
        [32m'    at C:\\federal-clone\\federal-novo-main\\__tests__\\playwright-dre-interface.test.ts:421:5'[39m,
      cause: [90mundefined[39m
    }
  }
}
âŒ Erro na autenticaÃ§Ã£o: page.waitForURL: Timeout 15000ms exceeded.
=========================== logs ===========================
waiting for navigation to "**/dre" until "load"
============================================================
    at loginIfNeeded [90m(C:\federal-clone\federal-novo-main\[39m__tests__\playwright-dre-interface.test.ts:36:18[90m)[39m
    at [90mC:\federal-clone\federal-novo-main\[39m__tests__\playwright-dre-interface.test.ts:421:5 {
  name: [32m'TimeoutError'[39m,
  [[32mSymbol(step)[39m]: {
    stepId: [32m'pw:api@13'[39m,
    location: {
      file: [32m'C:\\federal-clone\\federal-novo-main\\__tests__\\playwright-dre-interface.test.ts'[39m,
      line: [33m36[39m,
      column: [33m18[39m,
      function: [32m'loginIfNeeded'[39m
    },
    category: [32m'pw:api'[39m,
    title: [32m'Wait for navigation'[39m,
    apiName: [32m'page.waitForURL'[39m,
    params: { info: [36m[Object][39m },
    boxedStack: [90mundefined[39m,
    steps: [],
    attachmentIndices: [],
    info: TestStepInfoImpl {
      annotations: [],
      _testInfo: [36m[TestInfoImpl][39m,
      _stepId: [32m'pw:api@13'[39m
    },
    complete: [36m[Function: complete][39m,
    endWallTime: [33m1754667824132[39m,
    error: {
      message: [32m'TimeoutError: page.waitForURL: Timeout 15000ms exceeded.\n'[39m +
        [32m'=========================== logs ===========================\n'[39m +
        [32m'waiting for navigation to "**/dre" until "load"\n'[39m +
        [32m'============================================================'[39m,
      stack: [32m'TimeoutError: page.waitForURL: Timeout 15000ms exceeded.\n'[39m +
        [32m'=========================== logs ===========================\n'[39m +
        [32m'waiting for navigation to "**/dre" until "load"\n'[39m +
        [32m'============================================================\n'[39m +
        [32m'    at loginIfNeeded (C:\\federal-clone\\federal-novo-main\\__tests__\\playwright-dre-interface.test.ts:36:18)\n'[39m +
        [32m'    at C:\\federal-clone\\federal-novo-main\\__tests__\\playwright-dre-interface.test.ts:421:5'[39m,
      cause: [90mundefined[39m
    }
  }
}
]]>
</system-err>
</testcase>
</testsuite>
<testsuite name="playwright-dre-interface.test.ts" timestamp="2025-08-08T15:36:51.732Z" hostname="DRE-Desktop-Firefox" tests="6" failures="6" skipped="0" time="0.901" errors="0">
<testcase name="ğŸ§ª DRE Tax Deductions Interface Tests â€º ğŸ” Bug 1: Testar tab Mensal - Valor zerado na tabela" classname="playwright-dre-interface.test.ts" time="0.126">
<failure message="playwright-dre-interface.test.ts:192:7 ğŸ” Bug 1: Testar tab Mensal - Valor zerado na tabela" type="FAILURE">
<![CDATA[  [DRE-Desktop-Firefox] â€º playwright-dre-interface.test.ts:192:7 â€º ğŸ§ª DRE Tax Deductions Interface Tests â€º ğŸ” Bug 1: Testar tab Mensal - Valor zerado na tabela 

    Error: browser.newContext: Unknown permission: clipboard-read
=======
</testcase>
</testsuite>
<testsuite name="playwright-dre-interface.test.ts" timestamp="2025-08-08T16:01:17.476Z" hostname="DRE-Desktop-Firefox" tests="6" failures="6" skipped="0" time="0.028" errors="0">
<testcase name="ğŸ§ª DRE Tax Deductions Interface Tests â€º ğŸ” Bug 1: Testar tab Mensal - Valor zerado na tabela" classname="playwright-dre-interface.test.ts" time="0.006">
<failure message="playwright-dre-interface.test.ts:208:7 ğŸ” Bug 1: Testar tab Mensal - Valor zerado na tabela" type="FAILURE">
<![CDATA[  [DRE-Desktop-Firefox] â€º playwright-dre-interface.test.ts:208:7 â€º ğŸ§ª DRE Tax Deductions Interface Tests â€º ğŸ” Bug 1: Testar tab Mensal - Valor zerado na tabela 

    Error: browserType.launch: Executable doesn't exist at C:\Users\rafaf\AppData\Local\ms-playwright\firefox-1487\firefox\firefox.exe
    â•”â•â•â•â•â•â•â•â•â•â•â•â•â•â•â•â•â•â•â•â•â•â•â•â•â•â•â•â•â•â•â•â•â•â•â•â•â•â•â•â•â•â•â•â•â•â•â•â•â•â•â•â•â•â•â•â•â•â•â•â•â•â•â•â•â•â•â•â•â•â•â•â•â•â•—
    â•‘ Looks like Playwright Test or Playwright was just installed or updated. â•‘
    â•‘ Please run the following command to download new browsers:              â•‘
    â•‘                                                                         â•‘
    â•‘     npx playwright install                                              â•‘
    â•‘                                                                         â•‘
    â•‘ <3 Playwright Team                                                      â•‘
    â•šâ•â•â•â•â•â•â•â•â•â•â•â•â•â•â•â•â•â•â•â•â•â•â•â•â•â•â•â•â•â•â•â•â•â•â•â•â•â•â•â•â•â•â•â•â•â•â•â•â•â•â•â•â•â•â•â•â•â•â•â•â•â•â•â•â•â•â•â•â•â•â•â•â•â•
>>>>>>> c10fed3e5432c01cfc3035d31d7049d1407e7bed

    attachment #1: trace (application/zip) â”€â”€â”€â”€â”€â”€â”€â”€â”€â”€â”€â”€â”€â”€â”€â”€â”€â”€â”€â”€â”€â”€â”€â”€â”€â”€â”€â”€â”€â”€â”€â”€â”€â”€â”€â”€â”€â”€â”€â”€â”€â”€â”€â”€â”€â”€â”€â”€â”€â”€â”€â”€â”€â”€â”€â”€â”€
    test-results\artifacts\playwright-dre-interface-ï¿½-1e805-al---Valor-zerado-na-tabela-DRE-Desktop-Firefox\trace.zip
    Usage:

        npx playwright show-trace test-results\artifacts\playwright-dre-interface-ï¿½-1e805-al---Valor-zerado-na-tabela-DRE-Desktop-Firefox\trace.zip

    â”€â”€â”€â”€â”€â”€â”€â”€â”€â”€â”€â”€â”€â”€â”€â”€â”€â”€â”€â”€â”€â”€â”€â”€â”€â”€â”€â”€â”€â”€â”€â”€â”€â”€â”€â”€â”€â”€â”€â”€â”€â”€â”€â”€â”€â”€â”€â”€â”€â”€â”€â”€â”€â”€â”€â”€â”€â”€â”€â”€â”€â”€â”€â”€â”€â”€â”€â”€â”€â”€â”€â”€â”€â”€â”€â”€â”€â”€â”€â”€â”€â”€â”€â”€â”€â”€â”€â”€â”€â”€â”€â”€â”€â”€â”€â”€

    Retry #1 â”€â”€â”€â”€â”€â”€â”€â”€â”€â”€â”€â”€â”€â”€â”€â”€â”€â”€â”€â”€â”€â”€â”€â”€â”€â”€â”€â”€â”€â”€â”€â”€â”€â”€â”€â”€â”€â”€â”€â”€â”€â”€â”€â”€â”€â”€â”€â”€â”€â”€â”€â”€â”€â”€â”€â”€â”€â”€â”€â”€â”€â”€â”€â”€â”€â”€â”€â”€â”€â”€â”€â”€â”€â”€â”€â”€â”€â”€â”€â”€â”€â”€â”€â”€â”€â”€â”€

<<<<<<< HEAD
    Error: browser.newContext: Unknown permission: clipboard-read
=======
    Error: browserType.launch: Executable doesn't exist at C:\Users\rafaf\AppData\Local\ms-playwright\firefox-1487\firefox\firefox.exe
    â•”â•â•â•â•â•â•â•â•â•â•â•â•â•â•â•â•â•â•â•â•â•â•â•â•â•â•â•â•â•â•â•â•â•â•â•â•â•â•â•â•â•â•â•â•â•â•â•â•â•â•â•â•â•â•â•â•â•â•â•â•â•â•â•â•â•â•â•â•â•â•â•â•â•â•—
    â•‘ Looks like Playwright Test or Playwright was just installed or updated. â•‘
    â•‘ Please run the following command to download new browsers:              â•‘
    â•‘                                                                         â•‘
    â•‘     npx playwright install                                              â•‘
    â•‘                                                                         â•‘
    â•‘ <3 Playwright Team                                                      â•‘
    â•šâ•â•â•â•â•â•â•â•â•â•â•â•â•â•â•â•â•â•â•â•â•â•â•â•â•â•â•â•â•â•â•â•â•â•â•â•â•â•â•â•â•â•â•â•â•â•â•â•â•â•â•â•â•â•â•â•â•â•â•â•â•â•â•â•â•â•â•â•â•â•â•â•â•â•
>>>>>>> c10fed3e5432c01cfc3035d31d7049d1407e7bed

    attachment #1: trace (application/zip) â”€â”€â”€â”€â”€â”€â”€â”€â”€â”€â”€â”€â”€â”€â”€â”€â”€â”€â”€â”€â”€â”€â”€â”€â”€â”€â”€â”€â”€â”€â”€â”€â”€â”€â”€â”€â”€â”€â”€â”€â”€â”€â”€â”€â”€â”€â”€â”€â”€â”€â”€â”€â”€â”€â”€â”€â”€
    test-results\artifacts\playwright-dre-interface-ï¿½-1e805-al---Valor-zerado-na-tabela-DRE-Desktop-Firefox-retry1\trace.zip
    Usage:

        npx playwright show-trace test-results\artifacts\playwright-dre-interface-ï¿½-1e805-al---Valor-zerado-na-tabela-DRE-Desktop-Firefox-retry1\trace.zip

    â”€â”€â”€â”€â”€â”€â”€â”€â”€â”€â”€â”€â”€â”€â”€â”€â”€â”€â”€â”€â”€â”€â”€â”€â”€â”€â”€â”€â”€â”€â”€â”€â”€â”€â”€â”€â”€â”€â”€â”€â”€â”€â”€â”€â”€â”€â”€â”€â”€â”€â”€â”€â”€â”€â”€â”€â”€â”€â”€â”€â”€â”€â”€â”€â”€â”€â”€â”€â”€â”€â”€â”€â”€â”€â”€â”€â”€â”€â”€â”€â”€â”€â”€â”€â”€â”€â”€â”€â”€â”€â”€â”€â”€â”€â”€â”€
]]>
</failure>
<system-out>
<![CDATA[
[[ATTACHMENT|artifacts\playwright-dre-interface-ï¿½-1e805-al---Valor-zerado-na-tabela-DRE-Desktop-Firefox\trace.zip]]

[[ATTACHMENT|artifacts\playwright-dre-interface-ï¿½-1e805-al---Valor-zerado-na-tabela-DRE-Desktop-Firefox-retry1\trace.zip]]
]]>
</system-out>
</testcase>
<<<<<<< HEAD
<testcase name="ğŸ§ª DRE Tax Deductions Interface Tests â€º ğŸ” Bug 2: Testar tab Trimestral - Valor incorreto (23.333.333)" classname="playwright-dre-interface.test.ts" time="0.12">
<failure message="playwright-dre-interface.test.ts:241:7 ğŸ” Bug 2: Testar tab Trimestral - Valor incorreto (23.333.333)" type="FAILURE">
<![CDATA[  [DRE-Desktop-Firefox] â€º playwright-dre-interface.test.ts:241:7 â€º ğŸ§ª DRE Tax Deductions Interface Tests â€º ğŸ” Bug 2: Testar tab Trimestral - Valor incorreto (23.333.333) 

    Error: browser.newContext: Unknown permission: clipboard-read
=======
<testcase name="ğŸ§ª DRE Tax Deductions Interface Tests â€º ğŸ” Bug 2: Testar tab Trimestral - Valor incorreto (23.333.333)" classname="playwright-dre-interface.test.ts" time="0.004">
<failure message="playwright-dre-interface.test.ts:257:7 ğŸ” Bug 2: Testar tab Trimestral - Valor incorreto (23.333.333)" type="FAILURE">
<![CDATA[  [DRE-Desktop-Firefox] â€º playwright-dre-interface.test.ts:257:7 â€º ğŸ§ª DRE Tax Deductions Interface Tests â€º ğŸ” Bug 2: Testar tab Trimestral - Valor incorreto (23.333.333) 

    Error: browserType.launch: Executable doesn't exist at C:\Users\rafaf\AppData\Local\ms-playwright\firefox-1487\firefox\firefox.exe
    â•”â•â•â•â•â•â•â•â•â•â•â•â•â•â•â•â•â•â•â•â•â•â•â•â•â•â•â•â•â•â•â•â•â•â•â•â•â•â•â•â•â•â•â•â•â•â•â•â•â•â•â•â•â•â•â•â•â•â•â•â•â•â•â•â•â•â•â•â•â•â•â•â•â•â•—
    â•‘ Looks like Playwright Test or Playwright was just installed or updated. â•‘
    â•‘ Please run the following command to download new browsers:              â•‘
    â•‘                                                                         â•‘
    â•‘     npx playwright install                                              â•‘
    â•‘                                                                         â•‘
    â•‘ <3 Playwright Team                                                      â•‘
    â•šâ•â•â•â•â•â•â•â•â•â•â•â•â•â•â•â•â•â•â•â•â•â•â•â•â•â•â•â•â•â•â•â•â•â•â•â•â•â•â•â•â•â•â•â•â•â•â•â•â•â•â•â•â•â•â•â•â•â•â•â•â•â•â•â•â•â•â•â•â•â•â•â•â•â•
>>>>>>> c10fed3e5432c01cfc3035d31d7049d1407e7bed

    attachment #1: trace (application/zip) â”€â”€â”€â”€â”€â”€â”€â”€â”€â”€â”€â”€â”€â”€â”€â”€â”€â”€â”€â”€â”€â”€â”€â”€â”€â”€â”€â”€â”€â”€â”€â”€â”€â”€â”€â”€â”€â”€â”€â”€â”€â”€â”€â”€â”€â”€â”€â”€â”€â”€â”€â”€â”€â”€â”€â”€â”€
    test-results\artifacts\playwright-dre-interface-ï¿½-fdd79-Valor-incorreto-23-333-333--DRE-Desktop-Firefox\trace.zip
    Usage:

        npx playwright show-trace test-results\artifacts\playwright-dre-interface-ï¿½-fdd79-Valor-incorreto-23-333-333--DRE-Desktop-Firefox\trace.zip

    â”€â”€â”€â”€â”€â”€â”€â”€â”€â”€â”€â”€â”€â”€â”€â”€â”€â”€â”€â”€â”€â”€â”€â”€â”€â”€â”€â”€â”€â”€â”€â”€â”€â”€â”€â”€â”€â”€â”€â”€â”€â”€â”€â”€â”€â”€â”€â”€â”€â”€â”€â”€â”€â”€â”€â”€â”€â”€â”€â”€â”€â”€â”€â”€â”€â”€â”€â”€â”€â”€â”€â”€â”€â”€â”€â”€â”€â”€â”€â”€â”€â”€â”€â”€â”€â”€â”€â”€â”€â”€â”€â”€â”€â”€â”€â”€

    Retry #1 â”€â”€â”€â”€â”€â”€â”€â”€â”€â”€â”€â”€â”€â”€â”€â”€â”€â”€â”€â”€â”€â”€â”€â”€â”€â”€â”€â”€â”€â”€â”€â”€â”€â”€â”€â”€â”€â”€â”€â”€â”€â”€â”€â”€â”€â”€â”€â”€â”€â”€â”€â”€â”€â”€â”€â”€â”€â”€â”€â”€â”€â”€â”€â”€â”€â”€â”€â”€â”€â”€â”€â”€â”€â”€â”€â”€â”€â”€â”€â”€â”€â”€â”€â”€â”€â”€â”€

<<<<<<< HEAD
    Error: browser.newContext: Unknown permission: clipboard-read
=======
    Error: browserType.launch: Executable doesn't exist at C:\Users\rafaf\AppData\Local\ms-playwright\firefox-1487\firefox\firefox.exe
    â•”â•â•â•â•â•â•â•â•â•â•â•â•â•â•â•â•â•â•â•â•â•â•â•â•â•â•â•â•â•â•â•â•â•â•â•â•â•â•â•â•â•â•â•â•â•â•â•â•â•â•â•â•â•â•â•â•â•â•â•â•â•â•â•â•â•â•â•â•â•â•â•â•â•â•—
    â•‘ Looks like Playwright Test or Playwright was just installed or updated. â•‘
    â•‘ Please run the following command to download new browsers:              â•‘
    â•‘                                                                         â•‘
    â•‘     npx playwright install                                              â•‘
    â•‘                                                                         â•‘
    â•‘ <3 Playwright Team                                                      â•‘
    â•šâ•â•â•â•â•â•â•â•â•â•â•â•â•â•â•â•â•â•â•â•â•â•â•â•â•â•â•â•â•â•â•â•â•â•â•â•â•â•â•â•â•â•â•â•â•â•â•â•â•â•â•â•â•â•â•â•â•â•â•â•â•â•â•â•â•â•â•â•â•â•â•â•â•â•
>>>>>>> c10fed3e5432c01cfc3035d31d7049d1407e7bed

    attachment #1: trace (application/zip) â”€â”€â”€â”€â”€â”€â”€â”€â”€â”€â”€â”€â”€â”€â”€â”€â”€â”€â”€â”€â”€â”€â”€â”€â”€â”€â”€â”€â”€â”€â”€â”€â”€â”€â”€â”€â”€â”€â”€â”€â”€â”€â”€â”€â”€â”€â”€â”€â”€â”€â”€â”€â”€â”€â”€â”€â”€
    test-results\artifacts\playwright-dre-interface-ï¿½-fdd79-Valor-incorreto-23-333-333--DRE-Desktop-Firefox-retry1\trace.zip
    Usage:

        npx playwright show-trace test-results\artifacts\playwright-dre-interface-ï¿½-fdd79-Valor-incorreto-23-333-333--DRE-Desktop-Firefox-retry1\trace.zip

    â”€â”€â”€â”€â”€â”€â”€â”€â”€â”€â”€â”€â”€â”€â”€â”€â”€â”€â”€â”€â”€â”€â”€â”€â”€â”€â”€â”€â”€â”€â”€â”€â”€â”€â”€â”€â”€â”€â”€â”€â”€â”€â”€â”€â”€â”€â”€â”€â”€â”€â”€â”€â”€â”€â”€â”€â”€â”€â”€â”€â”€â”€â”€â”€â”€â”€â”€â”€â”€â”€â”€â”€â”€â”€â”€â”€â”€â”€â”€â”€â”€â”€â”€â”€â”€â”€â”€â”€â”€â”€â”€â”€â”€â”€â”€â”€
]]>
</failure>
<system-out>
<![CDATA[
[[ATTACHMENT|artifacts\playwright-dre-interface-ï¿½-fdd79-Valor-incorreto-23-333-333--DRE-Desktop-Firefox\trace.zip]]

[[ATTACHMENT|artifacts\playwright-dre-interface-ï¿½-fdd79-Valor-incorreto-23-333-333--DRE-Desktop-Firefox-retry1\trace.zip]]
]]>
</system-out>
</testcase>
<<<<<<< HEAD
<testcase name="ğŸ§ª DRE Tax Deductions Interface Tests â€º ğŸ“Š Testar navegaÃ§Ã£o entre tabs e persistÃªncia de dados" classname="playwright-dre-interface.test.ts" time="0.234">
<failure message="playwright-dre-interface.test.ts:298:7 ğŸ“Š Testar navegaÃ§Ã£o entre tabs e persistÃªncia de dados" type="FAILURE">
<![CDATA[  [DRE-Desktop-Firefox] â€º playwright-dre-interface.test.ts:298:7 â€º ğŸ§ª DRE Tax Deductions Interface Tests â€º ğŸ“Š Testar navegaÃ§Ã£o entre tabs e persistÃªncia de dados 

    Error: browser.newContext: Unknown permission: clipboard-read
=======
<testcase name="ğŸ§ª DRE Tax Deductions Interface Tests â€º ğŸ“Š Testar navegaÃ§Ã£o entre tabs e persistÃªncia de dados" classname="playwright-dre-interface.test.ts" time="0.004">
<failure message="playwright-dre-interface.test.ts:314:7 ğŸ“Š Testar navegaÃ§Ã£o entre tabs e persistÃªncia de dados" type="FAILURE">
<![CDATA[  [DRE-Desktop-Firefox] â€º playwright-dre-interface.test.ts:314:7 â€º ğŸ§ª DRE Tax Deductions Interface Tests â€º ğŸ“Š Testar navegaÃ§Ã£o entre tabs e persistÃªncia de dados 

    Error: browserType.launch: Executable doesn't exist at C:\Users\rafaf\AppData\Local\ms-playwright\firefox-1487\firefox\firefox.exe
    â•”â•â•â•â•â•â•â•â•â•â•â•â•â•â•â•â•â•â•â•â•â•â•â•â•â•â•â•â•â•â•â•â•â•â•â•â•â•â•â•â•â•â•â•â•â•â•â•â•â•â•â•â•â•â•â•â•â•â•â•â•â•â•â•â•â•â•â•â•â•â•â•â•â•â•—
    â•‘ Looks like Playwright Test or Playwright was just installed or updated. â•‘
    â•‘ Please run the following command to download new browsers:              â•‘
    â•‘                                                                         â•‘
    â•‘     npx playwright install                                              â•‘
    â•‘                                                                         â•‘
    â•‘ <3 Playwright Team                                                      â•‘
    â•šâ•â•â•â•â•â•â•â•â•â•â•â•â•â•â•â•â•â•â•â•â•â•â•â•â•â•â•â•â•â•â•â•â•â•â•â•â•â•â•â•â•â•â•â•â•â•â•â•â•â•â•â•â•â•â•â•â•â•â•â•â•â•â•â•â•â•â•â•â•â•â•â•â•â•
>>>>>>> c10fed3e5432c01cfc3035d31d7049d1407e7bed

    attachment #1: trace (application/zip) â”€â”€â”€â”€â”€â”€â”€â”€â”€â”€â”€â”€â”€â”€â”€â”€â”€â”€â”€â”€â”€â”€â”€â”€â”€â”€â”€â”€â”€â”€â”€â”€â”€â”€â”€â”€â”€â”€â”€â”€â”€â”€â”€â”€â”€â”€â”€â”€â”€â”€â”€â”€â”€â”€â”€â”€â”€
    test-results\artifacts\playwright-dre-interface-ï¿½-fa4c8-abs-e-persistÃªncia-de-dados-DRE-Desktop-Firefox\trace.zip
    Usage:

        npx playwright show-trace test-results\artifacts\playwright-dre-interface-ï¿½-fa4c8-abs-e-persistÃªncia-de-dados-DRE-Desktop-Firefox\trace.zip

    â”€â”€â”€â”€â”€â”€â”€â”€â”€â”€â”€â”€â”€â”€â”€â”€â”€â”€â”€â”€â”€â”€â”€â”€â”€â”€â”€â”€â”€â”€â”€â”€â”€â”€â”€â”€â”€â”€â”€â”€â”€â”€â”€â”€â”€â”€â”€â”€â”€â”€â”€â”€â”€â”€â”€â”€â”€â”€â”€â”€â”€â”€â”€â”€â”€â”€â”€â”€â”€â”€â”€â”€â”€â”€â”€â”€â”€â”€â”€â”€â”€â”€â”€â”€â”€â”€â”€â”€â”€â”€â”€â”€â”€â”€â”€â”€

    Retry #1 â”€â”€â”€â”€â”€â”€â”€â”€â”€â”€â”€â”€â”€â”€â”€â”€â”€â”€â”€â”€â”€â”€â”€â”€â”€â”€â”€â”€â”€â”€â”€â”€â”€â”€â”€â”€â”€â”€â”€â”€â”€â”€â”€â”€â”€â”€â”€â”€â”€â”€â”€â”€â”€â”€â”€â”€â”€â”€â”€â”€â”€â”€â”€â”€â”€â”€â”€â”€â”€â”€â”€â”€â”€â”€â”€â”€â”€â”€â”€â”€â”€â”€â”€â”€â”€â”€â”€

<<<<<<< HEAD
    Error: browser.newContext: Unknown permission: clipboard-read
=======
    Error: browserType.launch: Executable doesn't exist at C:\Users\rafaf\AppData\Local\ms-playwright\firefox-1487\firefox\firefox.exe
    â•”â•â•â•â•â•â•â•â•â•â•â•â•â•â•â•â•â•â•â•â•â•â•â•â•â•â•â•â•â•â•â•â•â•â•â•â•â•â•â•â•â•â•â•â•â•â•â•â•â•â•â•â•â•â•â•â•â•â•â•â•â•â•â•â•â•â•â•â•â•â•â•â•â•â•—
    â•‘ Looks like Playwright Test or Playwright was just installed or updated. â•‘
    â•‘ Please run the following command to download new browsers:              â•‘
    â•‘                                                                         â•‘
    â•‘     npx playwright install                                              â•‘
    â•‘                                                                         â•‘
    â•‘ <3 Playwright Team                                                      â•‘
    â•šâ•â•â•â•â•â•â•â•â•â•â•â•â•â•â•â•â•â•â•â•â•â•â•â•â•â•â•â•â•â•â•â•â•â•â•â•â•â•â•â•â•â•â•â•â•â•â•â•â•â•â•â•â•â•â•â•â•â•â•â•â•â•â•â•â•â•â•â•â•â•â•â•â•â•
>>>>>>> c10fed3e5432c01cfc3035d31d7049d1407e7bed

    attachment #1: trace (application/zip) â”€â”€â”€â”€â”€â”€â”€â”€â”€â”€â”€â”€â”€â”€â”€â”€â”€â”€â”€â”€â”€â”€â”€â”€â”€â”€â”€â”€â”€â”€â”€â”€â”€â”€â”€â”€â”€â”€â”€â”€â”€â”€â”€â”€â”€â”€â”€â”€â”€â”€â”€â”€â”€â”€â”€â”€â”€
    test-results\artifacts\playwright-dre-interface-ï¿½-fa4c8-abs-e-persistÃªncia-de-dados-DRE-Desktop-Firefox-retry1\trace.zip
    Usage:

        npx playwright show-trace test-results\artifacts\playwright-dre-interface-ï¿½-fa4c8-abs-e-persistÃªncia-de-dados-DRE-Desktop-Firefox-retry1\trace.zip

    â”€â”€â”€â”€â”€â”€â”€â”€â”€â”€â”€â”€â”€â”€â”€â”€â”€â”€â”€â”€â”€â”€â”€â”€â”€â”€â”€â”€â”€â”€â”€â”€â”€â”€â”€â”€â”€â”€â”€â”€â”€â”€â”€â”€â”€â”€â”€â”€â”€â”€â”€â”€â”€â”€â”€â”€â”€â”€â”€â”€â”€â”€â”€â”€â”€â”€â”€â”€â”€â”€â”€â”€â”€â”€â”€â”€â”€â”€â”€â”€â”€â”€â”€â”€â”€â”€â”€â”€â”€â”€â”€â”€â”€â”€â”€â”€
]]>
</failure>
<system-out>
<![CDATA[
[[ATTACHMENT|artifacts\playwright-dre-interface-ï¿½-fa4c8-abs-e-persistÃªncia-de-dados-DRE-Desktop-Firefox\trace.zip]]

[[ATTACHMENT|artifacts\playwright-dre-interface-ï¿½-fa4c8-abs-e-persistÃªncia-de-dados-DRE-Desktop-Firefox-retry1\trace.zip]]
]]>
</system-out>
</testcase>
<<<<<<< HEAD
<testcase name="ğŸ§ª DRE Tax Deductions Interface Tests â€º ğŸ•µï¸ Debug: Capturar logs do console durante operaÃ§Ãµes" classname="playwright-dre-interface.test.ts" time="0.133">
<failure message="playwright-dre-interface.test.ts:340:7 ğŸ•µï¸ Debug: Capturar logs do console durante operaÃ§Ãµes" type="FAILURE">
<![CDATA[  [DRE-Desktop-Firefox] â€º playwright-dre-interface.test.ts:340:7 â€º ğŸ§ª DRE Tax Deductions Interface Tests â€º ğŸ•µï¸ Debug: Capturar logs do console durante operaÃ§Ãµes 

    Error: browser.newContext: Unknown permission: clipboard-read
=======
<testcase name="ğŸ§ª DRE Tax Deductions Interface Tests â€º ğŸ•µï¸ Debug: Capturar logs do console durante operaÃ§Ãµes" classname="playwright-dre-interface.test.ts" time="0.005">
<failure message="playwright-dre-interface.test.ts:356:7 ğŸ•µï¸ Debug: Capturar logs do console durante operaÃ§Ãµes" type="FAILURE">
<![CDATA[  [DRE-Desktop-Firefox] â€º playwright-dre-interface.test.ts:356:7 â€º ğŸ§ª DRE Tax Deductions Interface Tests â€º ğŸ•µï¸ Debug: Capturar logs do console durante operaÃ§Ãµes 

    Error: browserType.launch: Executable doesn't exist at C:\Users\rafaf\AppData\Local\ms-playwright\firefox-1487\firefox\firefox.exe
    â•”â•â•â•â•â•â•â•â•â•â•â•â•â•â•â•â•â•â•â•â•â•â•â•â•â•â•â•â•â•â•â•â•â•â•â•â•â•â•â•â•â•â•â•â•â•â•â•â•â•â•â•â•â•â•â•â•â•â•â•â•â•â•â•â•â•â•â•â•â•â•â•â•â•â•—
    â•‘ Looks like Playwright Test or Playwright was just installed or updated. â•‘
    â•‘ Please run the following command to download new browsers:              â•‘
    â•‘                                                                         â•‘
    â•‘     npx playwright install                                              â•‘
    â•‘                                                                         â•‘
    â•‘ <3 Playwright Team                                                      â•‘
    â•šâ•â•â•â•â•â•â•â•â•â•â•â•â•â•â•â•â•â•â•â•â•â•â•â•â•â•â•â•â•â•â•â•â•â•â•â•â•â•â•â•â•â•â•â•â•â•â•â•â•â•â•â•â•â•â•â•â•â•â•â•â•â•â•â•â•â•â•â•â•â•â•â•â•â•
>>>>>>> c10fed3e5432c01cfc3035d31d7049d1407e7bed

    attachment #1: trace (application/zip) â”€â”€â”€â”€â”€â”€â”€â”€â”€â”€â”€â”€â”€â”€â”€â”€â”€â”€â”€â”€â”€â”€â”€â”€â”€â”€â”€â”€â”€â”€â”€â”€â”€â”€â”€â”€â”€â”€â”€â”€â”€â”€â”€â”€â”€â”€â”€â”€â”€â”€â”€â”€â”€â”€â”€â”€â”€
    test-results\artifacts\playwright-dre-interface-ï¿½-7e730-o-console-durante-operaÃ§Ãµes-DRE-Desktop-Firefox\trace.zip
    Usage:

        npx playwright show-trace test-results\artifacts\playwright-dre-interface-ï¿½-7e730-o-console-durante-operaÃ§Ãµes-DRE-Desktop-Firefox\trace.zip

    â”€â”€â”€â”€â”€â”€â”€â”€â”€â”€â”€â”€â”€â”€â”€â”€â”€â”€â”€â”€â”€â”€â”€â”€â”€â”€â”€â”€â”€â”€â”€â”€â”€â”€â”€â”€â”€â”€â”€â”€â”€â”€â”€â”€â”€â”€â”€â”€â”€â”€â”€â”€â”€â”€â”€â”€â”€â”€â”€â”€â”€â”€â”€â”€â”€â”€â”€â”€â”€â”€â”€â”€â”€â”€â”€â”€â”€â”€â”€â”€â”€â”€â”€â”€â”€â”€â”€â”€â”€â”€â”€â”€â”€â”€â”€â”€

    Retry #1 â”€â”€â”€â”€â”€â”€â”€â”€â”€â”€â”€â”€â”€â”€â”€â”€â”€â”€â”€â”€â”€â”€â”€â”€â”€â”€â”€â”€â”€â”€â”€â”€â”€â”€â”€â”€â”€â”€â”€â”€â”€â”€â”€â”€â”€â”€â”€â”€â”€â”€â”€â”€â”€â”€â”€â”€â”€â”€â”€â”€â”€â”€â”€â”€â”€â”€â”€â”€â”€â”€â”€â”€â”€â”€â”€â”€â”€â”€â”€â”€â”€â”€â”€â”€â”€â”€â”€

<<<<<<< HEAD
    Error: browser.newContext: Unknown permission: clipboard-read
=======
    Error: browserType.launch: Executable doesn't exist at C:\Users\rafaf\AppData\Local\ms-playwright\firefox-1487\firefox\firefox.exe
    â•”â•â•â•â•â•â•â•â•â•â•â•â•â•â•â•â•â•â•â•â•â•â•â•â•â•â•â•â•â•â•â•â•â•â•â•â•â•â•â•â•â•â•â•â•â•â•â•â•â•â•â•â•â•â•â•â•â•â•â•â•â•â•â•â•â•â•â•â•â•â•â•â•â•â•—
    â•‘ Looks like Playwright Test or Playwright was just installed or updated. â•‘
    â•‘ Please run the following command to download new browsers:              â•‘
    â•‘                                                                         â•‘
    â•‘     npx playwright install                                              â•‘
    â•‘                                                                         â•‘
    â•‘ <3 Playwright Team                                                      â•‘
    â•šâ•â•â•â•â•â•â•â•â•â•â•â•â•â•â•â•â•â•â•â•â•â•â•â•â•â•â•â•â•â•â•â•â•â•â•â•â•â•â•â•â•â•â•â•â•â•â•â•â•â•â•â•â•â•â•â•â•â•â•â•â•â•â•â•â•â•â•â•â•â•â•â•â•â•
>>>>>>> c10fed3e5432c01cfc3035d31d7049d1407e7bed

    attachment #1: trace (application/zip) â”€â”€â”€â”€â”€â”€â”€â”€â”€â”€â”€â”€â”€â”€â”€â”€â”€â”€â”€â”€â”€â”€â”€â”€â”€â”€â”€â”€â”€â”€â”€â”€â”€â”€â”€â”€â”€â”€â”€â”€â”€â”€â”€â”€â”€â”€â”€â”€â”€â”€â”€â”€â”€â”€â”€â”€â”€
    test-results\artifacts\playwright-dre-interface-ï¿½-7e730-o-console-durante-operaÃ§Ãµes-DRE-Desktop-Firefox-retry1\trace.zip
    Usage:

        npx playwright show-trace test-results\artifacts\playwright-dre-interface-ï¿½-7e730-o-console-durante-operaÃ§Ãµes-DRE-Desktop-Firefox-retry1\trace.zip

    â”€â”€â”€â”€â”€â”€â”€â”€â”€â”€â”€â”€â”€â”€â”€â”€â”€â”€â”€â”€â”€â”€â”€â”€â”€â”€â”€â”€â”€â”€â”€â”€â”€â”€â”€â”€â”€â”€â”€â”€â”€â”€â”€â”€â”€â”€â”€â”€â”€â”€â”€â”€â”€â”€â”€â”€â”€â”€â”€â”€â”€â”€â”€â”€â”€â”€â”€â”€â”€â”€â”€â”€â”€â”€â”€â”€â”€â”€â”€â”€â”€â”€â”€â”€â”€â”€â”€â”€â”€â”€â”€â”€â”€â”€â”€â”€
]]>
</failure>
<system-out>
<![CDATA[
[[ATTACHMENT|artifacts\playwright-dre-interface-ï¿½-7e730-o-console-durante-operaÃ§Ãµes-DRE-Desktop-Firefox\trace.zip]]

[[ATTACHMENT|artifacts\playwright-dre-interface-ï¿½-7e730-o-console-durante-operaÃ§Ãµes-DRE-Desktop-Firefox-retry1\trace.zip]]
]]>
</system-out>
</testcase>
<<<<<<< HEAD
<testcase name="ğŸ§ª DRE Tax Deductions Interface Tests â€º ğŸ“¸ Capturar screenshots de diferentes estados" classname="playwright-dre-interface.test.ts" time="0.182">
<failure message="playwright-dre-interface.test.ts:388:7 ğŸ“¸ Capturar screenshots de diferentes estados" type="FAILURE">
<![CDATA[  [DRE-Desktop-Firefox] â€º playwright-dre-interface.test.ts:388:7 â€º ğŸ§ª DRE Tax Deductions Interface Tests â€º ğŸ“¸ Capturar screenshots de diferentes estados 

    Error: browser.newContext: Unknown permission: clipboard-read
=======
<testcase name="ğŸ§ª DRE Tax Deductions Interface Tests â€º ğŸ“¸ Capturar screenshots de diferentes estados" classname="playwright-dre-interface.test.ts" time="0.004">
<failure message="playwright-dre-interface.test.ts:404:7 ğŸ“¸ Capturar screenshots de diferentes estados" type="FAILURE">
<![CDATA[  [DRE-Desktop-Firefox] â€º playwright-dre-interface.test.ts:404:7 â€º ğŸ§ª DRE Tax Deductions Interface Tests â€º ğŸ“¸ Capturar screenshots de diferentes estados 

    Error: browserType.launch: Executable doesn't exist at C:\Users\rafaf\AppData\Local\ms-playwright\firefox-1487\firefox\firefox.exe
    â•”â•â•â•â•â•â•â•â•â•â•â•â•â•â•â•â•â•â•â•â•â•â•â•â•â•â•â•â•â•â•â•â•â•â•â•â•â•â•â•â•â•â•â•â•â•â•â•â•â•â•â•â•â•â•â•â•â•â•â•â•â•â•â•â•â•â•â•â•â•â•â•â•â•â•—
    â•‘ Looks like Playwright Test or Playwright was just installed or updated. â•‘
    â•‘ Please run the following command to download new browsers:              â•‘
    â•‘                                                                         â•‘
    â•‘     npx playwright install                                              â•‘
    â•‘                                                                         â•‘
    â•‘ <3 Playwright Team                                                      â•‘
    â•šâ•â•â•â•â•â•â•â•â•â•â•â•â•â•â•â•â•â•â•â•â•â•â•â•â•â•â•â•â•â•â•â•â•â•â•â•â•â•â•â•â•â•â•â•â•â•â•â•â•â•â•â•â•â•â•â•â•â•â•â•â•â•â•â•â•â•â•â•â•â•â•â•â•â•
>>>>>>> c10fed3e5432c01cfc3035d31d7049d1407e7bed

    attachment #1: trace (application/zip) â”€â”€â”€â”€â”€â”€â”€â”€â”€â”€â”€â”€â”€â”€â”€â”€â”€â”€â”€â”€â”€â”€â”€â”€â”€â”€â”€â”€â”€â”€â”€â”€â”€â”€â”€â”€â”€â”€â”€â”€â”€â”€â”€â”€â”€â”€â”€â”€â”€â”€â”€â”€â”€â”€â”€â”€â”€
    test-results\artifacts\playwright-dre-interface-ï¿½-dd5d0-shots-de-diferentes-estados-DRE-Desktop-Firefox\trace.zip
    Usage:

        npx playwright show-trace test-results\artifacts\playwright-dre-interface-ï¿½-dd5d0-shots-de-diferentes-estados-DRE-Desktop-Firefox\trace.zip

    â”€â”€â”€â”€â”€â”€â”€â”€â”€â”€â”€â”€â”€â”€â”€â”€â”€â”€â”€â”€â”€â”€â”€â”€â”€â”€â”€â”€â”€â”€â”€â”€â”€â”€â”€â”€â”€â”€â”€â”€â”€â”€â”€â”€â”€â”€â”€â”€â”€â”€â”€â”€â”€â”€â”€â”€â”€â”€â”€â”€â”€â”€â”€â”€â”€â”€â”€â”€â”€â”€â”€â”€â”€â”€â”€â”€â”€â”€â”€â”€â”€â”€â”€â”€â”€â”€â”€â”€â”€â”€â”€â”€â”€â”€â”€â”€

    Retry #1 â”€â”€â”€â”€â”€â”€â”€â”€â”€â”€â”€â”€â”€â”€â”€â”€â”€â”€â”€â”€â”€â”€â”€â”€â”€â”€â”€â”€â”€â”€â”€â”€â”€â”€â”€â”€â”€â”€â”€â”€â”€â”€â”€â”€â”€â”€â”€â”€â”€â”€â”€â”€â”€â”€â”€â”€â”€â”€â”€â”€â”€â”€â”€â”€â”€â”€â”€â”€â”€â”€â”€â”€â”€â”€â”€â”€â”€â”€â”€â”€â”€â”€â”€â”€â”€â”€â”€

<<<<<<< HEAD
    Error: browser.newContext: Unknown permission: clipboard-read
=======
    Error: browserType.launch: Executable doesn't exist at C:\Users\rafaf\AppData\Local\ms-playwright\firefox-1487\firefox\firefox.exe
    â•”â•â•â•â•â•â•â•â•â•â•â•â•â•â•â•â•â•â•â•â•â•â•â•â•â•â•â•â•â•â•â•â•â•â•â•â•â•â•â•â•â•â•â•â•â•â•â•â•â•â•â•â•â•â•â•â•â•â•â•â•â•â•â•â•â•â•â•â•â•â•â•â•â•â•—
    â•‘ Looks like Playwright Test or Playwright was just installed or updated. â•‘
    â•‘ Please run the following command to download new browsers:              â•‘
    â•‘                                                                         â•‘
    â•‘     npx playwright install                                              â•‘
    â•‘                                                                         â•‘
    â•‘ <3 Playwright Team                                                      â•‘
    â•šâ•â•â•â•â•â•â•â•â•â•â•â•â•â•â•â•â•â•â•â•â•â•â•â•â•â•â•â•â•â•â•â•â•â•â•â•â•â•â•â•â•â•â•â•â•â•â•â•â•â•â•â•â•â•â•â•â•â•â•â•â•â•â•â•â•â•â•â•â•â•â•â•â•â•
>>>>>>> c10fed3e5432c01cfc3035d31d7049d1407e7bed

    attachment #1: trace (application/zip) â”€â”€â”€â”€â”€â”€â”€â”€â”€â”€â”€â”€â”€â”€â”€â”€â”€â”€â”€â”€â”€â”€â”€â”€â”€â”€â”€â”€â”€â”€â”€â”€â”€â”€â”€â”€â”€â”€â”€â”€â”€â”€â”€â”€â”€â”€â”€â”€â”€â”€â”€â”€â”€â”€â”€â”€â”€
    test-results\artifacts\playwright-dre-interface-ï¿½-dd5d0-shots-de-diferentes-estados-DRE-Desktop-Firefox-retry1\trace.zip
    Usage:

        npx playwright show-trace test-results\artifacts\playwright-dre-interface-ï¿½-dd5d0-shots-de-diferentes-estados-DRE-Desktop-Firefox-retry1\trace.zip

    â”€â”€â”€â”€â”€â”€â”€â”€â”€â”€â”€â”€â”€â”€â”€â”€â”€â”€â”€â”€â”€â”€â”€â”€â”€â”€â”€â”€â”€â”€â”€â”€â”€â”€â”€â”€â”€â”€â”€â”€â”€â”€â”€â”€â”€â”€â”€â”€â”€â”€â”€â”€â”€â”€â”€â”€â”€â”€â”€â”€â”€â”€â”€â”€â”€â”€â”€â”€â”€â”€â”€â”€â”€â”€â”€â”€â”€â”€â”€â”€â”€â”€â”€â”€â”€â”€â”€â”€â”€â”€â”€â”€â”€â”€â”€â”€
]]>
</failure>
<system-out>
<![CDATA[
[[ATTACHMENT|artifacts\playwright-dre-interface-ï¿½-dd5d0-shots-de-diferentes-estados-DRE-Desktop-Firefox\trace.zip]]

[[ATTACHMENT|artifacts\playwright-dre-interface-ï¿½-dd5d0-shots-de-diferentes-estados-DRE-Desktop-Firefox-retry1\trace.zip]]
]]>
</system-out>
</testcase>
<<<<<<< HEAD
<testcase name="âš¡ Performance Tests â€º ğŸ“Š Medir tempo de carregamento do DRE" classname="playwright-dre-interface.test.ts" time="0.106">
<failure message="playwright-dre-interface.test.ts:418:7 ğŸ“Š Medir tempo de carregamento do DRE" type="FAILURE">
<![CDATA[  [DRE-Desktop-Firefox] â€º playwright-dre-interface.test.ts:418:7 â€º âš¡ Performance Tests â€º ğŸ“Š Medir tempo de carregamento do DRE 

    Error: browser.newContext: Unknown permission: clipboard-read
=======
<testcase name="âš¡ Performance Tests â€º ğŸ“Š Medir tempo de carregamento do DRE" classname="playwright-dre-interface.test.ts" time="0.005">
<failure message="playwright-dre-interface.test.ts:434:7 ğŸ“Š Medir tempo de carregamento do DRE" type="FAILURE">
<![CDATA[  [DRE-Desktop-Firefox] â€º playwright-dre-interface.test.ts:434:7 â€º âš¡ Performance Tests â€º ğŸ“Š Medir tempo de carregamento do DRE 

    Error: browserType.launch: Executable doesn't exist at C:\Users\rafaf\AppData\Local\ms-playwright\firefox-1487\firefox\firefox.exe
    â•”â•â•â•â•â•â•â•â•â•â•â•â•â•â•â•â•â•â•â•â•â•â•â•â•â•â•â•â•â•â•â•â•â•â•â•â•â•â•â•â•â•â•â•â•â•â•â•â•â•â•â•â•â•â•â•â•â•â•â•â•â•â•â•â•â•â•â•â•â•â•â•â•â•â•—
    â•‘ Looks like Playwright Test or Playwright was just installed or updated. â•‘
    â•‘ Please run the following command to download new browsers:              â•‘
    â•‘                                                                         â•‘
    â•‘     npx playwright install                                              â•‘
    â•‘                                                                         â•‘
    â•‘ <3 Playwright Team                                                      â•‘
    â•šâ•â•â•â•â•â•â•â•â•â•â•â•â•â•â•â•â•â•â•â•â•â•â•â•â•â•â•â•â•â•â•â•â•â•â•â•â•â•â•â•â•â•â•â•â•â•â•â•â•â•â•â•â•â•â•â•â•â•â•â•â•â•â•â•â•â•â•â•â•â•â•â•â•â•
>>>>>>> c10fed3e5432c01cfc3035d31d7049d1407e7bed

    attachment #1: trace (application/zip) â”€â”€â”€â”€â”€â”€â”€â”€â”€â”€â”€â”€â”€â”€â”€â”€â”€â”€â”€â”€â”€â”€â”€â”€â”€â”€â”€â”€â”€â”€â”€â”€â”€â”€â”€â”€â”€â”€â”€â”€â”€â”€â”€â”€â”€â”€â”€â”€â”€â”€â”€â”€â”€â”€â”€â”€â”€
    test-results\artifacts\playwright-dre-interface-âš¡-841a8-empo-de-carregamento-do-DRE-DRE-Desktop-Firefox\trace.zip
    Usage:

        npx playwright show-trace test-results\artifacts\playwright-dre-interface-âš¡-841a8-empo-de-carregamento-do-DRE-DRE-Desktop-Firefox\trace.zip

    â”€â”€â”€â”€â”€â”€â”€â”€â”€â”€â”€â”€â”€â”€â”€â”€â”€â”€â”€â”€â”€â”€â”€â”€â”€â”€â”€â”€â”€â”€â”€â”€â”€â”€â”€â”€â”€â”€â”€â”€â”€â”€â”€â”€â”€â”€â”€â”€â”€â”€â”€â”€â”€â”€â”€â”€â”€â”€â”€â”€â”€â”€â”€â”€â”€â”€â”€â”€â”€â”€â”€â”€â”€â”€â”€â”€â”€â”€â”€â”€â”€â”€â”€â”€â”€â”€â”€â”€â”€â”€â”€â”€â”€â”€â”€â”€

    Retry #1 â”€â”€â”€â”€â”€â”€â”€â”€â”€â”€â”€â”€â”€â”€â”€â”€â”€â”€â”€â”€â”€â”€â”€â”€â”€â”€â”€â”€â”€â”€â”€â”€â”€â”€â”€â”€â”€â”€â”€â”€â”€â”€â”€â”€â”€â”€â”€â”€â”€â”€â”€â”€â”€â”€â”€â”€â”€â”€â”€â”€â”€â”€â”€â”€â”€â”€â”€â”€â”€â”€â”€â”€â”€â”€â”€â”€â”€â”€â”€â”€â”€â”€â”€â”€â”€â”€â”€

<<<<<<< HEAD
    Error: browser.newContext: Unknown permission: clipboard-read
=======
    Error: browserType.launch: Executable doesn't exist at C:\Users\rafaf\AppData\Local\ms-playwright\firefox-1487\firefox\firefox.exe
    â•”â•â•â•â•â•â•â•â•â•â•â•â•â•â•â•â•â•â•â•â•â•â•â•â•â•â•â•â•â•â•â•â•â•â•â•â•â•â•â•â•â•â•â•â•â•â•â•â•â•â•â•â•â•â•â•â•â•â•â•â•â•â•â•â•â•â•â•â•â•â•â•â•â•â•—
    â•‘ Looks like Playwright Test or Playwright was just installed or updated. â•‘
    â•‘ Please run the following command to download new browsers:              â•‘
    â•‘                                                                         â•‘
    â•‘     npx playwright install                                              â•‘
    â•‘                                                                         â•‘
    â•‘ <3 Playwright Team                                                      â•‘
    â•šâ•â•â•â•â•â•â•â•â•â•â•â•â•â•â•â•â•â•â•â•â•â•â•â•â•â•â•â•â•â•â•â•â•â•â•â•â•â•â•â•â•â•â•â•â•â•â•â•â•â•â•â•â•â•â•â•â•â•â•â•â•â•â•â•â•â•â•â•â•â•â•â•â•â•
>>>>>>> c10fed3e5432c01cfc3035d31d7049d1407e7bed

    attachment #1: trace (application/zip) â”€â”€â”€â”€â”€â”€â”€â”€â”€â”€â”€â”€â”€â”€â”€â”€â”€â”€â”€â”€â”€â”€â”€â”€â”€â”€â”€â”€â”€â”€â”€â”€â”€â”€â”€â”€â”€â”€â”€â”€â”€â”€â”€â”€â”€â”€â”€â”€â”€â”€â”€â”€â”€â”€â”€â”€â”€
    test-results\artifacts\playwright-dre-interface-âš¡-841a8-empo-de-carregamento-do-DRE-DRE-Desktop-Firefox-retry1\trace.zip
    Usage:

        npx playwright show-trace test-results\artifacts\playwright-dre-interface-âš¡-841a8-empo-de-carregamento-do-DRE-DRE-Desktop-Firefox-retry1\trace.zip

    â”€â”€â”€â”€â”€â”€â”€â”€â”€â”€â”€â”€â”€â”€â”€â”€â”€â”€â”€â”€â”€â”€â”€â”€â”€â”€â”€â”€â”€â”€â”€â”€â”€â”€â”€â”€â”€â”€â”€â”€â”€â”€â”€â”€â”€â”€â”€â”€â”€â”€â”€â”€â”€â”€â”€â”€â”€â”€â”€â”€â”€â”€â”€â”€â”€â”€â”€â”€â”€â”€â”€â”€â”€â”€â”€â”€â”€â”€â”€â”€â”€â”€â”€â”€â”€â”€â”€â”€â”€â”€â”€â”€â”€â”€â”€â”€
]]>
</failure>
<system-out>
<![CDATA[
[[ATTACHMENT|artifacts\playwright-dre-interface-âš¡-841a8-empo-de-carregamento-do-DRE-DRE-Desktop-Firefox\trace.zip]]

[[ATTACHMENT|artifacts\playwright-dre-interface-âš¡-841a8-empo-de-carregamento-do-DRE-DRE-Desktop-Firefox-retry1\trace.zip]]
]]>
</system-out>
</testcase>
</testsuite>
<<<<<<< HEAD
<testsuite name="playwright-dre-interface.test.ts" timestamp="2025-08-08T15:36:51.732Z" hostname="DRE-Desktop-Safari" tests="6" failures="6" skipped="0" time="21.698" errors="0">
<testcase name="ğŸ§ª DRE Tax Deductions Interface Tests â€º ğŸ” Bug 1: Testar tab Mensal - Valor zerado na tabela" classname="playwright-dre-interface.test.ts" time="3.773">
<failure message="playwright-dre-interface.test.ts:192:7 ğŸ” Bug 1: Testar tab Mensal - Valor zerado na tabela" type="FAILURE">
<![CDATA[  [DRE-Desktop-Safari] â€º playwright-dre-interface.test.ts:192:7 â€º ğŸ§ª DRE Tax Deductions Interface Tests â€º ğŸ” Bug 1: Testar tab Mensal - Valor zerado na tabela 

    Error: browserContext.newPage: Unknown permission: clipboard-write

    attachment #1: screenshot (image/png) â”€â”€â”€â”€â”€â”€â”€â”€â”€â”€â”€â”€â”€â”€â”€â”€â”€â”€â”€â”€â”€â”€â”€â”€â”€â”€â”€â”€â”€â”€â”€â”€â”€â”€â”€â”€â”€â”€â”€â”€â”€â”€â”€â”€â”€â”€â”€â”€â”€â”€â”€â”€â”€â”€â”€â”€â”€â”€
    test-results\artifacts\playwright-dre-interface-ï¿½-1e805-al---Valor-zerado-na-tabela-DRE-Desktop-Safari\test-failed-1.png
    â”€â”€â”€â”€â”€â”€â”€â”€â”€â”€â”€â”€â”€â”€â”€â”€â”€â”€â”€â”€â”€â”€â”€â”€â”€â”€â”€â”€â”€â”€â”€â”€â”€â”€â”€â”€â”€â”€â”€â”€â”€â”€â”€â”€â”€â”€â”€â”€â”€â”€â”€â”€â”€â”€â”€â”€â”€â”€â”€â”€â”€â”€â”€â”€â”€â”€â”€â”€â”€â”€â”€â”€â”€â”€â”€â”€â”€â”€â”€â”€â”€â”€â”€â”€â”€â”€â”€â”€â”€â”€â”€â”€â”€â”€â”€â”€

    attachment #2: trace (application/zip) â”€â”€â”€â”€â”€â”€â”€â”€â”€â”€â”€â”€â”€â”€â”€â”€â”€â”€â”€â”€â”€â”€â”€â”€â”€â”€â”€â”€â”€â”€â”€â”€â”€â”€â”€â”€â”€â”€â”€â”€â”€â”€â”€â”€â”€â”€â”€â”€â”€â”€â”€â”€â”€â”€â”€â”€â”€
=======
<testsuite name="playwright-dre-interface.test.ts" timestamp="2025-08-08T16:01:17.476Z" hostname="DRE-Desktop-Safari" tests="6" failures="6" skipped="0" time="0.027" errors="0">
<testcase name="ğŸ§ª DRE Tax Deductions Interface Tests â€º ğŸ” Bug 1: Testar tab Mensal - Valor zerado na tabela" classname="playwright-dre-interface.test.ts" time="0.004">
<failure message="playwright-dre-interface.test.ts:208:7 ğŸ” Bug 1: Testar tab Mensal - Valor zerado na tabela" type="FAILURE">
<![CDATA[  [DRE-Desktop-Safari] â€º playwright-dre-interface.test.ts:208:7 â€º ğŸ§ª DRE Tax Deductions Interface Tests â€º ğŸ” Bug 1: Testar tab Mensal - Valor zerado na tabela 

    Error: browserType.launch: Executable doesn't exist at C:\Users\rafaf\AppData\Local\ms-playwright\webkit-2182\Playwright.exe
    â•”â•â•â•â•â•â•â•â•â•â•â•â•â•â•â•â•â•â•â•â•â•â•â•â•â•â•â•â•â•â•â•â•â•â•â•â•â•â•â•â•â•â•â•â•â•â•â•â•â•â•â•â•â•â•â•â•â•â•â•â•â•â•â•â•â•â•â•â•â•â•â•â•â•â•—
    â•‘ Looks like Playwright Test or Playwright was just installed or updated. â•‘
    â•‘ Please run the following command to download new browsers:              â•‘
    â•‘                                                                         â•‘
    â•‘     npx playwright install                                              â•‘
    â•‘                                                                         â•‘
    â•‘ <3 Playwright Team                                                      â•‘
    â•šâ•â•â•â•â•â•â•â•â•â•â•â•â•â•â•â•â•â•â•â•â•â•â•â•â•â•â•â•â•â•â•â•â•â•â•â•â•â•â•â•â•â•â•â•â•â•â•â•â•â•â•â•â•â•â•â•â•â•â•â•â•â•â•â•â•â•â•â•â•â•â•â•â•â•

    attachment #1: trace (application/zip) â”€â”€â”€â”€â”€â”€â”€â”€â”€â”€â”€â”€â”€â”€â”€â”€â”€â”€â”€â”€â”€â”€â”€â”€â”€â”€â”€â”€â”€â”€â”€â”€â”€â”€â”€â”€â”€â”€â”€â”€â”€â”€â”€â”€â”€â”€â”€â”€â”€â”€â”€â”€â”€â”€â”€â”€â”€
>>>>>>> c10fed3e5432c01cfc3035d31d7049d1407e7bed
    test-results\artifacts\playwright-dre-interface-ï¿½-1e805-al---Valor-zerado-na-tabela-DRE-Desktop-Safari\trace.zip
    Usage:

        npx playwright show-trace test-results\artifacts\playwright-dre-interface-ï¿½-1e805-al---Valor-zerado-na-tabela-DRE-Desktop-Safari\trace.zip

    â”€â”€â”€â”€â”€â”€â”€â”€â”€â”€â”€â”€â”€â”€â”€â”€â”€â”€â”€â”€â”€â”€â”€â”€â”€â”€â”€â”€â”€â”€â”€â”€â”€â”€â”€â”€â”€â”€â”€â”€â”€â”€â”€â”€â”€â”€â”€â”€â”€â”€â”€â”€â”€â”€â”€â”€â”€â”€â”€â”€â”€â”€â”€â”€â”€â”€â”€â”€â”€â”€â”€â”€â”€â”€â”€â”€â”€â”€â”€â”€â”€â”€â”€â”€â”€â”€â”€â”€â”€â”€â”€â”€â”€â”€â”€â”€

    Retry #1 â”€â”€â”€â”€â”€â”€â”€â”€â”€â”€â”€â”€â”€â”€â”€â”€â”€â”€â”€â”€â”€â”€â”€â”€â”€â”€â”€â”€â”€â”€â”€â”€â”€â”€â”€â”€â”€â”€â”€â”€â”€â”€â”€â”€â”€â”€â”€â”€â”€â”€â”€â”€â”€â”€â”€â”€â”€â”€â”€â”€â”€â”€â”€â”€â”€â”€â”€â”€â”€â”€â”€â”€â”€â”€â”€â”€â”€â”€â”€â”€â”€â”€â”€â”€â”€â”€â”€

<<<<<<< HEAD
    Error: browserContext.newPage: Unknown permission: clipboard-write

    attachment #1: screenshot (image/png) â”€â”€â”€â”€â”€â”€â”€â”€â”€â”€â”€â”€â”€â”€â”€â”€â”€â”€â”€â”€â”€â”€â”€â”€â”€â”€â”€â”€â”€â”€â”€â”€â”€â”€â”€â”€â”€â”€â”€â”€â”€â”€â”€â”€â”€â”€â”€â”€â”€â”€â”€â”€â”€â”€â”€â”€â”€â”€
    test-results\artifacts\playwright-dre-interface-ï¿½-1e805-al---Valor-zerado-na-tabela-DRE-Desktop-Safari-retry1\test-failed-1.png
    â”€â”€â”€â”€â”€â”€â”€â”€â”€â”€â”€â”€â”€â”€â”€â”€â”€â”€â”€â”€â”€â”€â”€â”€â”€â”€â”€â”€â”€â”€â”€â”€â”€â”€â”€â”€â”€â”€â”€â”€â”€â”€â”€â”€â”€â”€â”€â”€â”€â”€â”€â”€â”€â”€â”€â”€â”€â”€â”€â”€â”€â”€â”€â”€â”€â”€â”€â”€â”€â”€â”€â”€â”€â”€â”€â”€â”€â”€â”€â”€â”€â”€â”€â”€â”€â”€â”€â”€â”€â”€â”€â”€â”€â”€â”€â”€

    attachment #2: trace (application/zip) â”€â”€â”€â”€â”€â”€â”€â”€â”€â”€â”€â”€â”€â”€â”€â”€â”€â”€â”€â”€â”€â”€â”€â”€â”€â”€â”€â”€â”€â”€â”€â”€â”€â”€â”€â”€â”€â”€â”€â”€â”€â”€â”€â”€â”€â”€â”€â”€â”€â”€â”€â”€â”€â”€â”€â”€â”€
=======
    Error: browserType.launch: Executable doesn't exist at C:\Users\rafaf\AppData\Local\ms-playwright\webkit-2182\Playwright.exe
    â•”â•â•â•â•â•â•â•â•â•â•â•â•â•â•â•â•â•â•â•â•â•â•â•â•â•â•â•â•â•â•â•â•â•â•â•â•â•â•â•â•â•â•â•â•â•â•â•â•â•â•â•â•â•â•â•â•â•â•â•â•â•â•â•â•â•â•â•â•â•â•â•â•â•â•—
    â•‘ Looks like Playwright Test or Playwright was just installed or updated. â•‘
    â•‘ Please run the following command to download new browsers:              â•‘
    â•‘                                                                         â•‘
    â•‘     npx playwright install                                              â•‘
    â•‘                                                                         â•‘
    â•‘ <3 Playwright Team                                                      â•‘
    â•šâ•â•â•â•â•â•â•â•â•â•â•â•â•â•â•â•â•â•â•â•â•â•â•â•â•â•â•â•â•â•â•â•â•â•â•â•â•â•â•â•â•â•â•â•â•â•â•â•â•â•â•â•â•â•â•â•â•â•â•â•â•â•â•â•â•â•â•â•â•â•â•â•â•â•

    attachment #1: trace (application/zip) â”€â”€â”€â”€â”€â”€â”€â”€â”€â”€â”€â”€â”€â”€â”€â”€â”€â”€â”€â”€â”€â”€â”€â”€â”€â”€â”€â”€â”€â”€â”€â”€â”€â”€â”€â”€â”€â”€â”€â”€â”€â”€â”€â”€â”€â”€â”€â”€â”€â”€â”€â”€â”€â”€â”€â”€â”€
>>>>>>> c10fed3e5432c01cfc3035d31d7049d1407e7bed
    test-results\artifacts\playwright-dre-interface-ï¿½-1e805-al---Valor-zerado-na-tabela-DRE-Desktop-Safari-retry1\trace.zip
    Usage:

        npx playwright show-trace test-results\artifacts\playwright-dre-interface-ï¿½-1e805-al---Valor-zerado-na-tabela-DRE-Desktop-Safari-retry1\trace.zip

    â”€â”€â”€â”€â”€â”€â”€â”€â”€â”€â”€â”€â”€â”€â”€â”€â”€â”€â”€â”€â”€â”€â”€â”€â”€â”€â”€â”€â”€â”€â”€â”€â”€â”€â”€â”€â”€â”€â”€â”€â”€â”€â”€â”€â”€â”€â”€â”€â”€â”€â”€â”€â”€â”€â”€â”€â”€â”€â”€â”€â”€â”€â”€â”€â”€â”€â”€â”€â”€â”€â”€â”€â”€â”€â”€â”€â”€â”€â”€â”€â”€â”€â”€â”€â”€â”€â”€â”€â”€â”€â”€â”€â”€â”€â”€â”€
]]>
</failure>
<system-out>
<![CDATA[
<<<<<<< HEAD
[[ATTACHMENT|artifacts\playwright-dre-interface-ï¿½-1e805-al---Valor-zerado-na-tabela-DRE-Desktop-Safari\test-failed-1.png]]

[[ATTACHMENT|artifacts\playwright-dre-interface-ï¿½-1e805-al---Valor-zerado-na-tabela-DRE-Desktop-Safari\trace.zip]]

[[ATTACHMENT|artifacts\playwright-dre-interface-ï¿½-1e805-al---Valor-zerado-na-tabela-DRE-Desktop-Safari-retry1\test-failed-1.png]]

=======
[[ATTACHMENT|artifacts\playwright-dre-interface-ï¿½-1e805-al---Valor-zerado-na-tabela-DRE-Desktop-Safari\trace.zip]]

>>>>>>> c10fed3e5432c01cfc3035d31d7049d1407e7bed
[[ATTACHMENT|artifacts\playwright-dre-interface-ï¿½-1e805-al---Valor-zerado-na-tabela-DRE-Desktop-Safari-retry1\trace.zip]]
]]>
</system-out>
</testcase>
<<<<<<< HEAD
<testcase name="ğŸ§ª DRE Tax Deductions Interface Tests â€º ğŸ” Bug 2: Testar tab Trimestral - Valor incorreto (23.333.333)" classname="playwright-dre-interface.test.ts" time="4.064">
<failure message="playwright-dre-interface.test.ts:241:7 ğŸ” Bug 2: Testar tab Trimestral - Valor incorreto (23.333.333)" type="FAILURE">
<![CDATA[  [DRE-Desktop-Safari] â€º playwright-dre-interface.test.ts:241:7 â€º ğŸ§ª DRE Tax Deductions Interface Tests â€º ğŸ” Bug 2: Testar tab Trimestral - Valor incorreto (23.333.333) 

    Error: browserContext.newPage: Unknown permission: clipboard-write

    attachment #1: screenshot (image/png) â”€â”€â”€â”€â”€â”€â”€â”€â”€â”€â”€â”€â”€â”€â”€â”€â”€â”€â”€â”€â”€â”€â”€â”€â”€â”€â”€â”€â”€â”€â”€â”€â”€â”€â”€â”€â”€â”€â”€â”€â”€â”€â”€â”€â”€â”€â”€â”€â”€â”€â”€â”€â”€â”€â”€â”€â”€â”€
    test-results\artifacts\playwright-dre-interface-ï¿½-fdd79-Valor-incorreto-23-333-333--DRE-Desktop-Safari\test-failed-1.png
    â”€â”€â”€â”€â”€â”€â”€â”€â”€â”€â”€â”€â”€â”€â”€â”€â”€â”€â”€â”€â”€â”€â”€â”€â”€â”€â”€â”€â”€â”€â”€â”€â”€â”€â”€â”€â”€â”€â”€â”€â”€â”€â”€â”€â”€â”€â”€â”€â”€â”€â”€â”€â”€â”€â”€â”€â”€â”€â”€â”€â”€â”€â”€â”€â”€â”€â”€â”€â”€â”€â”€â”€â”€â”€â”€â”€â”€â”€â”€â”€â”€â”€â”€â”€â”€â”€â”€â”€â”€â”€â”€â”€â”€â”€â”€â”€

    attachment #2: trace (application/zip) â”€â”€â”€â”€â”€â”€â”€â”€â”€â”€â”€â”€â”€â”€â”€â”€â”€â”€â”€â”€â”€â”€â”€â”€â”€â”€â”€â”€â”€â”€â”€â”€â”€â”€â”€â”€â”€â”€â”€â”€â”€â”€â”€â”€â”€â”€â”€â”€â”€â”€â”€â”€â”€â”€â”€â”€â”€
=======
<testcase name="ğŸ§ª DRE Tax Deductions Interface Tests â€º ğŸ” Bug 2: Testar tab Trimestral - Valor incorreto (23.333.333)" classname="playwright-dre-interface.test.ts" time="0.005">
<failure message="playwright-dre-interface.test.ts:257:7 ğŸ” Bug 2: Testar tab Trimestral - Valor incorreto (23.333.333)" type="FAILURE">
<![CDATA[  [DRE-Desktop-Safari] â€º playwright-dre-interface.test.ts:257:7 â€º ğŸ§ª DRE Tax Deductions Interface Tests â€º ğŸ” Bug 2: Testar tab Trimestral - Valor incorreto (23.333.333) 

    Error: browserType.launch: Executable doesn't exist at C:\Users\rafaf\AppData\Local\ms-playwright\webkit-2182\Playwright.exe
    â•”â•â•â•â•â•â•â•â•â•â•â•â•â•â•â•â•â•â•â•â•â•â•â•â•â•â•â•â•â•â•â•â•â•â•â•â•â•â•â•â•â•â•â•â•â•â•â•â•â•â•â•â•â•â•â•â•â•â•â•â•â•â•â•â•â•â•â•â•â•â•â•â•â•â•—
    â•‘ Looks like Playwright Test or Playwright was just installed or updated. â•‘
    â•‘ Please run the following command to download new browsers:              â•‘
    â•‘                                                                         â•‘
    â•‘     npx playwright install                                              â•‘
    â•‘                                                                         â•‘
    â•‘ <3 Playwright Team                                                      â•‘
    â•šâ•â•â•â•â•â•â•â•â•â•â•â•â•â•â•â•â•â•â•â•â•â•â•â•â•â•â•â•â•â•â•â•â•â•â•â•â•â•â•â•â•â•â•â•â•â•â•â•â•â•â•â•â•â•â•â•â•â•â•â•â•â•â•â•â•â•â•â•â•â•â•â•â•â•

    attachment #1: trace (application/zip) â”€â”€â”€â”€â”€â”€â”€â”€â”€â”€â”€â”€â”€â”€â”€â”€â”€â”€â”€â”€â”€â”€â”€â”€â”€â”€â”€â”€â”€â”€â”€â”€â”€â”€â”€â”€â”€â”€â”€â”€â”€â”€â”€â”€â”€â”€â”€â”€â”€â”€â”€â”€â”€â”€â”€â”€â”€
>>>>>>> c10fed3e5432c01cfc3035d31d7049d1407e7bed
    test-results\artifacts\playwright-dre-interface-ï¿½-fdd79-Valor-incorreto-23-333-333--DRE-Desktop-Safari\trace.zip
    Usage:

        npx playwright show-trace test-results\artifacts\playwright-dre-interface-ï¿½-fdd79-Valor-incorreto-23-333-333--DRE-Desktop-Safari\trace.zip

    â”€â”€â”€â”€â”€â”€â”€â”€â”€â”€â”€â”€â”€â”€â”€â”€â”€â”€â”€â”€â”€â”€â”€â”€â”€â”€â”€â”€â”€â”€â”€â”€â”€â”€â”€â”€â”€â”€â”€â”€â”€â”€â”€â”€â”€â”€â”€â”€â”€â”€â”€â”€â”€â”€â”€â”€â”€â”€â”€â”€â”€â”€â”€â”€â”€â”€â”€â”€â”€â”€â”€â”€â”€â”€â”€â”€â”€â”€â”€â”€â”€â”€â”€â”€â”€â”€â”€â”€â”€â”€â”€â”€â”€â”€â”€â”€

    Retry #1 â”€â”€â”€â”€â”€â”€â”€â”€â”€â”€â”€â”€â”€â”€â”€â”€â”€â”€â”€â”€â”€â”€â”€â”€â”€â”€â”€â”€â”€â”€â”€â”€â”€â”€â”€â”€â”€â”€â”€â”€â”€â”€â”€â”€â”€â”€â”€â”€â”€â”€â”€â”€â”€â”€â”€â”€â”€â”€â”€â”€â”€â”€â”€â”€â”€â”€â”€â”€â”€â”€â”€â”€â”€â”€â”€â”€â”€â”€â”€â”€â”€â”€â”€â”€â”€â”€â”€

<<<<<<< HEAD
    Error: browserContext.newPage: Unknown permission: clipboard-write

    attachment #1: screenshot (image/png) â”€â”€â”€â”€â”€â”€â”€â”€â”€â”€â”€â”€â”€â”€â”€â”€â”€â”€â”€â”€â”€â”€â”€â”€â”€â”€â”€â”€â”€â”€â”€â”€â”€â”€â”€â”€â”€â”€â”€â”€â”€â”€â”€â”€â”€â”€â”€â”€â”€â”€â”€â”€â”€â”€â”€â”€â”€â”€
    test-results\artifacts\playwright-dre-interface-ï¿½-fdd79-Valor-incorreto-23-333-333--DRE-Desktop-Safari-retry1\test-failed-1.png
    â”€â”€â”€â”€â”€â”€â”€â”€â”€â”€â”€â”€â”€â”€â”€â”€â”€â”€â”€â”€â”€â”€â”€â”€â”€â”€â”€â”€â”€â”€â”€â”€â”€â”€â”€â”€â”€â”€â”€â”€â”€â”€â”€â”€â”€â”€â”€â”€â”€â”€â”€â”€â”€â”€â”€â”€â”€â”€â”€â”€â”€â”€â”€â”€â”€â”€â”€â”€â”€â”€â”€â”€â”€â”€â”€â”€â”€â”€â”€â”€â”€â”€â”€â”€â”€â”€â”€â”€â”€â”€â”€â”€â”€â”€â”€â”€

    attachment #2: trace (application/zip) â”€â”€â”€â”€â”€â”€â”€â”€â”€â”€â”€â”€â”€â”€â”€â”€â”€â”€â”€â”€â”€â”€â”€â”€â”€â”€â”€â”€â”€â”€â”€â”€â”€â”€â”€â”€â”€â”€â”€â”€â”€â”€â”€â”€â”€â”€â”€â”€â”€â”€â”€â”€â”€â”€â”€â”€â”€
=======
    Error: browserType.launch: Executable doesn't exist at C:\Users\rafaf\AppData\Local\ms-playwright\webkit-2182\Playwright.exe
    â•”â•â•â•â•â•â•â•â•â•â•â•â•â•â•â•â•â•â•â•â•â•â•â•â•â•â•â•â•â•â•â•â•â•â•â•â•â•â•â•â•â•â•â•â•â•â•â•â•â•â•â•â•â•â•â•â•â•â•â•â•â•â•â•â•â•â•â•â•â•â•â•â•â•â•—
    â•‘ Looks like Playwright Test or Playwright was just installed or updated. â•‘
    â•‘ Please run the following command to download new browsers:              â•‘
    â•‘                                                                         â•‘
    â•‘     npx playwright install                                              â•‘
    â•‘                                                                         â•‘
    â•‘ <3 Playwright Team                                                      â•‘
    â•šâ•â•â•â•â•â•â•â•â•â•â•â•â•â•â•â•â•â•â•â•â•â•â•â•â•â•â•â•â•â•â•â•â•â•â•â•â•â•â•â•â•â•â•â•â•â•â•â•â•â•â•â•â•â•â•â•â•â•â•â•â•â•â•â•â•â•â•â•â•â•â•â•â•â•

    attachment #1: trace (application/zip) â”€â”€â”€â”€â”€â”€â”€â”€â”€â”€â”€â”€â”€â”€â”€â”€â”€â”€â”€â”€â”€â”€â”€â”€â”€â”€â”€â”€â”€â”€â”€â”€â”€â”€â”€â”€â”€â”€â”€â”€â”€â”€â”€â”€â”€â”€â”€â”€â”€â”€â”€â”€â”€â”€â”€â”€â”€
>>>>>>> c10fed3e5432c01cfc3035d31d7049d1407e7bed
    test-results\artifacts\playwright-dre-interface-ï¿½-fdd79-Valor-incorreto-23-333-333--DRE-Desktop-Safari-retry1\trace.zip
    Usage:

        npx playwright show-trace test-results\artifacts\playwright-dre-interface-ï¿½-fdd79-Valor-incorreto-23-333-333--DRE-Desktop-Safari-retry1\trace.zip

    â”€â”€â”€â”€â”€â”€â”€â”€â”€â”€â”€â”€â”€â”€â”€â”€â”€â”€â”€â”€â”€â”€â”€â”€â”€â”€â”€â”€â”€â”€â”€â”€â”€â”€â”€â”€â”€â”€â”€â”€â”€â”€â”€â”€â”€â”€â”€â”€â”€â”€â”€â”€â”€â”€â”€â”€â”€â”€â”€â”€â”€â”€â”€â”€â”€â”€â”€â”€â”€â”€â”€â”€â”€â”€â”€â”€â”€â”€â”€â”€â”€â”€â”€â”€â”€â”€â”€â”€â”€â”€â”€â”€â”€â”€â”€â”€
]]>
</failure>
<system-out>
<![CDATA[
<<<<<<< HEAD
[[ATTACHMENT|artifacts\playwright-dre-interface-ï¿½-fdd79-Valor-incorreto-23-333-333--DRE-Desktop-Safari\test-failed-1.png]]

[[ATTACHMENT|artifacts\playwright-dre-interface-ï¿½-fdd79-Valor-incorreto-23-333-333--DRE-Desktop-Safari\trace.zip]]

[[ATTACHMENT|artifacts\playwright-dre-interface-ï¿½-fdd79-Valor-incorreto-23-333-333--DRE-Desktop-Safari-retry1\test-failed-1.png]]

=======
[[ATTACHMENT|artifacts\playwright-dre-interface-ï¿½-fdd79-Valor-incorreto-23-333-333--DRE-Desktop-Safari\trace.zip]]

>>>>>>> c10fed3e5432c01cfc3035d31d7049d1407e7bed
[[ATTACHMENT|artifacts\playwright-dre-interface-ï¿½-fdd79-Valor-incorreto-23-333-333--DRE-Desktop-Safari-retry1\trace.zip]]
]]>
</system-out>
</testcase>
<<<<<<< HEAD
<testcase name="ğŸ§ª DRE Tax Deductions Interface Tests â€º ğŸ“Š Testar navegaÃ§Ã£o entre tabs e persistÃªncia de dados" classname="playwright-dre-interface.test.ts" time="3.35">
<failure message="playwright-dre-interface.test.ts:298:7 ğŸ“Š Testar navegaÃ§Ã£o entre tabs e persistÃªncia de dados" type="FAILURE">
<![CDATA[  [DRE-Desktop-Safari] â€º playwright-dre-interface.test.ts:298:7 â€º ğŸ§ª DRE Tax Deductions Interface Tests â€º ğŸ“Š Testar navegaÃ§Ã£o entre tabs e persistÃªncia de dados 

    Error: browserContext.newPage: Unknown permission: clipboard-write

    attachment #1: screenshot (image/png) â”€â”€â”€â”€â”€â”€â”€â”€â”€â”€â”€â”€â”€â”€â”€â”€â”€â”€â”€â”€â”€â”€â”€â”€â”€â”€â”€â”€â”€â”€â”€â”€â”€â”€â”€â”€â”€â”€â”€â”€â”€â”€â”€â”€â”€â”€â”€â”€â”€â”€â”€â”€â”€â”€â”€â”€â”€â”€
    test-results\artifacts\playwright-dre-interface-ï¿½-fa4c8-abs-e-persistÃªncia-de-dados-DRE-Desktop-Safari\test-failed-1.png
    â”€â”€â”€â”€â”€â”€â”€â”€â”€â”€â”€â”€â”€â”€â”€â”€â”€â”€â”€â”€â”€â”€â”€â”€â”€â”€â”€â”€â”€â”€â”€â”€â”€â”€â”€â”€â”€â”€â”€â”€â”€â”€â”€â”€â”€â”€â”€â”€â”€â”€â”€â”€â”€â”€â”€â”€â”€â”€â”€â”€â”€â”€â”€â”€â”€â”€â”€â”€â”€â”€â”€â”€â”€â”€â”€â”€â”€â”€â”€â”€â”€â”€â”€â”€â”€â”€â”€â”€â”€â”€â”€â”€â”€â”€â”€â”€

    attachment #2: trace (application/zip) â”€â”€â”€â”€â”€â”€â”€â”€â”€â”€â”€â”€â”€â”€â”€â”€â”€â”€â”€â”€â”€â”€â”€â”€â”€â”€â”€â”€â”€â”€â”€â”€â”€â”€â”€â”€â”€â”€â”€â”€â”€â”€â”€â”€â”€â”€â”€â”€â”€â”€â”€â”€â”€â”€â”€â”€â”€
=======
<testcase name="ğŸ§ª DRE Tax Deductions Interface Tests â€º ğŸ“Š Testar navegaÃ§Ã£o entre tabs e persistÃªncia de dados" classname="playwright-dre-interface.test.ts" time="0.004">
<failure message="playwright-dre-interface.test.ts:314:7 ğŸ“Š Testar navegaÃ§Ã£o entre tabs e persistÃªncia de dados" type="FAILURE">
<![CDATA[  [DRE-Desktop-Safari] â€º playwright-dre-interface.test.ts:314:7 â€º ğŸ§ª DRE Tax Deductions Interface Tests â€º ğŸ“Š Testar navegaÃ§Ã£o entre tabs e persistÃªncia de dados 

    Error: browserType.launch: Executable doesn't exist at C:\Users\rafaf\AppData\Local\ms-playwright\webkit-2182\Playwright.exe
    â•”â•â•â•â•â•â•â•â•â•â•â•â•â•â•â•â•â•â•â•â•â•â•â•â•â•â•â•â•â•â•â•â•â•â•â•â•â•â•â•â•â•â•â•â•â•â•â•â•â•â•â•â•â•â•â•â•â•â•â•â•â•â•â•â•â•â•â•â•â•â•â•â•â•â•—
    â•‘ Looks like Playwright Test or Playwright was just installed or updated. â•‘
    â•‘ Please run the following command to download new browsers:              â•‘
    â•‘                                                                         â•‘
    â•‘     npx playwright install                                              â•‘
    â•‘                                                                         â•‘
    â•‘ <3 Playwright Team                                                      â•‘
    â•šâ•â•â•â•â•â•â•â•â•â•â•â•â•â•â•â•â•â•â•â•â•â•â•â•â•â•â•â•â•â•â•â•â•â•â•â•â•â•â•â•â•â•â•â•â•â•â•â•â•â•â•â•â•â•â•â•â•â•â•â•â•â•â•â•â•â•â•â•â•â•â•â•â•â•

    attachment #1: trace (application/zip) â”€â”€â”€â”€â”€â”€â”€â”€â”€â”€â”€â”€â”€â”€â”€â”€â”€â”€â”€â”€â”€â”€â”€â”€â”€â”€â”€â”€â”€â”€â”€â”€â”€â”€â”€â”€â”€â”€â”€â”€â”€â”€â”€â”€â”€â”€â”€â”€â”€â”€â”€â”€â”€â”€â”€â”€â”€
>>>>>>> c10fed3e5432c01cfc3035d31d7049d1407e7bed
    test-results\artifacts\playwright-dre-interface-ï¿½-fa4c8-abs-e-persistÃªncia-de-dados-DRE-Desktop-Safari\trace.zip
    Usage:

        npx playwright show-trace test-results\artifacts\playwright-dre-interface-ï¿½-fa4c8-abs-e-persistÃªncia-de-dados-DRE-Desktop-Safari\trace.zip

    â”€â”€â”€â”€â”€â”€â”€â”€â”€â”€â”€â”€â”€â”€â”€â”€â”€â”€â”€â”€â”€â”€â”€â”€â”€â”€â”€â”€â”€â”€â”€â”€â”€â”€â”€â”€â”€â”€â”€â”€â”€â”€â”€â”€â”€â”€â”€â”€â”€â”€â”€â”€â”€â”€â”€â”€â”€â”€â”€â”€â”€â”€â”€â”€â”€â”€â”€â”€â”€â”€â”€â”€â”€â”€â”€â”€â”€â”€â”€â”€â”€â”€â”€â”€â”€â”€â”€â”€â”€â”€â”€â”€â”€â”€â”€â”€

    Retry #1 â”€â”€â”€â”€â”€â”€â”€â”€â”€â”€â”€â”€â”€â”€â”€â”€â”€â”€â”€â”€â”€â”€â”€â”€â”€â”€â”€â”€â”€â”€â”€â”€â”€â”€â”€â”€â”€â”€â”€â”€â”€â”€â”€â”€â”€â”€â”€â”€â”€â”€â”€â”€â”€â”€â”€â”€â”€â”€â”€â”€â”€â”€â”€â”€â”€â”€â”€â”€â”€â”€â”€â”€â”€â”€â”€â”€â”€â”€â”€â”€â”€â”€â”€â”€â”€â”€â”€

<<<<<<< HEAD
    Error: browserContext.newPage: Unknown permission: clipboard-write

    attachment #1: screenshot (image/png) â”€â”€â”€â”€â”€â”€â”€â”€â”€â”€â”€â”€â”€â”€â”€â”€â”€â”€â”€â”€â”€â”€â”€â”€â”€â”€â”€â”€â”€â”€â”€â”€â”€â”€â”€â”€â”€â”€â”€â”€â”€â”€â”€â”€â”€â”€â”€â”€â”€â”€â”€â”€â”€â”€â”€â”€â”€â”€
    test-results\artifacts\playwright-dre-interface-ï¿½-fa4c8-abs-e-persistÃªncia-de-dados-DRE-Desktop-Safari-retry1\test-failed-1.png
    â”€â”€â”€â”€â”€â”€â”€â”€â”€â”€â”€â”€â”€â”€â”€â”€â”€â”€â”€â”€â”€â”€â”€â”€â”€â”€â”€â”€â”€â”€â”€â”€â”€â”€â”€â”€â”€â”€â”€â”€â”€â”€â”€â”€â”€â”€â”€â”€â”€â”€â”€â”€â”€â”€â”€â”€â”€â”€â”€â”€â”€â”€â”€â”€â”€â”€â”€â”€â”€â”€â”€â”€â”€â”€â”€â”€â”€â”€â”€â”€â”€â”€â”€â”€â”€â”€â”€â”€â”€â”€â”€â”€â”€â”€â”€â”€

    attachment #2: trace (application/zip) â”€â”€â”€â”€â”€â”€â”€â”€â”€â”€â”€â”€â”€â”€â”€â”€â”€â”€â”€â”€â”€â”€â”€â”€â”€â”€â”€â”€â”€â”€â”€â”€â”€â”€â”€â”€â”€â”€â”€â”€â”€â”€â”€â”€â”€â”€â”€â”€â”€â”€â”€â”€â”€â”€â”€â”€â”€
=======
    Error: browserType.launch: Executable doesn't exist at C:\Users\rafaf\AppData\Local\ms-playwright\webkit-2182\Playwright.exe
    â•”â•â•â•â•â•â•â•â•â•â•â•â•â•â•â•â•â•â•â•â•â•â•â•â•â•â•â•â•â•â•â•â•â•â•â•â•â•â•â•â•â•â•â•â•â•â•â•â•â•â•â•â•â•â•â•â•â•â•â•â•â•â•â•â•â•â•â•â•â•â•â•â•â•â•—
    â•‘ Looks like Playwright Test or Playwright was just installed or updated. â•‘
    â•‘ Please run the following command to download new browsers:              â•‘
    â•‘                                                                         â•‘
    â•‘     npx playwright install                                              â•‘
    â•‘                                                                         â•‘
    â•‘ <3 Playwright Team                                                      â•‘
    â•šâ•â•â•â•â•â•â•â•â•â•â•â•â•â•â•â•â•â•â•â•â•â•â•â•â•â•â•â•â•â•â•â•â•â•â•â•â•â•â•â•â•â•â•â•â•â•â•â•â•â•â•â•â•â•â•â•â•â•â•â•â•â•â•â•â•â•â•â•â•â•â•â•â•â•

    attachment #1: trace (application/zip) â”€â”€â”€â”€â”€â”€â”€â”€â”€â”€â”€â”€â”€â”€â”€â”€â”€â”€â”€â”€â”€â”€â”€â”€â”€â”€â”€â”€â”€â”€â”€â”€â”€â”€â”€â”€â”€â”€â”€â”€â”€â”€â”€â”€â”€â”€â”€â”€â”€â”€â”€â”€â”€â”€â”€â”€â”€
>>>>>>> c10fed3e5432c01cfc3035d31d7049d1407e7bed
    test-results\artifacts\playwright-dre-interface-ï¿½-fa4c8-abs-e-persistÃªncia-de-dados-DRE-Desktop-Safari-retry1\trace.zip
    Usage:

        npx playwright show-trace test-results\artifacts\playwright-dre-interface-ï¿½-fa4c8-abs-e-persistÃªncia-de-dados-DRE-Desktop-Safari-retry1\trace.zip

    â”€â”€â”€â”€â”€â”€â”€â”€â”€â”€â”€â”€â”€â”€â”€â”€â”€â”€â”€â”€â”€â”€â”€â”€â”€â”€â”€â”€â”€â”€â”€â”€â”€â”€â”€â”€â”€â”€â”€â”€â”€â”€â”€â”€â”€â”€â”€â”€â”€â”€â”€â”€â”€â”€â”€â”€â”€â”€â”€â”€â”€â”€â”€â”€â”€â”€â”€â”€â”€â”€â”€â”€â”€â”€â”€â”€â”€â”€â”€â”€â”€â”€â”€â”€â”€â”€â”€â”€â”€â”€â”€â”€â”€â”€â”€â”€
]]>
</failure>
<system-out>
<![CDATA[
<<<<<<< HEAD
[[ATTACHMENT|artifacts\playwright-dre-interface-ï¿½-fa4c8-abs-e-persistÃªncia-de-dados-DRE-Desktop-Safari\test-failed-1.png]]

[[ATTACHMENT|artifacts\playwright-dre-interface-ï¿½-fa4c8-abs-e-persistÃªncia-de-dados-DRE-Desktop-Safari\trace.zip]]

[[ATTACHMENT|artifacts\playwright-dre-interface-ï¿½-fa4c8-abs-e-persistÃªncia-de-dados-DRE-Desktop-Safari-retry1\test-failed-1.png]]

=======
[[ATTACHMENT|artifacts\playwright-dre-interface-ï¿½-fa4c8-abs-e-persistÃªncia-de-dados-DRE-Desktop-Safari\trace.zip]]

>>>>>>> c10fed3e5432c01cfc3035d31d7049d1407e7bed
[[ATTACHMENT|artifacts\playwright-dre-interface-ï¿½-fa4c8-abs-e-persistÃªncia-de-dados-DRE-Desktop-Safari-retry1\trace.zip]]
]]>
</system-out>
</testcase>
<<<<<<< HEAD
<testcase name="ğŸ§ª DRE Tax Deductions Interface Tests â€º ğŸ•µï¸ Debug: Capturar logs do console durante operaÃ§Ãµes" classname="playwright-dre-interface.test.ts" time="3.765">
<failure message="playwright-dre-interface.test.ts:340:7 ğŸ•µï¸ Debug: Capturar logs do console durante operaÃ§Ãµes" type="FAILURE">
<![CDATA[  [DRE-Desktop-Safari] â€º playwright-dre-interface.test.ts:340:7 â€º ğŸ§ª DRE Tax Deductions Interface Tests â€º ğŸ•µï¸ Debug: Capturar logs do console durante operaÃ§Ãµes 

    Error: browserContext.newPage: Unknown permission: clipboard-write

    attachment #1: screenshot (image/png) â”€â”€â”€â”€â”€â”€â”€â”€â”€â”€â”€â”€â”€â”€â”€â”€â”€â”€â”€â”€â”€â”€â”€â”€â”€â”€â”€â”€â”€â”€â”€â”€â”€â”€â”€â”€â”€â”€â”€â”€â”€â”€â”€â”€â”€â”€â”€â”€â”€â”€â”€â”€â”€â”€â”€â”€â”€â”€
    test-results\artifacts\playwright-dre-interface-ï¿½-7e730-o-console-durante-operaÃ§Ãµes-DRE-Desktop-Safari\test-failed-1.png
    â”€â”€â”€â”€â”€â”€â”€â”€â”€â”€â”€â”€â”€â”€â”€â”€â”€â”€â”€â”€â”€â”€â”€â”€â”€â”€â”€â”€â”€â”€â”€â”€â”€â”€â”€â”€â”€â”€â”€â”€â”€â”€â”€â”€â”€â”€â”€â”€â”€â”€â”€â”€â”€â”€â”€â”€â”€â”€â”€â”€â”€â”€â”€â”€â”€â”€â”€â”€â”€â”€â”€â”€â”€â”€â”€â”€â”€â”€â”€â”€â”€â”€â”€â”€â”€â”€â”€â”€â”€â”€â”€â”€â”€â”€â”€â”€

    attachment #2: trace (application/zip) â”€â”€â”€â”€â”€â”€â”€â”€â”€â”€â”€â”€â”€â”€â”€â”€â”€â”€â”€â”€â”€â”€â”€â”€â”€â”€â”€â”€â”€â”€â”€â”€â”€â”€â”€â”€â”€â”€â”€â”€â”€â”€â”€â”€â”€â”€â”€â”€â”€â”€â”€â”€â”€â”€â”€â”€â”€
=======
<testcase name="ğŸ§ª DRE Tax Deductions Interface Tests â€º ğŸ•µï¸ Debug: Capturar logs do console durante operaÃ§Ãµes" classname="playwright-dre-interface.test.ts" time="0.004">
<failure message="playwright-dre-interface.test.ts:356:7 ğŸ•µï¸ Debug: Capturar logs do console durante operaÃ§Ãµes" type="FAILURE">
<![CDATA[  [DRE-Desktop-Safari] â€º playwright-dre-interface.test.ts:356:7 â€º ğŸ§ª DRE Tax Deductions Interface Tests â€º ğŸ•µï¸ Debug: Capturar logs do console durante operaÃ§Ãµes 

    Error: browserType.launch: Executable doesn't exist at C:\Users\rafaf\AppData\Local\ms-playwright\webkit-2182\Playwright.exe
    â•”â•â•â•â•â•â•â•â•â•â•â•â•â•â•â•â•â•â•â•â•â•â•â•â•â•â•â•â•â•â•â•â•â•â•â•â•â•â•â•â•â•â•â•â•â•â•â•â•â•â•â•â•â•â•â•â•â•â•â•â•â•â•â•â•â•â•â•â•â•â•â•â•â•â•—
    â•‘ Looks like Playwright Test or Playwright was just installed or updated. â•‘
    â•‘ Please run the following command to download new browsers:              â•‘
    â•‘                                                                         â•‘
    â•‘     npx playwright install                                              â•‘
    â•‘                                                                         â•‘
    â•‘ <3 Playwright Team                                                      â•‘
    â•šâ•â•â•â•â•â•â•â•â•â•â•â•â•â•â•â•â•â•â•â•â•â•â•â•â•â•â•â•â•â•â•â•â•â•â•â•â•â•â•â•â•â•â•â•â•â•â•â•â•â•â•â•â•â•â•â•â•â•â•â•â•â•â•â•â•â•â•â•â•â•â•â•â•â•

    attachment #1: trace (application/zip) â”€â”€â”€â”€â”€â”€â”€â”€â”€â”€â”€â”€â”€â”€â”€â”€â”€â”€â”€â”€â”€â”€â”€â”€â”€â”€â”€â”€â”€â”€â”€â”€â”€â”€â”€â”€â”€â”€â”€â”€â”€â”€â”€â”€â”€â”€â”€â”€â”€â”€â”€â”€â”€â”€â”€â”€â”€
>>>>>>> c10fed3e5432c01cfc3035d31d7049d1407e7bed
    test-results\artifacts\playwright-dre-interface-ï¿½-7e730-o-console-durante-operaÃ§Ãµes-DRE-Desktop-Safari\trace.zip
    Usage:

        npx playwright show-trace test-results\artifacts\playwright-dre-interface-ï¿½-7e730-o-console-durante-operaÃ§Ãµes-DRE-Desktop-Safari\trace.zip

    â”€â”€â”€â”€â”€â”€â”€â”€â”€â”€â”€â”€â”€â”€â”€â”€â”€â”€â”€â”€â”€â”€â”€â”€â”€â”€â”€â”€â”€â”€â”€â”€â”€â”€â”€â”€â”€â”€â”€â”€â”€â”€â”€â”€â”€â”€â”€â”€â”€â”€â”€â”€â”€â”€â”€â”€â”€â”€â”€â”€â”€â”€â”€â”€â”€â”€â”€â”€â”€â”€â”€â”€â”€â”€â”€â”€â”€â”€â”€â”€â”€â”€â”€â”€â”€â”€â”€â”€â”€â”€â”€â”€â”€â”€â”€â”€

    Retry #1 â”€â”€â”€â”€â”€â”€â”€â”€â”€â”€â”€â”€â”€â”€â”€â”€â”€â”€â”€â”€â”€â”€â”€â”€â”€â”€â”€â”€â”€â”€â”€â”€â”€â”€â”€â”€â”€â”€â”€â”€â”€â”€â”€â”€â”€â”€â”€â”€â”€â”€â”€â”€â”€â”€â”€â”€â”€â”€â”€â”€â”€â”€â”€â”€â”€â”€â”€â”€â”€â”€â”€â”€â”€â”€â”€â”€â”€â”€â”€â”€â”€â”€â”€â”€â”€â”€â”€

<<<<<<< HEAD
    Error: browserContext.newPage: Unknown permission: clipboard-write

    attachment #1: screenshot (image/png) â”€â”€â”€â”€â”€â”€â”€â”€â”€â”€â”€â”€â”€â”€â”€â”€â”€â”€â”€â”€â”€â”€â”€â”€â”€â”€â”€â”€â”€â”€â”€â”€â”€â”€â”€â”€â”€â”€â”€â”€â”€â”€â”€â”€â”€â”€â”€â”€â”€â”€â”€â”€â”€â”€â”€â”€â”€â”€
    test-results\artifacts\playwright-dre-interface-ï¿½-7e730-o-console-durante-operaÃ§Ãµes-DRE-Desktop-Safari-retry1\test-failed-1.png
    â”€â”€â”€â”€â”€â”€â”€â”€â”€â”€â”€â”€â”€â”€â”€â”€â”€â”€â”€â”€â”€â”€â”€â”€â”€â”€â”€â”€â”€â”€â”€â”€â”€â”€â”€â”€â”€â”€â”€â”€â”€â”€â”€â”€â”€â”€â”€â”€â”€â”€â”€â”€â”€â”€â”€â”€â”€â”€â”€â”€â”€â”€â”€â”€â”€â”€â”€â”€â”€â”€â”€â”€â”€â”€â”€â”€â”€â”€â”€â”€â”€â”€â”€â”€â”€â”€â”€â”€â”€â”€â”€â”€â”€â”€â”€â”€

    attachment #2: trace (application/zip) â”€â”€â”€â”€â”€â”€â”€â”€â”€â”€â”€â”€â”€â”€â”€â”€â”€â”€â”€â”€â”€â”€â”€â”€â”€â”€â”€â”€â”€â”€â”€â”€â”€â”€â”€â”€â”€â”€â”€â”€â”€â”€â”€â”€â”€â”€â”€â”€â”€â”€â”€â”€â”€â”€â”€â”€â”€
=======
    Error: browserType.launch: Executable doesn't exist at C:\Users\rafaf\AppData\Local\ms-playwright\webkit-2182\Playwright.exe
    â•”â•â•â•â•â•â•â•â•â•â•â•â•â•â•â•â•â•â•â•â•â•â•â•â•â•â•â•â•â•â•â•â•â•â•â•â•â•â•â•â•â•â•â•â•â•â•â•â•â•â•â•â•â•â•â•â•â•â•â•â•â•â•â•â•â•â•â•â•â•â•â•â•â•â•—
    â•‘ Looks like Playwright Test or Playwright was just installed or updated. â•‘
    â•‘ Please run the following command to download new browsers:              â•‘
    â•‘                                                                         â•‘
    â•‘     npx playwright install                                              â•‘
    â•‘                                                                         â•‘
    â•‘ <3 Playwright Team                                                      â•‘
    â•šâ•â•â•â•â•â•â•â•â•â•â•â•â•â•â•â•â•â•â•â•â•â•â•â•â•â•â•â•â•â•â•â•â•â•â•â•â•â•â•â•â•â•â•â•â•â•â•â•â•â•â•â•â•â•â•â•â•â•â•â•â•â•â•â•â•â•â•â•â•â•â•â•â•â•

    attachment #1: trace (application/zip) â”€â”€â”€â”€â”€â”€â”€â”€â”€â”€â”€â”€â”€â”€â”€â”€â”€â”€â”€â”€â”€â”€â”€â”€â”€â”€â”€â”€â”€â”€â”€â”€â”€â”€â”€â”€â”€â”€â”€â”€â”€â”€â”€â”€â”€â”€â”€â”€â”€â”€â”€â”€â”€â”€â”€â”€â”€
>>>>>>> c10fed3e5432c01cfc3035d31d7049d1407e7bed
    test-results\artifacts\playwright-dre-interface-ï¿½-7e730-o-console-durante-operaÃ§Ãµes-DRE-Desktop-Safari-retry1\trace.zip
    Usage:

        npx playwright show-trace test-results\artifacts\playwright-dre-interface-ï¿½-7e730-o-console-durante-operaÃ§Ãµes-DRE-Desktop-Safari-retry1\trace.zip

    â”€â”€â”€â”€â”€â”€â”€â”€â”€â”€â”€â”€â”€â”€â”€â”€â”€â”€â”€â”€â”€â”€â”€â”€â”€â”€â”€â”€â”€â”€â”€â”€â”€â”€â”€â”€â”€â”€â”€â”€â”€â”€â”€â”€â”€â”€â”€â”€â”€â”€â”€â”€â”€â”€â”€â”€â”€â”€â”€â”€â”€â”€â”€â”€â”€â”€â”€â”€â”€â”€â”€â”€â”€â”€â”€â”€â”€â”€â”€â”€â”€â”€â”€â”€â”€â”€â”€â”€â”€â”€â”€â”€â”€â”€â”€â”€
]]>
</failure>
<system-out>
<![CDATA[
<<<<<<< HEAD
[[ATTACHMENT|artifacts\playwright-dre-interface-ï¿½-7e730-o-console-durante-operaÃ§Ãµes-DRE-Desktop-Safari\test-failed-1.png]]

[[ATTACHMENT|artifacts\playwright-dre-interface-ï¿½-7e730-o-console-durante-operaÃ§Ãµes-DRE-Desktop-Safari\trace.zip]]

[[ATTACHMENT|artifacts\playwright-dre-interface-ï¿½-7e730-o-console-durante-operaÃ§Ãµes-DRE-Desktop-Safari-retry1\test-failed-1.png]]

=======
[[ATTACHMENT|artifacts\playwright-dre-interface-ï¿½-7e730-o-console-durante-operaÃ§Ãµes-DRE-Desktop-Safari\trace.zip]]

>>>>>>> c10fed3e5432c01cfc3035d31d7049d1407e7bed
[[ATTACHMENT|artifacts\playwright-dre-interface-ï¿½-7e730-o-console-durante-operaÃ§Ãµes-DRE-Desktop-Safari-retry1\trace.zip]]
]]>
</system-out>
</testcase>
<<<<<<< HEAD
<testcase name="ğŸ§ª DRE Tax Deductions Interface Tests â€º ğŸ“¸ Capturar screenshots de diferentes estados" classname="playwright-dre-interface.test.ts" time="3.125">
<failure message="playwright-dre-interface.test.ts:388:7 ğŸ“¸ Capturar screenshots de diferentes estados" type="FAILURE">
<![CDATA[  [DRE-Desktop-Safari] â€º playwright-dre-interface.test.ts:388:7 â€º ğŸ§ª DRE Tax Deductions Interface Tests â€º ğŸ“¸ Capturar screenshots de diferentes estados 

    Error: browserContext.newPage: Unknown permission: clipboard-write

    attachment #1: screenshot (image/png) â”€â”€â”€â”€â”€â”€â”€â”€â”€â”€â”€â”€â”€â”€â”€â”€â”€â”€â”€â”€â”€â”€â”€â”€â”€â”€â”€â”€â”€â”€â”€â”€â”€â”€â”€â”€â”€â”€â”€â”€â”€â”€â”€â”€â”€â”€â”€â”€â”€â”€â”€â”€â”€â”€â”€â”€â”€â”€
    test-results\artifacts\playwright-dre-interface-ï¿½-dd5d0-shots-de-diferentes-estados-DRE-Desktop-Safari\test-failed-1.png
    â”€â”€â”€â”€â”€â”€â”€â”€â”€â”€â”€â”€â”€â”€â”€â”€â”€â”€â”€â”€â”€â”€â”€â”€â”€â”€â”€â”€â”€â”€â”€â”€â”€â”€â”€â”€â”€â”€â”€â”€â”€â”€â”€â”€â”€â”€â”€â”€â”€â”€â”€â”€â”€â”€â”€â”€â”€â”€â”€â”€â”€â”€â”€â”€â”€â”€â”€â”€â”€â”€â”€â”€â”€â”€â”€â”€â”€â”€â”€â”€â”€â”€â”€â”€â”€â”€â”€â”€â”€â”€â”€â”€â”€â”€â”€â”€

    attachment #2: trace (application/zip) â”€â”€â”€â”€â”€â”€â”€â”€â”€â”€â”€â”€â”€â”€â”€â”€â”€â”€â”€â”€â”€â”€â”€â”€â”€â”€â”€â”€â”€â”€â”€â”€â”€â”€â”€â”€â”€â”€â”€â”€â”€â”€â”€â”€â”€â”€â”€â”€â”€â”€â”€â”€â”€â”€â”€â”€â”€
=======
<testcase name="ğŸ§ª DRE Tax Deductions Interface Tests â€º ğŸ“¸ Capturar screenshots de diferentes estados" classname="playwright-dre-interface.test.ts" time="0.005">
<failure message="playwright-dre-interface.test.ts:404:7 ğŸ“¸ Capturar screenshots de diferentes estados" type="FAILURE">
<![CDATA[  [DRE-Desktop-Safari] â€º playwright-dre-interface.test.ts:404:7 â€º ğŸ§ª DRE Tax Deductions Interface Tests â€º ğŸ“¸ Capturar screenshots de diferentes estados 

    Error: browserType.launch: Executable doesn't exist at C:\Users\rafaf\AppData\Local\ms-playwright\webkit-2182\Playwright.exe
    â•”â•â•â•â•â•â•â•â•â•â•â•â•â•â•â•â•â•â•â•â•â•â•â•â•â•â•â•â•â•â•â•â•â•â•â•â•â•â•â•â•â•â•â•â•â•â•â•â•â•â•â•â•â•â•â•â•â•â•â•â•â•â•â•â•â•â•â•â•â•â•â•â•â•â•—
    â•‘ Looks like Playwright Test or Playwright was just installed or updated. â•‘
    â•‘ Please run the following command to download new browsers:              â•‘
    â•‘                                                                         â•‘
    â•‘     npx playwright install                                              â•‘
    â•‘                                                                         â•‘
    â•‘ <3 Playwright Team                                                      â•‘
    â•šâ•â•â•â•â•â•â•â•â•â•â•â•â•â•â•â•â•â•â•â•â•â•â•â•â•â•â•â•â•â•â•â•â•â•â•â•â•â•â•â•â•â•â•â•â•â•â•â•â•â•â•â•â•â•â•â•â•â•â•â•â•â•â•â•â•â•â•â•â•â•â•â•â•â•

    attachment #1: trace (application/zip) â”€â”€â”€â”€â”€â”€â”€â”€â”€â”€â”€â”€â”€â”€â”€â”€â”€â”€â”€â”€â”€â”€â”€â”€â”€â”€â”€â”€â”€â”€â”€â”€â”€â”€â”€â”€â”€â”€â”€â”€â”€â”€â”€â”€â”€â”€â”€â”€â”€â”€â”€â”€â”€â”€â”€â”€â”€
>>>>>>> c10fed3e5432c01cfc3035d31d7049d1407e7bed
    test-results\artifacts\playwright-dre-interface-ï¿½-dd5d0-shots-de-diferentes-estados-DRE-Desktop-Safari\trace.zip
    Usage:

        npx playwright show-trace test-results\artifacts\playwright-dre-interface-ï¿½-dd5d0-shots-de-diferentes-estados-DRE-Desktop-Safari\trace.zip

    â”€â”€â”€â”€â”€â”€â”€â”€â”€â”€â”€â”€â”€â”€â”€â”€â”€â”€â”€â”€â”€â”€â”€â”€â”€â”€â”€â”€â”€â”€â”€â”€â”€â”€â”€â”€â”€â”€â”€â”€â”€â”€â”€â”€â”€â”€â”€â”€â”€â”€â”€â”€â”€â”€â”€â”€â”€â”€â”€â”€â”€â”€â”€â”€â”€â”€â”€â”€â”€â”€â”€â”€â”€â”€â”€â”€â”€â”€â”€â”€â”€â”€â”€â”€â”€â”€â”€â”€â”€â”€â”€â”€â”€â”€â”€â”€

    Retry #1 â”€â”€â”€â”€â”€â”€â”€â”€â”€â”€â”€â”€â”€â”€â”€â”€â”€â”€â”€â”€â”€â”€â”€â”€â”€â”€â”€â”€â”€â”€â”€â”€â”€â”€â”€â”€â”€â”€â”€â”€â”€â”€â”€â”€â”€â”€â”€â”€â”€â”€â”€â”€â”€â”€â”€â”€â”€â”€â”€â”€â”€â”€â”€â”€â”€â”€â”€â”€â”€â”€â”€â”€â”€â”€â”€â”€â”€â”€â”€â”€â”€â”€â”€â”€â”€â”€â”€

<<<<<<< HEAD
    Error: browserContext.newPage: Unknown permission: clipboard-write

    attachment #1: screenshot (image/png) â”€â”€â”€â”€â”€â”€â”€â”€â”€â”€â”€â”€â”€â”€â”€â”€â”€â”€â”€â”€â”€â”€â”€â”€â”€â”€â”€â”€â”€â”€â”€â”€â”€â”€â”€â”€â”€â”€â”€â”€â”€â”€â”€â”€â”€â”€â”€â”€â”€â”€â”€â”€â”€â”€â”€â”€â”€â”€
    test-results\artifacts\playwright-dre-interface-ï¿½-dd5d0-shots-de-diferentes-estados-DRE-Desktop-Safari-retry1\test-failed-1.png
    â”€â”€â”€â”€â”€â”€â”€â”€â”€â”€â”€â”€â”€â”€â”€â”€â”€â”€â”€â”€â”€â”€â”€â”€â”€â”€â”€â”€â”€â”€â”€â”€â”€â”€â”€â”€â”€â”€â”€â”€â”€â”€â”€â”€â”€â”€â”€â”€â”€â”€â”€â”€â”€â”€â”€â”€â”€â”€â”€â”€â”€â”€â”€â”€â”€â”€â”€â”€â”€â”€â”€â”€â”€â”€â”€â”€â”€â”€â”€â”€â”€â”€â”€â”€â”€â”€â”€â”€â”€â”€â”€â”€â”€â”€â”€â”€

    attachment #2: trace (application/zip) â”€â”€â”€â”€â”€â”€â”€â”€â”€â”€â”€â”€â”€â”€â”€â”€â”€â”€â”€â”€â”€â”€â”€â”€â”€â”€â”€â”€â”€â”€â”€â”€â”€â”€â”€â”€â”€â”€â”€â”€â”€â”€â”€â”€â”€â”€â”€â”€â”€â”€â”€â”€â”€â”€â”€â”€â”€
=======
    Error: browserType.launch: Executable doesn't exist at C:\Users\rafaf\AppData\Local\ms-playwright\webkit-2182\Playwright.exe
    â•”â•â•â•â•â•â•â•â•â•â•â•â•â•â•â•â•â•â•â•â•â•â•â•â•â•â•â•â•â•â•â•â•â•â•â•â•â•â•â•â•â•â•â•â•â•â•â•â•â•â•â•â•â•â•â•â•â•â•â•â•â•â•â•â•â•â•â•â•â•â•â•â•â•â•—
    â•‘ Looks like Playwright Test or Playwright was just installed or updated. â•‘
    â•‘ Please run the following command to download new browsers:              â•‘
    â•‘                                                                         â•‘
    â•‘     npx playwright install                                              â•‘
    â•‘                                                                         â•‘
    â•‘ <3 Playwright Team                                                      â•‘
    â•šâ•â•â•â•â•â•â•â•â•â•â•â•â•â•â•â•â•â•â•â•â•â•â•â•â•â•â•â•â•â•â•â•â•â•â•â•â•â•â•â•â•â•â•â•â•â•â•â•â•â•â•â•â•â•â•â•â•â•â•â•â•â•â•â•â•â•â•â•â•â•â•â•â•â•

    attachment #1: trace (application/zip) â”€â”€â”€â”€â”€â”€â”€â”€â”€â”€â”€â”€â”€â”€â”€â”€â”€â”€â”€â”€â”€â”€â”€â”€â”€â”€â”€â”€â”€â”€â”€â”€â”€â”€â”€â”€â”€â”€â”€â”€â”€â”€â”€â”€â”€â”€â”€â”€â”€â”€â”€â”€â”€â”€â”€â”€â”€
>>>>>>> c10fed3e5432c01cfc3035d31d7049d1407e7bed
    test-results\artifacts\playwright-dre-interface-ï¿½-dd5d0-shots-de-diferentes-estados-DRE-Desktop-Safari-retry1\trace.zip
    Usage:

        npx playwright show-trace test-results\artifacts\playwright-dre-interface-ï¿½-dd5d0-shots-de-diferentes-estados-DRE-Desktop-Safari-retry1\trace.zip

    â”€â”€â”€â”€â”€â”€â”€â”€â”€â”€â”€â”€â”€â”€â”€â”€â”€â”€â”€â”€â”€â”€â”€â”€â”€â”€â”€â”€â”€â”€â”€â”€â”€â”€â”€â”€â”€â”€â”€â”€â”€â”€â”€â”€â”€â”€â”€â”€â”€â”€â”€â”€â”€â”€â”€â”€â”€â”€â”€â”€â”€â”€â”€â”€â”€â”€â”€â”€â”€â”€â”€â”€â”€â”€â”€â”€â”€â”€â”€â”€â”€â”€â”€â”€â”€â”€â”€â”€â”€â”€â”€â”€â”€â”€â”€â”€
]]>
</failure>
<system-out>
<![CDATA[
<<<<<<< HEAD
[[ATTACHMENT|artifacts\playwright-dre-interface-ï¿½-dd5d0-shots-de-diferentes-estados-DRE-Desktop-Safari\test-failed-1.png]]

[[ATTACHMENT|artifacts\playwright-dre-interface-ï¿½-dd5d0-shots-de-diferentes-estados-DRE-Desktop-Safari\trace.zip]]

[[ATTACHMENT|artifacts\playwright-dre-interface-ï¿½-dd5d0-shots-de-diferentes-estados-DRE-Desktop-Safari-retry1\test-failed-1.png]]

=======
[[ATTACHMENT|artifacts\playwright-dre-interface-ï¿½-dd5d0-shots-de-diferentes-estados-DRE-Desktop-Safari\trace.zip]]

>>>>>>> c10fed3e5432c01cfc3035d31d7049d1407e7bed
[[ATTACHMENT|artifacts\playwright-dre-interface-ï¿½-dd5d0-shots-de-diferentes-estados-DRE-Desktop-Safari-retry1\trace.zip]]
]]>
</system-out>
</testcase>
<<<<<<< HEAD
<testcase name="âš¡ Performance Tests â€º ğŸ“Š Medir tempo de carregamento do DRE" classname="playwright-dre-interface.test.ts" time="3.621">
<failure message="playwright-dre-interface.test.ts:418:7 ğŸ“Š Medir tempo de carregamento do DRE" type="FAILURE">
<![CDATA[  [DRE-Desktop-Safari] â€º playwright-dre-interface.test.ts:418:7 â€º âš¡ Performance Tests â€º ğŸ“Š Medir tempo de carregamento do DRE 

    Error: browserContext.newPage: Unknown permission: clipboard-write

    attachment #1: screenshot (image/png) â”€â”€â”€â”€â”€â”€â”€â”€â”€â”€â”€â”€â”€â”€â”€â”€â”€â”€â”€â”€â”€â”€â”€â”€â”€â”€â”€â”€â”€â”€â”€â”€â”€â”€â”€â”€â”€â”€â”€â”€â”€â”€â”€â”€â”€â”€â”€â”€â”€â”€â”€â”€â”€â”€â”€â”€â”€â”€
    test-results\artifacts\playwright-dre-interface-âš¡-841a8-empo-de-carregamento-do-DRE-DRE-Desktop-Safari\test-failed-1.png
    â”€â”€â”€â”€â”€â”€â”€â”€â”€â”€â”€â”€â”€â”€â”€â”€â”€â”€â”€â”€â”€â”€â”€â”€â”€â”€â”€â”€â”€â”€â”€â”€â”€â”€â”€â”€â”€â”€â”€â”€â”€â”€â”€â”€â”€â”€â”€â”€â”€â”€â”€â”€â”€â”€â”€â”€â”€â”€â”€â”€â”€â”€â”€â”€â”€â”€â”€â”€â”€â”€â”€â”€â”€â”€â”€â”€â”€â”€â”€â”€â”€â”€â”€â”€â”€â”€â”€â”€â”€â”€â”€â”€â”€â”€â”€â”€

    attachment #2: trace (application/zip) â”€â”€â”€â”€â”€â”€â”€â”€â”€â”€â”€â”€â”€â”€â”€â”€â”€â”€â”€â”€â”€â”€â”€â”€â”€â”€â”€â”€â”€â”€â”€â”€â”€â”€â”€â”€â”€â”€â”€â”€â”€â”€â”€â”€â”€â”€â”€â”€â”€â”€â”€â”€â”€â”€â”€â”€â”€
=======
<testcase name="âš¡ Performance Tests â€º ğŸ“Š Medir tempo de carregamento do DRE" classname="playwright-dre-interface.test.ts" time="0.005">
<failure message="playwright-dre-interface.test.ts:434:7 ğŸ“Š Medir tempo de carregamento do DRE" type="FAILURE">
<![CDATA[  [DRE-Desktop-Safari] â€º playwright-dre-interface.test.ts:434:7 â€º âš¡ Performance Tests â€º ğŸ“Š Medir tempo de carregamento do DRE 

    Error: browserType.launch: Executable doesn't exist at C:\Users\rafaf\AppData\Local\ms-playwright\webkit-2182\Playwright.exe
    â•”â•â•â•â•â•â•â•â•â•â•â•â•â•â•â•â•â•â•â•â•â•â•â•â•â•â•â•â•â•â•â•â•â•â•â•â•â•â•â•â•â•â•â•â•â•â•â•â•â•â•â•â•â•â•â•â•â•â•â•â•â•â•â•â•â•â•â•â•â•â•â•â•â•â•—
    â•‘ Looks like Playwright Test or Playwright was just installed or updated. â•‘
    â•‘ Please run the following command to download new browsers:              â•‘
    â•‘                                                                         â•‘
    â•‘     npx playwright install                                              â•‘
    â•‘                                                                         â•‘
    â•‘ <3 Playwright Team                                                      â•‘
    â•šâ•â•â•â•â•â•â•â•â•â•â•â•â•â•â•â•â•â•â•â•â•â•â•â•â•â•â•â•â•â•â•â•â•â•â•â•â•â•â•â•â•â•â•â•â•â•â•â•â•â•â•â•â•â•â•â•â•â•â•â•â•â•â•â•â•â•â•â•â•â•â•â•â•â•

    attachment #1: trace (application/zip) â”€â”€â”€â”€â”€â”€â”€â”€â”€â”€â”€â”€â”€â”€â”€â”€â”€â”€â”€â”€â”€â”€â”€â”€â”€â”€â”€â”€â”€â”€â”€â”€â”€â”€â”€â”€â”€â”€â”€â”€â”€â”€â”€â”€â”€â”€â”€â”€â”€â”€â”€â”€â”€â”€â”€â”€â”€
>>>>>>> c10fed3e5432c01cfc3035d31d7049d1407e7bed
    test-results\artifacts\playwright-dre-interface-âš¡-841a8-empo-de-carregamento-do-DRE-DRE-Desktop-Safari\trace.zip
    Usage:

        npx playwright show-trace test-results\artifacts\playwright-dre-interface-âš¡-841a8-empo-de-carregamento-do-DRE-DRE-Desktop-Safari\trace.zip

    â”€â”€â”€â”€â”€â”€â”€â”€â”€â”€â”€â”€â”€â”€â”€â”€â”€â”€â”€â”€â”€â”€â”€â”€â”€â”€â”€â”€â”€â”€â”€â”€â”€â”€â”€â”€â”€â”€â”€â”€â”€â”€â”€â”€â”€â”€â”€â”€â”€â”€â”€â”€â”€â”€â”€â”€â”€â”€â”€â”€â”€â”€â”€â”€â”€â”€â”€â”€â”€â”€â”€â”€â”€â”€â”€â”€â”€â”€â”€â”€â”€â”€â”€â”€â”€â”€â”€â”€â”€â”€â”€â”€â”€â”€â”€â”€

    Retry #1 â”€â”€â”€â”€â”€â”€â”€â”€â”€â”€â”€â”€â”€â”€â”€â”€â”€â”€â”€â”€â”€â”€â”€â”€â”€â”€â”€â”€â”€â”€â”€â”€â”€â”€â”€â”€â”€â”€â”€â”€â”€â”€â”€â”€â”€â”€â”€â”€â”€â”€â”€â”€â”€â”€â”€â”€â”€â”€â”€â”€â”€â”€â”€â”€â”€â”€â”€â”€â”€â”€â”€â”€â”€â”€â”€â”€â”€â”€â”€â”€â”€â”€â”€â”€â”€â”€â”€

<<<<<<< HEAD
    Error: browserContext.newPage: Unknown permission: clipboard-write

    attachment #1: screenshot (image/png) â”€â”€â”€â”€â”€â”€â”€â”€â”€â”€â”€â”€â”€â”€â”€â”€â”€â”€â”€â”€â”€â”€â”€â”€â”€â”€â”€â”€â”€â”€â”€â”€â”€â”€â”€â”€â”€â”€â”€â”€â”€â”€â”€â”€â”€â”€â”€â”€â”€â”€â”€â”€â”€â”€â”€â”€â”€â”€
    test-results\artifacts\playwright-dre-interface-âš¡-841a8-empo-de-carregamento-do-DRE-DRE-Desktop-Safari-retry1\test-failed-1.png
    â”€â”€â”€â”€â”€â”€â”€â”€â”€â”€â”€â”€â”€â”€â”€â”€â”€â”€â”€â”€â”€â”€â”€â”€â”€â”€â”€â”€â”€â”€â”€â”€â”€â”€â”€â”€â”€â”€â”€â”€â”€â”€â”€â”€â”€â”€â”€â”€â”€â”€â”€â”€â”€â”€â”€â”€â”€â”€â”€â”€â”€â”€â”€â”€â”€â”€â”€â”€â”€â”€â”€â”€â”€â”€â”€â”€â”€â”€â”€â”€â”€â”€â”€â”€â”€â”€â”€â”€â”€â”€â”€â”€â”€â”€â”€â”€

    attachment #2: trace (application/zip) â”€â”€â”€â”€â”€â”€â”€â”€â”€â”€â”€â”€â”€â”€â”€â”€â”€â”€â”€â”€â”€â”€â”€â”€â”€â”€â”€â”€â”€â”€â”€â”€â”€â”€â”€â”€â”€â”€â”€â”€â”€â”€â”€â”€â”€â”€â”€â”€â”€â”€â”€â”€â”€â”€â”€â”€â”€
=======
    Error: browserType.launch: Executable doesn't exist at C:\Users\rafaf\AppData\Local\ms-playwright\webkit-2182\Playwright.exe
    â•”â•â•â•â•â•â•â•â•â•â•â•â•â•â•â•â•â•â•â•â•â•â•â•â•â•â•â•â•â•â•â•â•â•â•â•â•â•â•â•â•â•â•â•â•â•â•â•â•â•â•â•â•â•â•â•â•â•â•â•â•â•â•â•â•â•â•â•â•â•â•â•â•â•â•—
    â•‘ Looks like Playwright Test or Playwright was just installed or updated. â•‘
    â•‘ Please run the following command to download new browsers:              â•‘
    â•‘                                                                         â•‘
    â•‘     npx playwright install                                              â•‘
    â•‘                                                                         â•‘
    â•‘ <3 Playwright Team                                                      â•‘
    â•šâ•â•â•â•â•â•â•â•â•â•â•â•â•â•â•â•â•â•â•â•â•â•â•â•â•â•â•â•â•â•â•â•â•â•â•â•â•â•â•â•â•â•â•â•â•â•â•â•â•â•â•â•â•â•â•â•â•â•â•â•â•â•â•â•â•â•â•â•â•â•â•â•â•â•

    attachment #1: trace (application/zip) â”€â”€â”€â”€â”€â”€â”€â”€â”€â”€â”€â”€â”€â”€â”€â”€â”€â”€â”€â”€â”€â”€â”€â”€â”€â”€â”€â”€â”€â”€â”€â”€â”€â”€â”€â”€â”€â”€â”€â”€â”€â”€â”€â”€â”€â”€â”€â”€â”€â”€â”€â”€â”€â”€â”€â”€â”€
>>>>>>> c10fed3e5432c01cfc3035d31d7049d1407e7bed
    test-results\artifacts\playwright-dre-interface-âš¡-841a8-empo-de-carregamento-do-DRE-DRE-Desktop-Safari-retry1\trace.zip
    Usage:

        npx playwright show-trace test-results\artifacts\playwright-dre-interface-âš¡-841a8-empo-de-carregamento-do-DRE-DRE-Desktop-Safari-retry1\trace.zip

    â”€â”€â”€â”€â”€â”€â”€â”€â”€â”€â”€â”€â”€â”€â”€â”€â”€â”€â”€â”€â”€â”€â”€â”€â”€â”€â”€â”€â”€â”€â”€â”€â”€â”€â”€â”€â”€â”€â”€â”€â”€â”€â”€â”€â”€â”€â”€â”€â”€â”€â”€â”€â”€â”€â”€â”€â”€â”€â”€â”€â”€â”€â”€â”€â”€â”€â”€â”€â”€â”€â”€â”€â”€â”€â”€â”€â”€â”€â”€â”€â”€â”€â”€â”€â”€â”€â”€â”€â”€â”€â”€â”€â”€â”€â”€â”€
]]>
</failure>
<system-out>
<![CDATA[
<<<<<<< HEAD
[[ATTACHMENT|artifacts\playwright-dre-interface-âš¡-841a8-empo-de-carregamento-do-DRE-DRE-Desktop-Safari\test-failed-1.png]]

[[ATTACHMENT|artifacts\playwright-dre-interface-âš¡-841a8-empo-de-carregamento-do-DRE-DRE-Desktop-Safari\trace.zip]]

[[ATTACHMENT|artifacts\playwright-dre-interface-âš¡-841a8-empo-de-carregamento-do-DRE-DRE-Desktop-Safari-retry1\test-failed-1.png]]

=======
[[ATTACHMENT|artifacts\playwright-dre-interface-âš¡-841a8-empo-de-carregamento-do-DRE-DRE-Desktop-Safari\trace.zip]]

>>>>>>> c10fed3e5432c01cfc3035d31d7049d1407e7bed
[[ATTACHMENT|artifacts\playwright-dre-interface-âš¡-841a8-empo-de-carregamento-do-DRE-DRE-Desktop-Safari-retry1\trace.zip]]
]]>
</system-out>
</testcase>
</testsuite>
</testsuites>